srun --overcommit -p batch -N 1 -n 200 ./APSP_MPI_sync testcase/v200_e20k.in v200_e20k.out 200
0, 0.674571, 0.263694, 0.055151, 0.263694, 0.066918, 0.025114, 0.004869, 0.000001, 0.216261, 0.006943, 0.079804
16, 0.673982, 0.264878, 0.052321, 0.264878, 0.069745, 0.022159, 0.005007, 0.000001, 0.182947, 0.006301, 0.079865
1, 0.674988, 0.264106, 0.046144, 0.264106, 0.077154, 0.023479, 0.004798, 0.000001, 0.235692, 0.006655, 0.079940
8, 0.674597, 0.263700, 0.057027, 0.263700, 0.065367, 0.024802, 0.004861, 0.000001, 0.220045, 0.007938, 0.079674
9, 0.674863, 0.264100, 0.041150, 0.264100, 0.076087, 0.029427, 0.004828, 0.000001, 0.229745, 0.003127, 0.079842
24, 0.673094, 0.265099, 0.060608, 0.265099, 0.055461, 0.026829, 0.004899, 0.000001, 0.141197, 0.005844, 0.079616
25, 0.673970, 0.265607, 0.048938, 0.265607, 0.072689, 0.021130, 0.005049, 0.000001, 0.168963, 0.007820, 0.079966
32, 0.674733, 0.265315, 0.052749, 0.265315, 0.054669, 0.036686, 0.004842, 0.000001, 0.234446, 0.004429, 0.079461
33, 0.675551, 0.266538, 0.047024, 0.266538, 0.065851, 0.029599, 0.004926, 0.000001, 0.258267, 0.004409, 0.079848
64, 0.673860, 0.269759, 0.056748, 0.269759, 0.054802, 0.022792, 0.004801, 0.000000, 0.173924, 0.003954, 0.079935
66, 0.673638, 0.268920, 0.065447, 0.268920, 0.043077, 0.027274, 0.004985, 0.000001, 0.163527, 0.008418, 0.080119
67, 0.674497, 0.269642, 0.057892, 0.269642, 0.054192, 0.023129, 0.004830, 0.000001, 0.199601, 0.007334, 0.080231
72, 0.674559, 0.270350, 0.050964, 0.270350, 0.065314, 0.017582, 0.004815, 0.000001, 0.199668, 0.005216, 0.080032
96, 0.674298, 0.271966, 0.044858, 0.271966, 0.058895, 0.026614, 0.043822, 0.000002, 0.158905, 0.005600, 0.079704
112, 0.673412, 0.273314, 0.057583, 0.273314, 0.045281, 0.023919, 0.004917, 0.000001, 0.151187, 0.006069, 0.079895
113, 0.674105, 0.273507, 0.051081, 0.273507, 0.057438, 0.018572, 0.005028, 0.000001, 0.179109, 0.007118, 0.079946
2, 0.675568, 0.263837, 0.067045, 0.263837, 0.049245, 0.031603, 0.013959, 0.000001, 0.248376, 0.008000, 0.080209
3, 0.675834, 0.264294, 0.056660, 0.264294, 0.063166, 0.027420, 0.004995, 0.000000, 0.253779, 0.002266, 0.080493
18, 0.674852, 0.264420, 0.046294, 0.264420, 0.066969, 0.032750, 0.004825, 0.000000, 0.223602, 0.005128, 0.080010
40, 0.674434, 0.267031, 0.055097, 0.267031, 0.058903, 0.026373, 0.004903, 0.000001, 0.192202, 0.005483, 0.080244
42, 0.674048, 0.267791, 0.073230, 0.267791, 0.038478, 0.026758, 0.004836, 0.000001, 0.170719, 0.004469, 0.080244
65, 0.674294, 0.270298, 0.046756, 0.270298, 0.063837, 0.023105, 0.004895, 0.000000, 0.176560, 0.005777, 0.080320
73, 0.675088, 0.270737, 0.046310, 0.270737, 0.066809, 0.020495, 0.004809, 0.000001, 0.223602, 0.004272, 0.080331
114, 0.675241, 0.272920, 0.056453, 0.272920, 0.050610, 0.022337, 0.004909, 0.000001, 0.234294, 0.005512, 0.080050
26, 0.674383, 0.265429, 0.080447, 0.265429, 0.030742, 0.032336, 0.005003, 0.000000, 0.180653, 0.008205, 0.080191
41, 0.675813, 0.267519, 0.054477, 0.267519, 0.063780, 0.022519, 0.007035, 0.000001, 0.247577, 0.007225, 0.080557
43, 0.675471, 0.268138, 0.068134, 0.268138, 0.051394, 0.019667, 0.004810, 0.000001, 0.232755, 0.004802, 0.080463
34, 0.675962, 0.266613, 0.062702, 0.266613, 0.058906, 0.021129, 0.007363, 0.000001, 0.247199, 0.006008, 0.080301
97, 0.675899, 0.273083, 0.040331, 0.273083, 0.067992, 0.021410, 0.004823, 0.000001, 0.244621, 0.004740, 0.080429
115, 0.676085, 0.273624, 0.050183, 0.273624, 0.060230, 0.018425, 0.004945, 0.000001, 0.254055, 0.006550, 0.080496
35, 0.676318, 0.267617, 0.058916, 0.267617, 0.060066, 0.022103, 0.007575, 0.000001, 0.249460, 0.006978, 0.080603
10, 0.674488, 0.264874, 0.072422, 0.264874, 0.036578, 0.035739, 0.004826, 0.000000, 0.168096, 0.003637, 0.080804
27, 0.675183, 0.266812, 0.069702, 0.266812, 0.046512, 0.025344, 0.004824, 0.000001, 0.183882, 0.004189, 0.081063
19, 0.676316, 0.266035, 0.053633, 0.266035, 0.068100, 0.022513, 0.006388, 0.000000, 0.241907, 0.007831, 0.080930
11, 0.676258, 0.265863, 0.065625, 0.265863, 0.056173, 0.022733, 0.004843, 0.000001, 0.227609, 0.002719, 0.081407
98, 0.681111, 0.276942, 0.057291, 0.276942, 0.058029, 0.011908, 0.004911, 0.000001, 0.229290, 0.006151, 0.085472
99, 0.681621, 0.278007, 0.058743, 0.278007, 0.056823, 0.010042, 0.004918, 0.000000, 0.249851, 0.008074, 0.085868
74, 0.681280, 0.276158, 0.066967, 0.276158, 0.037927, 0.024069, 0.004797, 0.000000, 0.211837, 0.007666, 0.086189
75, 0.681860, 0.276932, 0.068982, 0.276932, 0.047839, 0.011176, 0.004841, 0.000001, 0.224160, 0.004319, 0.086601
80, 0.680966, 0.277413, 0.059035, 0.277413, 0.055029, 0.012076, 0.004794, 0.000001, 0.149202, 0.006972, 0.087179
81, 0.682204, 0.278004, 0.055092, 0.278004, 0.059551, 0.011554, 0.004832, 0.000001, 0.212008, 0.006316, 0.087261
88, 0.680855, 0.278268, 0.052379, 0.278268, 0.058728, 0.013212, 0.004842, 0.000001, 0.144496, 0.007170, 0.087278
120, 0.682095, 0.281494, 0.060007, 0.281494, 0.050184, 0.008916, 0.005065, 0.000001, 0.207864, 0.007202, 0.087229
17, 0.682855, 0.272985, 0.045416, 0.272985, 0.074683, 0.016785, 0.004848, 0.000001, 0.238704, 0.006406, 0.087840
48, 0.682879, 0.275838, 0.054108, 0.275838, 0.062652, 0.014444, 0.004846, 0.000001, 0.235434, 0.007019, 0.087537
82, 0.682003, 0.277621, 0.052284, 0.277621, 0.053459, 0.021017, 0.004869, 0.000001, 0.201570, 0.006413, 0.087389
83, 0.682700, 0.278189, 0.051517, 0.278189, 0.065214, 0.009592, 0.004821, 0.000000, 0.228292, 0.007280, 0.087488
89, 0.681456, 0.278827, 0.049077, 0.278827, 0.062320, 0.012405, 0.004816, 0.000000, 0.167846, 0.006469, 0.087521
90, 0.681432, 0.278229, 0.078454, 0.278229, 0.023487, 0.023032, 0.004900, 0.000000, 0.174706, 0.008088, 0.087085
122, 0.681787, 0.280754, 0.081081, 0.280754, 0.029965, 0.009234, 0.004836, 0.000001, 0.188951, 0.007145, 0.087238
49, 0.683393, 0.276328, 0.048699, 0.276328, 0.068070, 0.013968, 0.007383, 0.000001, 0.249875, 0.005245, 0.087853
50, 0.683137, 0.275585, 0.059348, 0.275585, 0.059765, 0.012854, 0.004807, 0.000001, 0.237685, 0.007948, 0.087812
56, 0.682341, 0.275746, 0.059022, 0.275746, 0.052325, 0.019502, 0.004844, 0.000001, 0.207023, 0.005023, 0.087227
57, 0.682858, 0.276525, 0.049039, 0.276525, 0.070083, 0.010685, 0.004955, 0.000000, 0.219488, 0.004679, 0.087442
91, 0.681918, 0.278849, 0.072686, 0.278849, 0.041434, 0.010100, 0.004821, 0.000001, 0.171266, 0.005933, 0.087591
123, 0.682293, 0.281314, 0.062996, 0.281314, 0.039727, 0.016942, 0.053677, 0.000002, 0.156148, 0.003172, 0.087557
104, 0.683342, 0.279754, 0.059968, 0.279754, 0.047451, 0.016415, 0.004830, 0.000001, 0.250765, 0.008083, 0.087655
105, 0.683471, 0.280059, 0.050757, 0.280059, 0.059617, 0.012979, 0.006334, 0.000000, 0.246188, 0.007599, 0.087819
106, 0.683080, 0.279529, 0.068892, 0.279529, 0.041144, 0.013986, 0.004815, 0.000001, 0.225666, 0.006437, 0.087511
58, 0.682093, 0.275552, 0.072344, 0.275552, 0.039549, 0.019096, 0.004812, 0.000001, 0.171792, 0.004848, 0.087627
107, 0.683247, 0.279966, 0.069388, 0.279966, 0.043800, 0.010127, 0.004808, 0.000001, 0.226280, 0.007325, 0.087731
121, 0.683117, 0.282430, 0.048591, 0.282430, 0.056579, 0.013086, 0.014964, 0.000001, 0.211814, 0.003829, 0.088140
51, 0.683933, 0.276434, 0.049141, 0.276434, 0.070441, 0.011482, 0.004942, 0.000001, 0.249970, 0.006715, 0.088367
59, 0.683027, 0.276095, 0.071632, 0.276095, 0.044187, 0.015018, 0.004815, 0.000001, 0.203735, 0.005223, 0.088087
128, 0.688212, 0.288300, 0.053754, 0.288300, 0.054659, 0.003199, 0.004828, 0.000001, 0.209274, 0.007397, 0.093475
144, 0.688762, 0.290186, 0.041628, 0.290186, 0.060317, 0.006445, 0.024588, 0.000001, 0.217279, 0.002947, 0.093657
130, 0.687582, 0.288197, 0.058625, 0.288197, 0.040701, 0.011862, 0.013946, 0.000005, 0.172489, 0.003763, 0.093520
136, 0.686976, 0.288614, 0.054001, 0.288614, 0.052531, 0.003217, 0.004813, 0.000000, 0.137859, 0.006823, 0.093259
148, 0.687245, 0.290191, 0.047774, 0.290191, 0.054332, 0.004756, 0.005857, 0.000000, 0.149829, 0.006066, 0.093789
152, 0.688126, 0.290906, 0.041244, 0.290906, 0.065394, -0.000324, 0.004876, 0.000001, 0.194413, 0.006057, 0.093594
156, 0.689102, 0.289934, 0.048825, 0.289934, 0.059476, 0.000932, 0.039302, 0.000001, 0.211118, 0.003899, 0.093596
160, 0.688999, 0.291629, 0.041139, 0.291629, 0.063207, 0.001395, 0.004939, 0.000001, 0.240974, 0.005438, 0.093863
192, 0.687575, 0.293165, 0.041241, 0.293165, 0.060229, -0.000226, 0.009896, 0.000001, 0.166248, 0.006439, 0.093280
193, 0.688148, 0.291893, 0.045411, 0.291893, 0.054196, 0.004754, 0.004828, 0.000001, 0.203473, 0.004451, 0.093331
196, 0.688282, 0.293298, 0.052543, 0.293298, 0.053429, -0.004286, 0.004857, 0.000001, 0.205713, 0.006713, 0.093271
129, 0.688621, 0.288753, 0.043538, 0.288753, 0.066205, 0.001372, 0.004863, 0.000001, 0.212758, 0.005552, 0.093840
145, 0.688785, 0.289879, 0.053115, 0.289879, 0.053772, 0.002139, 0.004868, 0.000001, 0.218528, 0.005516, 0.093977
153, 0.688829, 0.289843, 0.051992, 0.289843, 0.055359, 0.001792, 0.004914, 0.000001, 0.223883, 0.005987, 0.093406
157, 0.688683, 0.290358, 0.058690, 0.290358, 0.042620, 0.006657, 0.004953, 0.000001, 0.224513, 0.003237, 0.093543
164, 0.687467, 0.291529, 0.044961, 0.291529, 0.060716, -0.001268, 0.017373, 0.000001, 0.139509, 0.004528, 0.093783
168, 0.687294, 0.291856, 0.050290, 0.291856, 0.055324, -0.002033, 0.019829, 0.000001, 0.128861, 0.006795, 0.093783
169, 0.687454, 0.291256, 0.048649, 0.291256, 0.057774, -0.001481, 0.004812, 0.000001, 0.150558, 0.007410, 0.093969
172, 0.688492, 0.292250, 0.045552, 0.292250, 0.057517, 0.000923, 0.083933, 0.000001, 0.125821, 0.003241, 0.094033
176, 0.688186, 0.292232, 0.038709, 0.292232, 0.069772, -0.004759, 0.009911, 0.000001, 0.173632, 0.004741, 0.093804
184, 0.688832, 0.292782, 0.039540, 0.292782, 0.066441, -0.002713, 0.004841, 0.000001, 0.216743, 0.006909, 0.093382
197, 0.687910, 0.292804, 0.063538, 0.292804, 0.040319, -0.001555, 0.010858, 0.000001, 0.162676, 0.003028, 0.093423
137, 0.688465, 0.289683, 0.049723, 0.289683, 0.054780, 0.004597, 0.004826, 0.000001, 0.193275, 0.004137, 0.094001
138, 0.688666, 0.288747, 0.071867, 0.288747, 0.037488, 0.001817, 0.005064, 0.000001, 0.197145, 0.005412, 0.093775
149, 0.687596, 0.289476, 0.072910, 0.289476, 0.030756, 0.004979, 0.004832, 0.000000, 0.154966, 0.007376, 0.093668
165, 0.688721, 0.290588, 0.064949, 0.290588, 0.040854, 0.001743, 0.005055, 0.000001, 0.198702, 0.006172, 0.094195
177, 0.688733, 0.291281, 0.049009, 0.291281, 0.053836, 0.003325, 0.004915, 0.000001, 0.212235, 0.005487, 0.093754
180, 0.687828, 0.292353, 0.040734, 0.292353, 0.055860, 0.006527, 0.005068, 0.000001, 0.172413, 0.002986, 0.093900
185, 0.689248, 0.291941, 0.049143, 0.291941, 0.052974, 0.003250, 0.004834, 0.000000, 0.240423, 0.007535, 0.093650
188, 0.688411, 0.292629, 0.050431, 0.292629, 0.056183, -0.003462, 0.004929, 0.000001, 0.181184, 0.007198, 0.093732
189, 0.688950, 0.292243, 0.056842, 0.292243, 0.042062, 0.005559, 0.004824, 0.000001, 0.220276, 0.005149, 0.093853
139, 0.688992, 0.289788, 0.066711, 0.289788, 0.044256, -0.001550, 0.004812, 0.000001, 0.205764, 0.005074, 0.094172
173, 0.688207, 0.291251, 0.058666, 0.291251, 0.041308, 0.005731, 0.004924, 0.000001, 0.172175, 0.004495, 0.094081
181, 0.688173, 0.292006, 0.062411, 0.292006, 0.041382, 0.000369, 0.004834, 0.000000, 0.165698, 0.006154, 0.093900
4, 0.710421, 0.299929, 0.037423, 0.299929, 0.074073, -0.000934, 0.005045, 0.000001, 0.153122, 0.006024, 0.116999
5, 0.712584, 0.301416, 0.051830, 0.301416, 0.069743, -0.011822, 0.004858, 0.000001, 0.188806, 0.008708, 0.118395
6, 0.712352, 0.302525, 0.056857, 0.302525, 0.057311, -0.006866, 0.004877, 0.000001, 0.245620, 0.004401, 0.117193
7, 0.712488, 0.302705, 0.052193, 0.302705, 0.065308, -0.010422, 0.005015, 0.000001, 0.246629, 0.004907, 0.117268
12, 0.709146, 0.300077, 0.054495, 0.300077, 0.057934, -0.003437, 0.004816, 0.000001, 0.131808, 0.006309, 0.116055
13, 0.710870, 0.302030, 0.056110, 0.302030, 0.067373, -0.016673, 0.004849, 0.000000, 0.125605, 0.006328, 0.117804
14, 0.710617, 0.301990, 0.064328, 0.301990, 0.054430, -0.012121, 0.051341, 0.000001, 0.139350, 0.004394, 0.116473
15, 0.711053, 0.302258, 0.057884, 0.302258, 0.058240, -0.009588, 0.004843, 0.000001, 0.209260, 0.006471, 0.116604
20, 0.709519, 0.301008, 0.060722, 0.301008, 0.052549, -0.005768, 0.004819, 0.000000, 0.142870, 0.007168, 0.116228
21, 0.710066, 0.301501, 0.055400, 0.301501, 0.065559, -0.013896, 0.004805, 0.000001, 0.136951, 0.007347, 0.116749
22, 0.709935, 0.303163, 0.057097, 0.303163, 0.054318, -0.007805, 0.004930, 0.000001, 0.148165, 0.004975, 0.116706
23, 0.711536, 0.303815, 0.054447, 0.303815, 0.061766, -0.012307, 0.004829, 0.000001, 0.209307, 0.005350, 0.117141
28, 0.709713, 0.302718, 0.060260, 0.302718, 0.061185, -0.017168, 0.004797, 0.000000, 0.133690, 0.005413, 0.116407
29, 0.710136, 0.302972, 0.052986, 0.302972, 0.065950, -0.014743, 0.004937, 0.000001, 0.156848, 0.007303, 0.116436
30, 0.710538, 0.303433, 0.067946, 0.303433, 0.043064, -0.007338, 0.004816, 0.000000, 0.171553, 0.005434, 0.116751
31, 0.710772, 0.303734, 0.060480, 0.303734, 0.059209, -0.016386, 0.004823, 0.000001, 0.169658, 0.007135, 0.116846
36, 0.710501, 0.302384, 0.056791, 0.302384, 0.063877, -0.014936, 0.004817, 0.000000, 0.156388, 0.007216, 0.116161
37, 0.711695, 0.303207, 0.051031, 0.303207, 0.070589, -0.016339, 0.004806, 0.000000, 0.188653, 0.004969, 0.116844
38, 0.712287, 0.304930, 0.055856, 0.304930, 0.060436, -0.013866, 0.011438, 0.000000, 0.239135, 0.003160, 0.116644
39, 0.712829, 0.305919, 0.053062, 0.305919, 0.066168, -0.018238, 0.014101, 0.000001, 0.240864, 0.002873, 0.117059
44, 0.710050, 0.303002, 0.062571, 0.303002, 0.054132, -0.012657, 0.004876, 0.000000, 0.177325, 0.007016, 0.115503
45, 0.710167, 0.303823, 0.059586, 0.303823, 0.059480, -0.016545, 0.004828, 0.000001, 0.178105, 0.005306, 0.116110
46, 0.710811, 0.305054, 0.062301, 0.305054, 0.047681, -0.009279, 0.004813, 0.000001, 0.218435, 0.005300, 0.116127
47, 0.711537, 0.305886, 0.059134, 0.305886, 0.053996, -0.013364, 0.004882, 0.000001, 0.218758, 0.004215, 0.116863
52, 0.710090, 0.304201, 0.057306, 0.304201, 0.052266, -0.007884, 0.012838, 0.000001, 0.137227, 0.005278, 0.116197
53, 0.711092, 0.304600, 0.057952, 0.304600, 0.059958, -0.016019, 0.009872, 0.000001, 0.174178, 0.006608, 0.116366
54, 0.711615, 0.306191, 0.059701, 0.306191, 0.047361, -0.007829, 0.004801, 0.000001, 0.219792, 0.004909, 0.116393
55, 0.713654, 0.307858, 0.058493, 0.307858, 0.059511, -0.020066, 0.014001, 0.000001, 0.240670, 0.004164, 0.117749
60, 0.709597, 0.304338, 0.062285, 0.304338, 0.055239, -0.016603, 0.004965, 0.000001, 0.139295, 0.004863, 0.115761
61, 0.710754, 0.305235, 0.058238, 0.305235, 0.053285, -0.011239, 0.004799, 0.000001, 0.169333, 0.006829, 0.116477
62, 0.709667, 0.306064, 0.063367, 0.306064, 0.045633, -0.011461, 0.004861, 0.000001, 0.135757, 0.005644, 0.116093
63, 0.710740, 0.306351, 0.061671, 0.306351, 0.053975, -0.017608, 0.004922, 0.000001, 0.175732, 0.003789, 0.116228
68, 0.711272, 0.306674, 0.064188, 0.306674, 0.047462, -0.013726, 0.008944, 0.000000, 0.148496, 0.005558, 0.117827
69, 0.712831, 0.308199, 0.053702, 0.308199, 0.063507, -0.020777, 0.019416, 0.000001, 0.138559, 0.003857, 0.119272
70, 0.712970, 0.308741, 0.043491, 0.308741, 0.064027, -0.012030, 0.004894, 0.000000, 0.241780, 0.005803, 0.117914
71, 0.713939, 0.309788, 0.050357, 0.309788, 0.058379, -0.014374, 0.004838, 0.000001, 0.250098, 0.002147, 0.118764
76, 0.710400, 0.307631, 0.065677, 0.307631, 0.040963, -0.011503, 0.004808, 0.000001, 0.136400, 0.005700, 0.117395
77, 0.710406, 0.307799, 0.055904, 0.307799, 0.049476, -0.010571, 0.008984, 0.000000, 0.129596, 0.005781, 0.117450
78, 0.711160, 0.308849, 0.063833, 0.308849, 0.050288, -0.020659, 0.021674, 0.000001, 0.140030, 0.006696, 0.117621
79, 0.712048, 0.309512, 0.060094, 0.309512, 0.049229, -0.016300, 0.004853, 0.000001, 0.199850, 0.006395, 0.117807
84, 0.710215, 0.307258, 0.053963, 0.307258, 0.059010, -0.017273, 0.004820, 0.000000, 0.124632, 0.008641, 0.117105
85, 0.711302, 0.308286, 0.046341, 0.308286, 0.070114, -0.021726, 0.004850, 0.000001, 0.135835, 0.005269, 0.117811
86, 0.710685, 0.309522, 0.050188, 0.309522, 0.057693, -0.016240, 0.011420, 0.000000, 0.132773, 0.004956, 0.117244
87, 0.712051, 0.310158, 0.052124, 0.310158, 0.056509, -0.016899, 0.004895, 0.000001, 0.197152, 0.005602, 0.117476
92, 0.709812, 0.308960, 0.049657, 0.308960, 0.054359, -0.012124, 0.005064, 0.000001, 0.126334, 0.005447, 0.116825
93, 0.710508, 0.309398, 0.056736, 0.309398, 0.057405, -0.022429, 0.009929, 0.000001, 0.126097, 0.004552, 0.117057
94, 0.710115, 0.309365, 0.063283, 0.309365, 0.045414, -0.017313, 0.004820, 0.000001, 0.128268, 0.004727, 0.116916
95, 0.710686, 0.310090, 0.060816, 0.310090, 0.050589, -0.020900, 0.009980, 0.000001, 0.128497, 0.004606, 0.117395
100, 0.711084, 0.308996, 0.051145, 0.308996, 0.056058, -0.014112, 0.004811, 0.000001, 0.156570, 0.005661, 0.117263
101, 0.711723, 0.309701, 0.051658, 0.309701, 0.059244, -0.018581, 0.004869, 0.000001, 0.182183, 0.006625, 0.117415
102, 0.712584, 0.310758, 0.058842, 0.310758, 0.043977, -0.011751, 0.009835, 0.000001, 0.220475, 0.004033, 0.117517
103, 0.712800, 0.311248, 0.053794, 0.311248, 0.056003, -0.019492, 0.019678, 0.000001, 0.213206, 0.005303, 0.117616
108, 0.709212, 0.308403, 0.051006, 0.308403, 0.063567, -0.022167, 0.004803, 0.000001, 0.120154, 0.007018, 0.115742
109, 0.709554, 0.309171, 0.056101, 0.309171, 0.054508, -0.019398, 0.004816, 0.000000, 0.125179, 0.006165, 0.116308
110, 0.711203, 0.310625, 0.066740, 0.310625, 0.044327, -0.021114, 0.004838, 0.000001, 0.188397, 0.004246, 0.116556
111, 0.711461, 0.310869, 0.060844, 0.310869, 0.052081, -0.023203, 0.004821, 0.000001, 0.191600, 0.004241, 0.116706
116, 0.710076, 0.309096, 0.061048, 0.309096, 0.046649, -0.015813, 0.004821, 0.000001, 0.147212, 0.006921, 0.116298
117, 0.711133, 0.310457, 0.054647, 0.310457, 0.058457, -0.022886, 0.004933, 0.000000, 0.160175, 0.007007, 0.117376
118, 0.710841, 0.311454, 0.048166, 0.311454, 0.055812, -0.016046, 0.004829, 0.000001, 0.186462, 0.004368, 0.116505
119, 0.712049, 0.312067, 0.054276, 0.312067, 0.057776, -0.024137, 0.004875, 0.000001, 0.233221, 0.005966, 0.116852
124, 0.709921, 0.311202, 0.064874, 0.311202, 0.047775, -0.025131, 0.004804, 0.000001, 0.120177, 0.007139, 0.116823
125, 0.710270, 0.311623, 0.057645, 0.311623, 0.050754, -0.021375, 0.004981, 0.000001, 0.130268, 0.005487, 0.117126
126, 0.711174, 0.312057, 0.064445, 0.312057, 0.039795, -0.017179, 0.004826, 0.000000, 0.177016, 0.007149, 0.117051
127, 0.711182, 0.312273, 0.059865, 0.312273, 0.047181, -0.020410, 0.004815, 0.000000, 0.174208, 0.004495, 0.117095
131, 0.692411, 0.291782, 0.059094, 0.291782, 0.048948, 0.000805, 0.004953, 0.000001, 0.247186, 0.004757, 0.097043
132, 0.709851, 0.310583, 0.048094, 0.310583, 0.055360, -0.014768, 0.004907, 0.000001, 0.137900, 0.008096, 0.116501
133, 0.711830, 0.312574, 0.048931, 0.312574, 0.059231, -0.021480, 0.004815, 0.000001, 0.144245, 0.006653, 0.118301
134, 0.711936, 0.313096, 0.065117, 0.313096, 0.046043, -0.025416, 0.004944, 0.000000, 0.213034, 0.005682, 0.117249
135, 0.711830, 0.313290, 0.052537, 0.313290, 0.049528, -0.016815, 0.004815, 0.000000, 0.227750, 0.002701, 0.117123
140, 0.708862, 0.311106, 0.053362, 0.311106, 0.052420, -0.019131, 0.004812, 0.000000, 0.126443, 0.005399, 0.115851
141, 0.710163, 0.312634, 0.050666, 0.312634, 0.052274, -0.018044, 0.004861, 0.000000, 0.134698, 0.005866, 0.117054
142, 0.709391, 0.312810, 0.062324, 0.312810, 0.046573, -0.025127, 0.019734, 0.000001, 0.117164, 0.004472, 0.116012
143, 0.710562, 0.313496, 0.058218, 0.313496, 0.045688, -0.020335, 0.004850, 0.000001, 0.169531, 0.005256, 0.116626
146, 0.708959, 0.311862, 0.053471, 0.311862, 0.057689, -0.025924, 0.004867, 0.000001, 0.121138, 0.004666, 0.116102
147, 0.710177, 0.313459, 0.059373, 0.313459, 0.048802, -0.024917, 0.004878, 0.000001, 0.179625, 0.006090, 0.116033
150, 0.708997, 0.312022, 0.057170, 0.312022, 0.048381, -0.020597, 0.005017, 0.000001, 0.133368, 0.006608, 0.115672
151, 0.709580, 0.313219, 0.049367, 0.313219, 0.053570, -0.019794, 0.004810, 0.000000, 0.153960, 0.003525, 0.116034
154, 0.710267, 0.312106, 0.049282, 0.312106, 0.056898, -0.020125, 0.044348, 0.000001, 0.139765, 0.004723, 0.115765
155, 0.711912, 0.314563, 0.047063, 0.314563, 0.059879, -0.024156, 0.004963, 0.000000, 0.252392, 0.003182, 0.116267
158, 0.708953, 0.312898, 0.050238, 0.312898, 0.053064, -0.020145, 0.004871, 0.000001, 0.133822, 0.005406, 0.115781
159, 0.710365, 0.314089, 0.056028, 0.314089, 0.044381, -0.018222, 0.004849, 0.000001, 0.194678, 0.005975, 0.115895
161, 0.691847, 0.293787, 0.045792, 0.293787, 0.058203, 0.000278, 0.004820, 0.000001, 0.225454, 0.005643, 0.096947
162, 0.709551, 0.312968, 0.053041, 0.312968, 0.053841, -0.023268, 0.004809, 0.000001, 0.150030, 0.005569, 0.115846
163, 0.711278, 0.315078, 0.052225, 0.315078, 0.053815, -0.024918, 0.004820, 0.000001, 0.230554, 0.003590, 0.116300
166, 0.709339, 0.312285, 0.053828, 0.312285, 0.055824, -0.024882, 0.004931, 0.000001, 0.147046, 0.005174, 0.115552
167, 0.709542, 0.314121, 0.057643, 0.314121, 0.043232, -0.019574, 0.004849, 0.000000, 0.160070, 0.004608, 0.115842
170, 0.710525, 0.313971, 0.049813, 0.313971, 0.059945, -0.027174, 0.004810, 0.000001, 0.138654, 0.005483, 0.117112
171, 0.712406, 0.316264, 0.050448, 0.316264, 0.053031, -0.023601, 0.004853, 0.000001, 0.237740, 0.004302, 0.117198
174, 0.709488, 0.314322, 0.051349, 0.314322, 0.054584, -0.025089, 0.004814, 0.000001, 0.129638, 0.006234, 0.116445
175, 0.710630, 0.315397, 0.058167, 0.315397, 0.046345, -0.024675, 0.004916, 0.000001, 0.180679, 0.006440, 0.116501
178, 0.709402, 0.313529, 0.047339, 0.313529, 0.060365, -0.025360, 0.006507, 0.000001, 0.128770, 0.007038, 0.115610
179, 0.710771, 0.315804, 0.047515, 0.315804, 0.056081, -0.024432, 0.004890, 0.000001, 0.190221, 0.006429, 0.116242
182, 0.709415, 0.315034, 0.052455, 0.315034, 0.053430, -0.026537, 0.004818, 0.000001, 0.120030, 0.007240, 0.116329
183, 0.709985, 0.316300, 0.050932, 0.316300, 0.056967, -0.030514, 0.006839, 0.000000, 0.116216, 0.006005, 0.116925
186, 0.710270, 0.314314, 0.049844, 0.314314, 0.049341, -0.017542, 0.004806, 0.000001, 0.175301, 0.004329, 0.115646
187, 0.711327, 0.316073, 0.050377, 0.316073, 0.056054, -0.027250, 0.004836, 0.000001, 0.215183, 0.004858, 0.115979
190, 0.708800, 0.314567, 0.052209, 0.314567, 0.046900, -0.019444, 0.004829, 0.000001, 0.129456, 0.003483, 0.115429
191, 0.710446, 0.315919, 0.051739, 0.315919, 0.046350, -0.019480, 0.004848, 0.000001, 0.187419, 0.004978, 0.115865
194, 0.710063, 0.315412, 0.050182, 0.315412, 0.051227, -0.022169, 0.004806, 0.000001, 0.160566, 0.006386, 0.116056
195, 0.710575, 0.317264, 0.044203, 0.317264, 0.059863, -0.028019, 0.004804, 0.000000, 0.170586, 0.003192, 0.116158
198, 0.709199, 0.315504, 0.052364, 0.315504, 0.054442, -0.028614, 0.013896, 0.000001, 0.118126, 0.003015, 0.115775
199, 0.709988, 0.316469, 0.055444, 0.316469, 0.049386, -0.027781, 0.004821, 0.000001, 0.154295, 0.007193, 0.115909
srun --overcommit -p batch -N 2 -n 200 ./APSP_MPI_sync testcase/v200_e20k.in v200_e20k.out 200
104, 8.861327, 0.263323, 0.069715, 0.263323, 0.152110, 8.112856, 0.021810, 0.000001, 8.268538, 0.016189, 0.060133
3, 8.862075, 0.238580, 0.092364, 0.238580, 0.394029, 7.898523, 0.028002, 0.000001, 8.024331, 0.015700, 0.060018
134, 8.862232, 0.265826, 0.080798, 0.265826, 0.227899, 8.021884, 0.004927, 0.000000, 8.237523, 0.008573, 0.060054
164, 8.861323, 0.264192, 0.069650, 0.264192, 0.179962, 8.083328, 0.010037, 0.000000, 8.258320, 0.012099, 0.059873
8, 8.861187, 0.261509, 0.108160, 0.261509, 0.213892, 8.016117, 0.020981, 0.000000, 8.154455, 0.016336, 0.060036
165, 8.862274, 0.266729, 0.088056, 0.266729, 0.147680, 8.093081, 0.004830, 0.000001, 8.310279, 0.008492, 0.059882
16, 8.861104, 0.261267, 0.141431, 0.261267, 0.237305, 7.959834, 0.006725, 0.000001, 8.144317, 0.016426, 0.060178
167, 8.862331, 0.266555, 0.101536, 0.266555, 0.966081, 7.261603, 0.004814, 0.000001, 7.473569, 0.009408, 0.059904
20, 8.860856, 0.261927, 0.115871, 0.261927, 0.124810, 8.096323, 0.007107, 0.000001, 8.340491, 0.015655, 0.060079
168, 8.860887, 0.263967, 0.099801, 0.263967, 0.134641, 8.098512, 0.004905, 0.000000, 8.339041, 0.007373, 0.059804
184, 8.860574, 0.264385, 0.078742, 0.264385, 0.607125, 7.645936, 0.128645, 0.000001, 7.706504, 0.010552, 0.059952
22, 8.862358, 0.264095, 0.116934, 0.264095, 0.134722, 8.082513, 0.005012, 0.000001, 8.311273, 0.013963, 0.059966
23, 8.862367, 0.264209, 0.119598, 0.264209, 0.211869, 8.002481, 0.004844, 0.000000, 8.236108, 0.013877, 0.059979
103, 8.862273, 0.266353, 0.069143, 0.266353, 0.443300, 7.817124, 0.004811, 0.000001, 8.024513, 0.011401, 0.060396
64, 8.860870, 0.262682, 0.125304, 0.262682, 0.177803, 8.032399, 0.007393, 0.000001, 8.277192, 0.015138, 0.060202
105, 8.861574, 0.263674, 0.061650, 0.263674, 0.234333, 8.038244, 0.021065, 0.000001, 8.201015, 0.012870, 0.060411
68, 8.860860, 0.262511, 0.123925, 0.262511, 0.172481, 8.039432, 0.007313, 0.000001, 8.284140, 0.016569, 0.060143
106, 8.862073, 0.262975, 0.080494, 0.262975, 0.169252, 8.086376, 0.004818, 0.000001, 8.290839, 0.016509, 0.060323
1, 8.861154, 0.238002, 0.129075, 0.238002, 0.195220, 8.060856, 0.015686, 0.000000, 8.209162, 0.016521, 0.060148
4, 8.861233, 0.238197, 0.128031, 0.238197, 0.298308, 7.958500, 0.005805, 0.000000, 8.115789, 0.016350, 0.060083
107, 8.862068, 0.263380, 0.079992, 0.263380, 0.244573, 8.010743, 0.015256, 0.000001, 8.201014, 0.016668, 0.060387
109, 8.860720, 0.263195, 0.060169, 0.263195, 0.184734, 8.089427, 0.004938, 0.000001, 8.324115, 0.013451, 0.060147
5, 8.861487, 0.238312, 0.127719, 0.238312, 0.195370, 8.061774, 0.034547, 0.000001, 8.155305, 0.015934, 0.060182
110, 8.861732, 0.265884, 0.067127, 0.265884, 0.136390, 8.126447, 0.006206, 0.000001, 8.320659, 0.011047, 0.060172
111, 8.862015, 0.266660, 0.060278, 0.266660, 0.219555, 8.048861, 0.018936, 0.000001, 8.233176, 0.006875, 0.060432
7, 8.862496, 0.263667, 0.110325, 0.263667, 0.325898, 7.898938, 0.019727, 0.000001, 8.111600, 0.014290, 0.060158
9, 8.861616, 0.261672, 0.105466, 0.261672, 0.309648, 7.923159, 0.012845, 0.000000, 8.117598, 0.016298, 0.060163
112, 8.861260, 0.263393, 0.079695, 0.263393, 0.121917, 8.132862, 0.014436, 0.000001, 8.297692, 0.016562, 0.060469
21, 8.861465, 0.261994, 0.114865, 0.261994, 0.283818, 7.938794, 0.035101, 0.000001, 8.079337, 0.016265, 0.060227
135, 8.862542, 0.266084, 0.085211, 0.266084, 0.333716, 7.911446, 0.004949, 0.000000, 8.128051, 0.010364, 0.060262
24, 8.861504, 0.261232, 0.118709, 0.261232, 0.189641, 8.030692, 0.028513, 0.000001, 8.216656, 0.016129, 0.060234
25, 8.861606, 0.262250, 0.116119, 0.262250, 0.254194, 7.966792, 0.014238, 0.000001, 8.165387, 0.015999, 0.060336
151, 8.862569, 0.266983, 0.084490, 0.266983, 0.177995, 8.066118, 0.005255, 0.000000, 8.295038, 0.006721, 0.060190
152, 8.860880, 0.263834, 0.084670, 0.263834, 0.817147, 7.431395, 0.039877, 0.000001, 7.613106, 0.006707, 0.060074
26, 8.862530, 0.264829, 0.104008, 0.264829, 0.136841, 8.092024, 0.016834, 0.000000, 8.268629, 0.013622, 0.060310
156, 8.861721, 0.264138, 0.076989, 0.264138, 0.438319, 7.818136, 0.010327, 0.000000, 7.989380, 0.008211, 0.060112
27, 8.862613, 0.265065, 0.105218, 0.265065, 0.218619, 8.008646, 0.005747, 0.000001, 8.256083, 0.013526, 0.060399
166, 8.861383, 0.263949, 0.066907, 0.263949, 0.220776, 8.045803, 0.020349, 0.000001, 8.222978, 0.011043, 0.059909
118, 8.862584, 0.266778, 0.066507, 0.266778, 0.133505, 8.129016, 0.004867, 0.000000, 8.332872, 0.010092, 0.060605
67, 8.862296, 0.263522, 0.091588, 0.263522, 0.278222, 7.965442, 0.029175, 0.000001, 8.157839, 0.015620, 0.060465
124, 8.861573, 0.263940, 0.062194, 0.263940, 0.135968, 8.135531, 0.008834, 0.000001, 8.291764, 0.014602, 0.060552
160, 8.861550, 0.264017, 0.085641, 0.264017, 0.245377, 8.002499, 0.012243, 0.000001, 8.166357, 0.010961, 0.060258
169, 8.862231, 0.264911, 0.099633, 0.264911, 0.150621, 8.082156, 0.016817, 0.000001, 8.275611, 0.007742, 0.060148
181, 8.862829, 0.267652, 0.094734, 0.267652, 0.378044, 7.854747, 0.004953, 0.000000, 8.101804, 0.008891, 0.060224
69, 8.861150, 0.262533, 0.116048, 0.262533, 0.289217, 7.930819, 0.004873, 0.000001, 8.119073, 0.013857, 0.060293
70, 8.862426, 0.265124, 0.114953, 0.265124, 0.244105, 7.973120, 0.025269, 0.000001, 8.170978, 0.013884, 0.060429
72, 8.861020, 0.262758, 0.101530, 0.262758, 0.199962, 8.034012, 0.010800, 0.000000, 8.207973, 0.015165, 0.060163
188, 8.861477, 0.264855, 0.067500, 0.264855, 0.562366, 7.701901, 0.017482, 0.000000, 7.858119, 0.010161, 0.060274
73, 8.861321, 0.262860, 0.101181, 0.262860, 0.332494, 7.901927, 0.016595, 0.000000, 8.066091, 0.015801, 0.060286
190, 8.861056, 0.264851, 0.052986, 0.264851, 0.198010, 8.080358, 0.004934, 0.000001, 8.315483, 0.013556, 0.060297
74, 8.861896, 0.263194, 0.099561, 0.263194, 0.208556, 8.027391, 0.013726, 0.000001, 8.234180, 0.014746, 0.060291
191, 8.862123, 0.267796, 0.061552, 0.267796, 0.306939, 7.958040, 0.009716, 0.000001, 8.161124, 0.008193, 0.060360
75, 8.861963, 0.263357, 0.100372, 0.263357, 0.439372, 7.795505, 0.016453, 0.000001, 7.996760, 0.014861, 0.060352
192, 8.861416, 0.264718, 0.075774, 0.264718, 0.167335, 8.088870, 0.005026, 0.000001, 8.330908, 0.015744, 0.060409
2, 8.862215, 0.238763, 0.094623, 0.238763, 0.190372, 8.099694, 0.035855, 0.000001, 8.264765, 0.015885, 0.060288
113, 8.861655, 0.263815, 0.081177, 0.263815, 0.115838, 8.137010, 0.017792, 0.000001, 8.303848, 0.016694, 0.060755
6, 8.862712, 0.263894, 0.111876, 0.263894, 0.179354, 8.043693, 0.004821, 0.000001, 8.214032, 0.014305, 0.060376
132, 8.861420, 0.264218, 0.104283, 0.264218, 0.149010, 8.079691, 0.004859, 0.000001, 8.316456, 0.015711, 0.060642
12, 8.861090, 0.261859, 0.094017, 0.261859, 0.198828, 8.044528, 0.005705, 0.000001, 8.290137, 0.015591, 0.060223
140, 8.861254, 0.263777, 0.063636, 0.263777, 0.199991, 8.070073, 0.009837, 0.000001, 8.297842, 0.010414, 0.060538
141, 8.861545, 0.264419, 0.064268, 0.264419, 0.494841, 7.773598, 0.023243, 0.000001, 7.910001, 0.014755, 0.060613
182, 8.861967, 0.264686, 0.073994, 0.264686, 0.170596, 8.088005, 0.020356, 0.000000, 8.258085, 0.010686, 0.060256
13, 8.861323, 0.261813, 0.090381, 0.261813, 0.498744, 7.748573, 0.004877, 0.000001, 7.931655, 0.016349, 0.060280
186, 8.861735, 0.263583, 0.069678, 0.263583, 0.199701, 8.065191, 0.010368, 0.000000, 8.214735, 0.011456, 0.060457
14, 8.862309, 0.264104, 0.097018, 0.264104, 0.234937, 8.002145, 0.004811, 0.000001, 8.225781, 0.012762, 0.060332
189, 8.862407, 0.264762, 0.079769, 0.264762, 0.620619, 7.632495, 0.009760, 0.000001, 7.833054, 0.010291, 0.060505
18, 8.862152, 0.262908, 0.112188, 0.262908, 0.137643, 8.086506, 0.021354, 0.000001, 8.286433, 0.014503, 0.060567
158, 8.861354, 0.264574, 0.070970, 0.264574, 0.175930, 8.085307, 0.009833, 0.000001, 8.319004, 0.016078, 0.060409
19, 8.862527, 0.263169, 0.113665, 0.263169, 0.300440, 7.922084, 0.004811, 0.000001, 8.149609, 0.015300, 0.060685
28, 8.861629, 0.261928, 0.095279, 0.261928, 0.238726, 8.003769, 0.046940, 0.000000, 8.140554, 0.015649, 0.060166
32, 8.860671, 0.262067, 0.129440, 0.262067, 0.179048, 8.028049, 0.005298, 0.000001, 8.260504, 0.016490, 0.060190
159, 8.862604, 0.267292, 0.106379, 0.267292, 0.105008, 8.116634, 0.012893, 0.000001, 8.301299, 0.003717, 0.060354
40, 8.861584, 0.262531, 0.107722, 0.262531, 0.200310, 8.028490, 0.029859, 0.000001, 8.166778, 0.016232, 0.060313
161, 8.862382, 0.265347, 0.101794, 0.265347, 0.095132, 8.134763, 0.016781, 0.000000, 8.320511, 0.015596, 0.060489
42, 8.862288, 0.262526, 0.123948, 0.262526, 0.185907, 8.027382, 0.027126, 0.000002, 8.224959, 0.015227, 0.060594
194, 8.861743, 0.264463, 0.064059, 0.264463, 0.701001, 7.567757, 0.007656, 0.000001, 7.729542, 0.011035, 0.060596
48, 8.861137, 0.262295, 0.126329, 0.262295, 0.111929, 8.098289, 0.007167, 0.000001, 8.342833, 0.016477, 0.060360
196, 8.861953, 0.265235, 0.068552, 0.265235, 0.147827, 8.115103, 0.005955, 0.000000, 8.293321, 0.015022, 0.060622
197, 8.863032, 0.268153, 0.059367, 0.268153, 0.342613, 7.924747, 0.004916, 0.000000, 8.167012, 0.004770, 0.060640
56, 8.861410, 0.262907, 0.102345, 0.262907, 0.201785, 8.031467, 0.010782, 0.000001, 8.205321, 0.015961, 0.060458
101, 8.862040, 0.261921, 0.072381, 0.261921, 0.132763, 8.133053, 0.023526, 0.000001, 8.259845, 0.011687, 0.060885
57, 8.861725, 0.262934, 0.099784, 0.262934, 0.355380, 7.880694, 0.030183, 0.000001, 8.023197, 0.016246, 0.060486
60, 8.861726, 0.262500, 0.097857, 0.262500, 0.145139, 8.093731, 0.044282, 0.000001, 8.237783, 0.015232, 0.060425
120, 8.862032, 0.264293, 0.064251, 0.264293, 0.157140, 8.112055, 0.012583, 0.000000, 8.276386, 0.010584, 0.061005
61, 8.861882, 0.262722, 0.097701, 0.262722, 0.333764, 7.904974, 0.004860, 0.000000, 8.095967, 0.016212, 0.060469
128, 8.861819, 0.264232, 0.085361, 0.264232, 0.109961, 8.138034, 0.004960, 0.000000, 8.383076, 0.016729, 0.060886
142, 8.863162, 0.266872, 0.080671, 0.266872, 0.190740, 8.058006, 0.004809, 0.000001, 8.278748, 0.007667, 0.060862
66, 8.862319, 0.263459, 0.092455, 0.263459, 0.195670, 8.047276, 0.004856, 0.000001, 8.270221, 0.015677, 0.060482
149, 8.863205, 0.267328, 0.097695, 0.267328, 0.574763, 7.656091, 0.004854, 0.000001, 7.896012, 0.009287, 0.060846
96, 8.860981, 0.263346, 0.125090, 0.263346, 0.184460, 8.024740, 0.005311, 0.000000, 8.259085, 0.015937, 0.060486
172, 8.861722, 0.264813, 0.080601, 0.264813, 0.774610, 7.476885, 0.004931, 0.000000, 7.720572, 0.008516, 0.060484
0, 8.861548, 0.237698, 0.131389, 0.237698, 0.185476, 8.069286, 0.004900, 0.000001, 8.230637, 0.017137, 0.060563
173, 8.862421, 0.265259, 0.075948, 0.265259, 0.276233, 7.979722, 0.004814, 0.000000, 8.186552, 0.007686, 0.060571
10, 8.861908, 0.261528, 0.100161, 0.261528, 0.095452, 8.143240, 0.024260, 0.000001, 8.334794, 0.015169, 0.060023
122, 8.862996, 0.267093, 0.061420, 0.267093, 0.137305, 8.130085, 0.004840, 0.000000, 8.343474, 0.009775, 0.061020
144, 8.861972, 0.264366, 0.090375, 0.264366, 0.387671, 7.855194, 0.009138, 0.000001, 8.017809, 0.009717, 0.061024
157, 8.862825, 0.264465, 0.089856, 0.264465, 0.205268, 8.038771, 0.024828, 0.000001, 8.222699, 0.011519, 0.060785
11, 8.862619, 0.262508, 0.094605, 0.262508, 0.279047, 7.963952, 0.027333, 0.000000, 8.124564, 0.016032, 0.060726
176, 8.861968, 0.264425, 0.084116, 0.264425, 0.237545, 8.011457, 0.004926, 0.000001, 8.251875, 0.015702, 0.060722
17, 8.861773, 0.262000, 0.137927, 0.262000, 0.192760, 8.007087, 0.020884, 0.000000, 8.181090, 0.016368, 0.060826
177, 8.862895, 0.265991, 0.101714, 0.265991, 0.253564, 7.975636, 0.015870, 0.000000, 8.163764, 0.009394, 0.060790
34, 8.862102, 0.263510, 0.096129, 0.263510, 0.143281, 8.095672, 0.004839, 0.000001, 8.311702, 0.015390, 0.060643
185, 8.862368, 0.266044, 0.063449, 0.266044, 0.431807, 7.835024, 0.032844, 0.000002, 8.013821, 0.009995, 0.060826
35, 8.862113, 0.263610, 0.094834, 0.263610, 0.360073, 7.879986, 0.004912, 0.000001, 8.086932, 0.014988, 0.060734
193, 8.862890, 0.266510, 0.072927, 0.266510, 0.163034, 8.093909, 0.009787, 0.000001, 8.297790, 0.013185, 0.060938
41, 8.861957, 0.262794, 0.102492, 0.262794, 0.359494, 7.874383, 0.052003, 0.000001, 8.014731, 0.014805, 0.060550
198, 8.862461, 0.265454, 0.070831, 0.265454, 0.930692, 7.330030, 0.027455, 0.000001, 7.506159, 0.008469, 0.060963
43, 8.862547, 0.262772, 0.118423, 0.262772, 0.537119, 7.681461, 0.007275, 0.000001, 7.873133, 0.015945, 0.060870
143, 8.863435, 0.267204, 0.100232, 0.267204, 0.853061, 7.375735, 0.008917, 0.000000, 7.581608, 0.009776, 0.061146
145, 8.863177, 0.265673, 0.119231, 0.265673, 1.121308, 7.091291, 0.004823, 0.000000, 7.308903, 0.009729, 0.061171
49, 8.861052, 0.262548, 0.127818, 0.262548, 0.346895, 7.861244, 0.004803, 0.000000, 8.100269, 0.016462, 0.060610
170, 8.862008, 0.265114, 0.085965, 0.265114, 0.325923, 7.919892, 0.004919, 0.000001, 8.163143, 0.011763, 0.060915
58, 8.862275, 0.265676, 0.098919, 0.265676, 0.200080, 8.031924, 0.008823, 0.000000, 8.242103, 0.013161, 0.060594
174, 8.861990, 0.264586, 0.063014, 0.264586, 0.347328, 7.922476, 0.005032, 0.000001, 8.163299, 0.009507, 0.060865
59, 8.862898, 0.265940, 0.105485, 0.265940, 0.471151, 7.754383, 0.007141, 0.000001, 8.001380, 0.013626, 0.060613
199, 8.862716, 0.268181, 0.070913, 0.268181, 0.139192, 8.116250, 0.009685, 0.000000, 8.300895, 0.011592, 0.061040
62, 8.862722, 0.265484, 0.111581, 0.265484, 0.125585, 8.094588, 0.004803, 0.000001, 8.319956, 0.013659, 0.060592
114, 8.863178, 0.264763, 0.075380, 0.264763, 0.169046, 8.089226, 0.010555, 0.000001, 8.289396, 0.017119, 0.061254
129, 8.862234, 0.264884, 0.074221, 0.264884, 0.454810, 7.803434, 0.019349, 0.000001, 7.966852, 0.009277, 0.061313
71, 8.862900, 0.265539, 0.110179, 0.265539, 0.495329, 7.726314, 0.004803, 0.000001, 7.952334, 0.013117, 0.060884
183, 8.863524, 0.268620, 0.087935, 0.268620, 0.864232, 7.374117, 0.019884, 0.000001, 7.579302, 0.007384, 0.060931
76, 8.861542, 0.262615, 0.093820, 0.262615, 0.166692, 8.075800, 0.013833, 0.000000, 8.250745, 0.016058, 0.060687
102, 8.863197, 0.266319, 0.068480, 0.266319, 0.166454, 8.095626, 0.022012, 0.000001, 8.284359, 0.013526, 0.061444
77, 8.861717, 0.262724, 0.094085, 0.262724, 0.434489, 7.807695, 0.009941, 0.000000, 7.993189, 0.016707, 0.060802
108, 8.861985, 0.264279, 0.063167, 0.264279, 0.317362, 7.952899, 0.009945, 0.000000, 8.165366, 0.011451, 0.061406
80, 8.861639, 0.262568, 0.130779, 0.262568, 0.270674, 7.935050, 0.012846, 0.000001, 8.117471, 0.015874, 0.060595
115, 8.863352, 0.265705, 0.068047, 0.265705, 0.199313, 8.064582, 0.024946, 0.000001, 8.255153, 0.011250, 0.061424
81, 8.861750, 0.262782, 0.132699, 0.262782, 0.356094, 7.847393, 0.010674, 0.000001, 8.028341, 0.016681, 0.060756
126, 8.863415, 0.267502, 0.072835, 0.267502, 0.136418, 8.119159, 0.004847, 0.000000, 8.330930, 0.013823, 0.061495
84, 8.861306, 0.263572, 0.115422, 0.263572, 0.174920, 8.043820, 0.005753, 0.000001, 8.283741, 0.015168, 0.060764
127, 8.863431, 0.267571, 0.067137, 0.267571, 0.176554, 8.084598, 0.004823, 0.000001, 8.297896, 0.008616, 0.061516
85, 8.861411, 0.263735, 0.113186, 0.263735, 0.207742, 8.013012, 0.005790, 0.000001, 8.260377, 0.015366, 0.060882
154, 8.862407, 0.264080, 0.095184, 0.264080, 0.741458, 7.497605, 0.004839, 0.000000, 7.673690, 0.010977, 0.061092
86, 8.862713, 0.266397, 0.116341, 0.266397, 0.125337, 8.088241, 0.004873, 0.000001, 8.318892, 0.012546, 0.060812
100, 8.862725, 0.262600, 0.077148, 0.262600, 0.165011, 8.095365, 0.027689, 0.000000, 8.249320, 0.015934, 0.061539
88, 8.861928, 0.263372, 0.108497, 0.263372, 0.175862, 8.050825, 0.034225, 0.000000, 8.197411, 0.016125, 0.060752
119, 8.863557, 0.267789, 0.067568, 0.267789, 0.123041, 8.137369, 0.004824, 0.000001, 8.350063, 0.013640, 0.061598
98, 8.861659, 0.264327, 0.100369, 0.264327, 0.223578, 8.009058, 0.020614, 0.000000, 8.182485, 0.014842, 0.060658
123, 8.863842, 0.268025, 0.065259, 0.268025, 0.218940, 8.043594, 0.012164, 0.000001, 8.235768, 0.012132, 0.061612
15, 8.863174, 0.264580, 0.099959, 0.264580, 0.278194, 7.955862, 0.012934, 0.000000, 8.160204, 0.013902, 0.060806
125, 8.862838, 0.264953, 0.064563, 0.264953, 0.163214, 8.105155, 0.025419, 0.000001, 8.282096, 0.013564, 0.061532
130, 8.863495, 0.265758, 0.107924, 0.265758, 0.308207, 7.915848, 0.004910, 0.000001, 8.127678, 0.008512, 0.061446
29, 8.862399, 0.262705, 0.091089, 0.262705, 0.175265, 8.070636, 0.023518, 0.000000, 8.259557, 0.015131, 0.060800
195, 8.863473, 0.268694, 0.065341, 0.268694, 0.364676, 7.896068, 0.004842, 0.000000, 8.113893, 0.007524, 0.061357
33, 8.861370, 0.262719, 0.126980, 0.262719, 0.238545, 7.970406, 0.005992, 0.000001, 8.215594, 0.016404, 0.060730
117, 8.862683, 0.264575, 0.078127, 0.264575, 0.182941, 8.072465, 0.020838, 0.000001, 8.240849, 0.014352, 0.061721
52, 8.862044, 0.263190, 0.115078, 0.263190, 0.190343, 8.030244, 0.011380, 0.000001, 8.175865, 0.015778, 0.060994
131, 8.863539, 0.265824, 0.104418, 0.265824, 0.428558, 7.798914, 0.004919, 0.000001, 8.013682, 0.009288, 0.061495
53, 8.862198, 0.263174, 0.116673, 0.263174, 0.269879, 7.949298, 0.008956, 0.000000, 8.136496, 0.016522, 0.060997
162, 8.862717, 0.265400, 0.089609, 0.265400, 0.318038, 7.924270, 0.024191, 0.000000, 8.062415, 0.011780, 0.061427
54, 8.863022, 0.266054, 0.108619, 0.266054, 0.165351, 8.056945, 0.029855, 0.000001, 8.262225, 0.013509, 0.061016
163, 8.863462, 0.268211, 0.101877, 0.268211, 0.634854, 7.590309, 0.018973, 0.000001, 7.777064, 0.007229, 0.061435
78, 8.862997, 0.266173, 0.098786, 0.266173, 0.169429, 8.062436, 0.034394, 0.000002, 8.260095, 0.012671, 0.060904
178, 8.862211, 0.265734, 0.080022, 0.265734, 0.124260, 8.126460, 0.004971, 0.000001, 8.361201, 0.013813, 0.061266
82, 8.862743, 0.264506, 0.112131, 0.264506, 0.137752, 8.083847, 0.016718, 0.000001, 8.273892, 0.014834, 0.061052
121, 8.862986, 0.265177, 0.066653, 0.265177, 0.331373, 7.934606, 0.010513, 0.000000, 8.110845, 0.011237, 0.061815
87, 8.863055, 0.266681, 0.115812, 0.266681, 0.436496, 7.777384, 0.036609, 0.000001, 7.956326, 0.012928, 0.061037
171, 8.863661, 0.267666, 0.073599, 0.267666, 0.257416, 7.997315, 0.004815, 0.000001, 8.209990, 0.006820, 0.061375
99, 8.862421, 0.264814, 0.066134, 0.264814, 0.762654, 7.504004, 0.024841, 0.000000, 7.676069, 0.015199, 0.061121
175, 8.863880, 0.268588, 0.081690, 0.268588, 0.604892, 7.640121, 0.014610, 0.000000, 7.846085, 0.005606, 0.061417
30, 8.863107, 0.265352, 0.096749, 0.265352, 0.139621, 8.096031, 0.015213, 0.000000, 8.311232, 0.013070, 0.061105
179, 8.863870, 0.268776, 0.093824, 0.268776, 0.306688, 7.925807, 0.004999, 0.000000, 8.148141, 0.008337, 0.061459
55, 8.863285, 0.266195, 0.110152, 0.266195, 0.423054, 7.797689, 0.004821, 0.000000, 8.023905, 0.013467, 0.061135
116, 8.862884, 0.264793, 0.072882, 0.264793, 0.169879, 8.090537, 0.020579, 0.000001, 8.244191, 0.014637, 0.062073
65, 8.861991, 0.263841, 0.127873, 0.263841, 0.263953, 7.942482, 0.005840, 0.000001, 8.190019, 0.015483, 0.061352
146, 8.863218, 0.265776, 0.101646, 0.265776, 0.878035, 7.351986, 0.030750, 0.000001, 7.509099, 0.009766, 0.061955
83, 8.863025, 0.264870, 0.117639, 0.264870, 0.316366, 7.899280, 0.018069, 0.000001, 8.092319, 0.014617, 0.061350
147, 8.864129, 0.268130, 0.108703, 0.268130, 0.811780, 7.407385, 0.004839, 0.000000, 7.579585, 0.008476, 0.061944
90, 8.862118, 0.266896, 0.101765, 0.266896, 0.140789, 8.085772, 0.007799, 0.000000, 8.263044, 0.013437, 0.061254
155, 8.864146, 0.268541, 0.084334, 0.268541, 0.774989, 7.467741, 0.004830, 0.000000, 7.690194, 0.007564, 0.061757
187, 8.864904, 0.270316, 0.064707, 0.270316, 0.144861, 8.114704, 0.009900, 0.000001, 8.305293, 0.009942, 0.062904
97, 8.861655, 0.264094, 0.128134, 0.264094, 0.931154, 7.274179, 0.004949, 0.000001, 7.510007, 0.016206, 0.061157
31, 8.863615, 0.265847, 0.098968, 0.265847, 0.395742, 7.837210, 0.004938, 0.000001, 8.077635, 0.013102, 0.061340
44, 8.861984, 0.263686, 0.088431, 0.263686, 0.246516, 7.999664, 0.007271, 0.000001, 8.245645, 0.015352, 0.061432
45, 8.861969, 0.263625, 0.086397, 0.263625, 0.224339, 8.023982, 0.005717, 0.000000, 8.271432, 0.016130, 0.061426
133, 8.869509, 0.272217, 0.116316, 0.272217, 0.816353, 7.392407, 0.009813, 0.000000, 7.576437, 0.011908, 0.068411
92, 8.862702, 0.264046, 0.087793, 0.264046, 0.179991, 8.066827, 0.004810, 0.000000, 8.258801, 0.015167, 0.061372
50, 8.863256, 0.264444, 0.118465, 0.264444, 0.124096, 8.091807, 0.022961, 0.000001, 8.283676, 0.014810, 0.061449
94, 8.863284, 0.266972, 0.099821, 0.266972, 0.210042, 8.019478, 0.004887, 0.000001, 8.250705, 0.012177, 0.061496
95, 8.863724, 0.266957, 0.099024, 0.266957, 0.406563, 7.824223, 0.009884, 0.000001, 8.055767, 0.012074, 0.061525
51, 8.863425, 0.264605, 0.120351, 0.264605, 0.458289, 7.755574, 0.004817, 0.000001, 7.981334, 0.015585, 0.061494
136, 8.870027, 0.272609, 0.118114, 0.272609, 0.488859, 7.717836, 0.009476, 0.000000, 7.904622, 0.009621, 0.068767
137, 8.870046, 0.271999, 0.122274, 0.271999, 0.930634, 7.273141, 0.008791, 0.000000, 7.457675, 0.006900, 0.068793
138, 8.870429, 0.272854, 0.126518, 0.272854, 0.391459, 7.806744, 0.009978, 0.000001, 7.998032, 0.015848, 0.068770
139, 8.870559, 0.272891, 0.111315, 0.272891, 0.145019, 8.068444, 0.023873, 0.000001, 8.257846, 0.005974, 0.068794
79, 8.871333, 0.274681, 0.102700, 0.274681, 0.287666, 7.931605, 0.026608, 0.000001, 8.149094, 0.012838, 0.069184
89, 8.870874, 0.272277, 0.105998, 0.272277, 0.426573, 7.793749, 0.035746, 0.000001, 7.987737, 0.016339, 0.069550
153, 8.870999, 0.273955, 0.122451, 0.273955, 0.553811, 7.646827, 0.004818, 0.000000, 7.860213, 0.008157, 0.069234
46, 8.871815, 0.274926, 0.098915, 0.274926, 0.137467, 8.085581, 0.004854, 0.000001, 8.315931, 0.011996, 0.069918
150, 8.871249, 0.273665, 0.081672, 0.273665, 0.115294, 8.126953, 0.035343, 0.000000, 8.308238, 0.013421, 0.069787
47, 8.871840, 0.274964, 0.096249, 0.274964, 0.279068, 7.946596, 0.027518, 0.000001, 8.160138, 0.013115, 0.069930
36, 8.871332, 0.271132, 0.124908, 0.271132, 0.159536, 8.044623, 0.021223, 0.000001, 8.196331, 0.016929, 0.070264
180, 8.871190, 0.274184, 0.072389, 0.274184, 0.144931, 8.105501, 0.014698, 0.000001, 8.277083, 0.012189, 0.069908
38, 8.871807, 0.275071, 0.103931, 0.275071, 0.146575, 8.071159, 0.004896, 0.000001, 8.287663, 0.012918, 0.070085
39, 8.872370, 0.275105, 0.105544, 0.275105, 0.575961, 7.640656, 0.036825, 0.000002, 7.846378, 0.013375, 0.070138
37, 8.871581, 0.271573, 0.124135, 0.271573, 0.425001, 7.779299, 0.004818, 0.000000, 7.978891, 0.017130, 0.070408
148, 8.871956, 0.274369, 0.087640, 0.274369, 0.810830, 7.424747, 0.004817, 0.000000, 7.637527, 0.010286, 0.070523
91, 8.872117, 0.276613, 0.104838, 0.276613, 0.281410, 7.932643, 0.048848, 0.000001, 8.093599, 0.012691, 0.070930
63, 8.873435, 0.276070, 0.110648, 0.276070, 0.386711, 7.823936, 0.004812, 0.000000, 8.069303, 0.013465, 0.071168
93, 8.873066, 0.274581, 0.087882, 0.274581, 0.411790, 7.824233, 0.014627, 0.000001, 8.025811, 0.015519, 0.071735
srun --overcommit -p batch -N 3 -n 200 ./APSP_MPI_sync testcase/v200_e20k.in v200_e20k.out 200
67, 7.665226, 0.124332, 0.077305, 0.124332, 0.577541, 6.761716, 0.004819, 0.000001, 6.830296, 0.007401, 0.034405
68, 7.665882, 0.123970, 0.101864, 0.123970, 0.227757, 7.088320, 0.010391, 0.000001, 7.189139, 0.007151, 0.034378
138, 7.664991, 0.124189, 0.065603, 0.124189, 0.304647, 7.046363, 0.004918, 0.000001, 7.125217, 0.007621, 0.034409
0, 7.665927, 0.117856, 0.095962, 0.117856, 0.261713, 7.072541, 0.005395, 0.000000, 7.166725, 0.008799, 0.034347
72, 7.666063, 0.122474, 0.089425, 0.122474, 0.150402, 7.181289, 0.005009, 0.000001, 7.287149, 0.009243, 0.034362
71, 7.664936, 0.122977, 0.074155, 0.122977, 0.092452, 7.252374, 0.011890, 0.000001, 7.298221, 0.008796, 0.034424
2, 7.665146, 0.123020, 0.084423, 0.123020, 0.175295, 7.159389, 0.012467, 0.000001, 7.237940, 0.008439, 0.034389
151, 7.665768, 0.125402, 0.053718, 0.125402, 0.160015, 7.201231, 0.004818, 0.000001, 7.260534, 0.006303, 0.034375
134, 7.665182, 0.124849, 0.077734, 0.124849, 0.610778, 6.726971, 0.004841, 0.000001, 6.810419, 0.006910, 0.034453
158, 7.665506, 0.125247, 0.066344, 0.125247, 0.493940, 6.854727, 0.004849, 0.000001, 6.940776, 0.006655, 0.034495
16, 7.665316, 0.122611, 0.112655, 0.122611, 0.163260, 7.144179, 0.007078, 0.000001, 7.209814, 0.004516, 0.034357
159, 7.665528, 0.124548, 0.057558, 0.124548, 0.168313, 7.190561, 0.005504, 0.000002, 7.286631, 0.007778, 0.034526
160, 7.665943, 0.124033, 0.083722, 0.124033, 0.414355, 6.919800, 0.014785, 0.000001, 6.970241, 0.008309, 0.034567
24, 7.666107, 0.122514, 0.084060, 0.122514, 0.182770, 7.154249, 0.004924, 0.000000, 7.263987, 0.006232, 0.034404
142, 7.665774, 0.123236, 0.071873, 0.123236, 0.160391, 7.187038, 0.009841, 0.000001, 7.284209, 0.008463, 0.034428
28, 7.666095, 0.123453, 0.067603, 0.123453, 0.211445, 7.140141, 0.014882, 0.000001, 7.240902, 0.004525, 0.034334
144, 7.666257, 0.124528, 0.092888, 0.124528, 0.153265, 7.171049, 0.004927, 0.000001, 7.240356, 0.007430, 0.034606
152, 7.666099, 0.124712, 0.084958, 0.124712, 0.753267, 6.578450, 0.004818, 0.000001, 6.646637, 0.003973, 0.034585
30, 7.665645, 0.123382, 0.064049, 0.123382, 0.208785, 7.146047, 0.004807, 0.000001, 7.235806, 0.004236, 0.034385
162, 7.666143, 0.124770, 0.059469, 0.124770, 0.344974, 7.012159, 0.004805, 0.000001, 7.063965, 0.007652, 0.034611
31, 7.665762, 0.123759, 0.064059, 0.123759, 0.334560, 7.019625, 0.019719, 0.000000, 7.094916, 0.003689, 0.034400
64, 7.665773, 0.123212, 0.104083, 0.123212, 0.157251, 7.158015, 0.004824, 0.000001, 7.244298, 0.007920, 0.034396
166, 7.666290, 0.125254, 0.083429, 0.125254, 0.125627, 7.206725, 0.023589, 0.000001, 7.278535, 0.006888, 0.034661
167, 7.665550, 0.125048, 0.067148, 0.125048, 0.086734, 7.261572, 0.004804, 0.000001, 7.351535, 0.007233, 0.034699
170, 7.665983, 0.125476, 0.102290, 0.125476, 0.199935, 7.112805, 0.004882, 0.000001, 7.175021, 0.006440, 0.034641
8, 7.666248, 0.122173, 0.102097, 0.122173, 0.126889, 7.192916, 0.005037, 0.000000, 7.302235, 0.008498, 0.034314
9, 7.666251, 0.122128, 0.103715, 0.122128, 0.175881, 7.142400, 0.010152, 0.000002, 7.207776, 0.008521, 0.034334
172, 7.666316, 0.124142, 0.095807, 0.124142, 0.169561, 7.152664, 0.029389, 0.000001, 7.231350, 0.008192, 0.034684
10, 7.665222, 0.122705, 0.074083, 0.122705, 0.170670, 7.175058, 0.018707, 0.000000, 7.261306, 0.007984, 0.034363
12, 7.665911, 0.122722, 0.089204, 0.122722, 0.270479, 7.060783, 0.009730, 0.000001, 7.144816, 0.007640, 0.034348
14, 7.665758, 0.122330, 0.082656, 0.122330, 0.167864, 7.170578, 0.029688, 0.000001, 7.234516, 0.007708, 0.034364
168, 7.666024, 0.124983, 0.087566, 0.124983, 0.949416, 6.379077, 0.004812, 0.000001, 6.439452, 0.007504, 0.034821
171, 7.665443, 0.124609, 0.084178, 0.124609, 0.136050, 7.195997, 0.004821, 0.000000, 7.281881, 0.008047, 0.034791
17, 7.665431, 0.122789, 0.111840, 0.122789, 0.172688, 7.135325, 0.014471, 0.000001, 7.196406, 0.005450, 0.034473
18, 7.665673, 0.123869, 0.075410, 0.123869, 0.299614, 7.042910, 0.013075, 0.000000, 7.111375, 0.005853, 0.034589
29, 7.665287, 0.123727, 0.068496, 0.123727, 0.431454, 6.917884, 0.009825, 0.000001, 7.018225, 0.004226, 0.034477
174, 7.665809, 0.125583, 0.094465, 0.125583, 0.112442, 7.207736, 0.004883, 0.000001, 7.307898, 0.006821, 0.034778
175, 7.665666, 0.125321, 0.066788, 0.125321, 0.519221, 6.829016, 0.005076, 0.000001, 6.920480, 0.007222, 0.034776
65, 7.665990, 0.123407, 0.109279, 0.123407, 0.798802, 6.511096, 0.004837, 0.000001, 6.598609, 0.008555, 0.034601
178, 7.665595, 0.124935, 0.081707, 0.124935, 0.304904, 7.029114, 0.004871, 0.000001, 7.118907, 0.007578, 0.034793
154, 7.666335, 0.125502, 0.083050, 0.125502, 0.279678, 7.052603, 0.004866, 0.000001, 7.100626, 0.006801, 0.034832
164, 7.666199, 0.123868, 0.059126, 0.123868, 0.175590, 7.183746, 0.004928, 0.000001, 7.245254, 0.008385, 0.034876
176, 7.665971, 0.125060, 0.090545, 0.125060, 0.394053, 6.931253, 0.005471, 0.000001, 7.031753, 0.001304, 0.034928
66, 7.665061, 0.124453, 0.099675, 0.124453, 0.219413, 7.097067, 0.004913, 0.000002, 7.195297, 0.006994, 0.034518
139, 7.665001, 0.124309, 0.067098, 0.124309, 0.819026, 6.530258, 0.019619, 0.000001, 6.594329, 0.007502, 0.034427
179, 7.665773, 0.126233, 0.068340, 0.126233, 0.752257, 6.592709, 0.005009, 0.000001, 6.685580, 0.006263, 0.034961
7, 7.665531, 0.123469, 0.099195, 0.123469, 0.159899, 7.159500, 0.004890, 0.000001, 7.271246, 0.007738, 0.034624
150, 7.666599, 0.125564, 0.079945, 0.125564, 0.820410, 6.515116, 0.004828, 0.000001, 6.587710, 0.006699, 0.034828
19, 7.665856, 0.123918, 0.077415, 0.123918, 0.530972, 6.809633, 0.004794, 0.000000, 6.883001, 0.005697, 0.034657
182, 7.666489, 0.126075, 0.062610, 0.126075, 0.201471, 7.150257, 0.004939, 0.000001, 7.220113, 0.006838, 0.035025
32, 7.666067, 0.123084, 0.109886, 0.123084, 0.164841, 7.145172, 0.009720, 0.000001, 7.229908, 0.004448, 0.034662
33, 7.666176, 0.123240, 0.105869, 0.123240, 0.238654, 7.075173, 0.004843, 0.000002, 7.166007, 0.004083, 0.034670
40, 7.666433, 0.123216, 0.094712, 0.123216, 0.130503, 7.194786, 0.005148, 0.000001, 7.301013, 0.003482, 0.034765
190, 7.665596, 0.125959, 0.073491, 0.125959, 0.391481, 6.948707, 0.004821, 0.000001, 7.027730, 0.006530, 0.035037
48, 7.666182, 0.122732, 0.095707, 0.122732, 0.085400, 7.239610, 0.004848, 0.000001, 7.335071, 0.003540, 0.034663
49, 7.666190, 0.122781, 0.097191, 0.122781, 0.391859, 6.931577, 0.004844, 0.000000, 7.025808, 0.003573, 0.034698
192, 7.666387, 0.124678, 0.087324, 0.124678, 0.268541, 7.061166, 0.009923, 0.000001, 7.114813, 0.008263, 0.035045
163, 7.665893, 0.125837, 0.074042, 0.125837, 0.842685, 6.497492, 0.005089, 0.000001, 6.587998, 0.007024, 0.034993
183, 7.665754, 0.126355, 0.059277, 0.126355, 0.179606, 7.174161, 0.004825, 0.000001, 7.255802, 0.006142, 0.035072
146, 7.666788, 0.126672, 0.092295, 0.126672, 0.678816, 6.642333, 0.004803, 0.000001, 6.734219, 0.006004, 0.035019
50, 7.665839, 0.124123, 0.063094, 0.124123, 0.199725, 7.154774, 0.009175, 0.000000, 7.227209, 0.002194, 0.034694
52, 7.665504, 0.123759, 0.067596, 0.123759, 0.338105, 7.012284, 0.005505, 0.000001, 7.113233, 0.007926, 0.034714
148, 7.666589, 0.124625, 0.079327, 0.124625, 0.414321, 6.923691, 0.004876, 0.000001, 6.988204, 0.008179, 0.035059
53, 7.665623, 0.123510, 0.070244, 0.123510, 0.477297, 6.871063, 0.010183, 0.000001, 6.933168, 0.008589, 0.034732
1, 7.666444, 0.118490, 0.096229, 0.118490, 0.183311, 7.149922, 0.015102, 0.000001, 7.233943, 0.007936, 0.034842
147, 7.666252, 0.125545, 0.064563, 0.125545, 0.156431, 7.194168, 0.005441, 0.000001, 7.292200, 0.007230, 0.035023
194, 7.666735, 0.125579, 0.072534, 0.125579, 0.793880, 6.549164, 0.004812, 0.000001, 6.618842, 0.007431, 0.035228
11, 7.665548, 0.123108, 0.075423, 0.123108, 0.487931, 6.855978, 0.011158, 0.000001, 6.950437, 0.007901, 0.034697
25, 7.666488, 0.122837, 0.082262, 0.122837, 0.247086, 7.091467, 0.004819, 0.000000, 7.195919, 0.006028, 0.034789
195, 7.665988, 0.126208, 0.061125, 0.126208, 0.212357, 7.140091, 0.007548, 0.000001, 7.219950, 0.006792, 0.035229
196, 7.666348, 0.124734, 0.066127, 0.124734, 0.914144, 6.436608, 0.009952, 0.000001, 6.536334, 0.008485, 0.035258
26, 7.666335, 0.123522, 0.068988, 0.123522, 0.152092, 7.198210, 0.004863, 0.000001, 7.285403, 0.005130, 0.034795
27, 7.666334, 0.123632, 0.069541, 0.123632, 0.374423, 6.975106, 0.004829, 0.000000, 7.056457, 0.005050, 0.034824
34, 7.665622, 0.123804, 0.077008, 0.123804, 0.173285, 7.167722, 0.005163, 0.000001, 7.272836, 0.003623, 0.034800
35, 7.665642, 0.123914, 0.084213, 0.123914, 0.256552, 7.077049, 0.004882, 0.000000, 7.188946, 0.003443, 0.034829
198, 7.666181, 0.125937, 0.061404, 0.125937, 0.191397, 7.161505, 0.004805, 0.000000, 7.258376, 0.007024, 0.035246
143, 7.666588, 0.124813, 0.071157, 0.124813, 0.334024, 7.011781, 0.004965, 0.000001, 7.068092, 0.008020, 0.035234
41, 7.666485, 0.123315, 0.094957, 0.123315, 0.300020, 7.024877, 0.005166, 0.000001, 7.131231, 0.003165, 0.034829
191, 7.666335, 0.125505, 0.061243, 0.125505, 0.212156, 7.141925, 0.004806, 0.000001, 7.236090, 0.007766, 0.035407
135, 7.665285, 0.125022, 0.083401, 0.125022, 1.011006, 6.320834, 0.005212, 0.000000, 6.409417, 0.006676, 0.034415
199, 7.666630, 0.127021, 0.043370, 0.127021, 0.324527, 7.044690, 0.005605, 0.000002, 7.134947, 0.006737, 0.035573
140, 7.666916, 0.124560, 0.092170, 0.124560, 0.151290, 7.174336, 0.004848, 0.000001, 7.230016, 0.008157, 0.035390
42, 7.665560, 0.123709, 0.067345, 0.123709, 0.146809, 7.203989, 0.010129, 0.000001, 7.299854, 0.003000, 0.034908
44, 7.666007, 0.124113, 0.063357, 0.124113, 0.308306, 7.046119, 0.004787, 0.000000, 7.129311, 0.002597, 0.034846
184, 7.667011, 0.125768, 0.071497, 0.125768, 0.166055, 7.177923, 0.004817, 0.000001, 7.231249, 0.007863, 0.035816
155, 7.666366, 0.126020, 0.099035, 0.126020, 0.996681, 6.318610, 0.004870, 0.000001, 6.393703, 0.007701, 0.035978
56, 7.665924, 0.122678, 0.072007, 0.122678, 0.145414, 7.203148, 0.004805, 0.000000, 7.278569, 0.009097, 0.034868
57, 7.666253, 0.122760, 0.070661, 0.122760, 0.378856, 6.971216, 0.008951, 0.000000, 7.056399, 0.008545, 0.034931
156, 7.667700, 0.125950, 0.084109, 0.125950, 0.331596, 7.000096, 0.004802, 0.000001, 7.070023, 0.007745, 0.036084
13, 7.666345, 0.123251, 0.088060, 0.123251, 0.169018, 7.162766, 0.018648, 0.000001, 7.234916, 0.007362, 0.034783
20, 7.666457, 0.124121, 0.088150, 0.124121, 0.147733, 7.182331, 0.004821, 0.000001, 7.282734, 0.005648, 0.034930
21, 7.666634, 0.124220, 0.086827, 0.124220, 0.167058, 7.164308, 0.005228, 0.000001, 7.264740, 0.004890, 0.034962
36, 7.666466, 0.124035, 0.089218, 0.124035, 0.141470, 7.187707, 0.004837, 0.000001, 7.281291, 0.003242, 0.034993
186, 7.668465, 0.128300, 0.082216, 0.128300, 0.342847, 6.986802, 0.004918, 0.000001, 7.094487, 0.006775, 0.037329
37, 7.666471, 0.124165, 0.093010, 0.124165, 0.174738, 7.150393, 0.013992, 0.000001, 7.238238, 0.002865, 0.035001
187, 7.667580, 0.128144, 0.081072, 0.128144, 0.524863, 6.805357, 0.004824, 0.000001, 6.879577, 0.006867, 0.037346
188, 7.668245, 0.127104, 0.087194, 0.127104, 0.186004, 7.140839, 0.004821, 0.000001, 7.241717, 0.007879, 0.037332
43, 7.665590, 0.123790, 0.068064, 0.123790, 0.296100, 7.053846, 0.015081, 0.000000, 7.145143, 0.002972, 0.034957
45, 7.666208, 0.124331, 0.060303, 0.124331, 0.302317, 7.054925, 0.004884, 0.000001, 7.136646, 0.002544, 0.035055
46, 7.665926, 0.123441, 0.063712, 0.123441, 0.182712, 7.172620, 0.004991, 0.000000, 7.284267, 0.003455, 0.035016
47, 7.666061, 0.123533, 0.061206, 0.123533, 0.344000, 7.013789, 0.006029, 0.000001, 7.085236, 0.003213, 0.035053
54, 7.665752, 0.124365, 0.077217, 0.124365, 0.094721, 7.245085, 0.005293, 0.000001, 7.352338, 0.007598, 0.034946
58, 7.665651, 0.123894, 0.072813, 0.123894, 0.145350, 7.199700, 0.004830, 0.000000, 7.306817, 0.007889, 0.034942
180, 7.669341, 0.127024, 0.075699, 0.127024, 0.759828, 6.579767, 0.004951, 0.000001, 6.671320, 0.006941, 0.037680
59, 7.665763, 0.124156, 0.060800, 0.124156, 0.552339, 6.804313, 0.013966, 0.000001, 6.886181, 0.007465, 0.035067
4, 7.666279, 0.123423, 0.103808, 0.123423, 0.055272, 7.260353, 0.004842, 0.000001, 7.341984, 0.008115, 0.034959
5, 7.666606, 0.123585, 0.102188, 0.123585, 0.176590, 7.140658, 0.004874, 0.000001, 7.240654, 0.008263, 0.035021
6, 7.666010, 0.123847, 0.097277, 0.123847, 0.187977, 7.133063, 0.009812, 0.000001, 7.239866, 0.007732, 0.035075
22, 7.666224, 0.123910, 0.079410, 0.123910, 0.361995, 6.976999, 0.007112, 0.000001, 7.043716, 0.005773, 0.035142
23, 7.666350, 0.124024, 0.075762, 0.124024, 0.308413, 7.034128, 0.006042, 0.000001, 7.115106, 0.005529, 0.035168
38, 7.665811, 0.123725, 0.095794, 0.123725, 0.140276, 7.182292, 0.010512, 0.000000, 7.268820, 0.003570, 0.035201
51, 7.666262, 0.124746, 0.064219, 0.124746, 0.299711, 7.052840, 0.004823, 0.000000, 7.143911, 0.007128, 0.035113
55, 7.665984, 0.124606, 0.073757, 0.124606, 0.170316, 7.172699, 0.004920, 0.000000, 7.285374, 0.006709, 0.035104
39, 7.665828, 0.123811, 0.096354, 0.123811, 0.164358, 7.157495, 0.008870, 0.000000, 7.243523, 0.003426, 0.035239
60, 7.666295, 0.124326, 0.067576, 0.124326, 0.195620, 7.154448, 0.012804, 0.000001, 7.223383, 0.007672, 0.035181
61, 7.666308, 0.124371, 0.068756, 0.124371, 0.495244, 6.853567, 0.008849, 0.000001, 6.924690, 0.008212, 0.035227
62, 7.666361, 0.124188, 0.068305, 0.124188, 0.239161, 7.110520, 0.004808, 0.000000, 7.187659, 0.007648, 0.035257
63, 7.666805, 0.124584, 0.063982, 0.124584, 0.266513, 7.087143, 0.004929, 0.000001, 7.174726, 0.007491, 0.035505
15, 7.669794, 0.126404, 0.081493, 0.126404, 0.184458, 7.151036, 0.020904, 0.000001, 7.219591, 0.007282, 0.038408
3, 7.670030, 0.127784, 0.089759, 0.127784, 0.160506, 7.164197, 0.004802, 0.000001, 7.239686, 0.007567, 0.039016
169, 7.673484, 0.133924, 0.074527, 0.133924, 0.426763, 6.904346, 0.004800, 0.000001, 7.001913, 0.006267, 0.042714
173, 7.673313, 0.133192, 0.054886, 0.133192, 0.549080, 6.802963, 0.004926, 0.000001, 6.889718, 0.006861, 0.042713
177, 7.673715, 0.134107, 0.062958, 0.134107, 0.999931, 6.342612, 0.005444, 0.000001, 6.449643, 0.006139, 0.042762
181, 7.673993, 0.133461, 0.046337, 0.133461, 0.168018, 7.192717, 0.004850, 0.000001, 7.256647, 0.007117, 0.042722
189, 7.673111, 0.133253, 0.049991, 0.133253, 0.115890, 7.240725, 0.004907, 0.000001, 7.320227, 0.006224, 0.042708
193, 7.673863, 0.134023, 0.056380, 0.134023, 0.260391, 7.089047, 0.009831, 0.000001, 7.184526, 0.006342, 0.042760
197, 7.673207, 0.133435, 0.063508, 0.133435, 0.488621, 6.854207, 0.004959, 0.000005, 6.939275, 0.006774, 0.042701
136, 7.674480, 0.131467, 0.087850, 0.131467, 0.426654, 6.897042, 0.004911, 0.000000, 7.002514, 0.008466, 0.042694
137, 7.674483, 0.132505, 0.082803, 0.132505, 0.213616, 7.113053, 0.006683, 0.000001, 7.223369, 0.007903, 0.042698
185, 7.673534, 0.133698, 0.083799, 0.133698, 0.221886, 7.100452, 0.004819, 0.000001, 7.194842, 0.006964, 0.042884
145, 7.674058, 0.133412, 0.051836, 0.133412, 0.365581, 6.989817, 0.004825, 0.000001, 7.053022, 0.006871, 0.042651
153, 7.673735, 0.133463, 0.092626, 0.133463, 0.185326, 7.128858, 0.004919, 0.000000, 7.222616, 0.006787, 0.042934
141, 7.674247, 0.132751, 0.095691, 0.132751, 0.916032, 6.397022, 0.005055, 0.000001, 6.463833, 0.007385, 0.042722
157, 7.673336, 0.133222, 0.056309, 0.133222, 0.256497, 7.094086, 0.014727, 0.000001, 7.155033, 0.006088, 0.042933
161, 7.674152, 0.134049, 0.050090, 0.134049, 0.204841, 7.151124, 0.004826, 0.000001, 7.203609, 0.006440, 0.043028
165, 7.673247, 0.133176, 0.076093, 0.133176, 0.129016, 7.201785, 0.009740, 0.000000, 7.271728, 0.006819, 0.042726
149, 7.675508, 0.134316, 0.057538, 0.134316, 0.205099, 7.144239, 0.005061, 0.000001, 7.219589, 0.007306, 0.043985
75, 7.677751, 0.136299, 0.059759, 0.136299, 0.233392, 7.112002, 0.004943, 0.000001, 7.192277, 0.008055, 0.047084
131, 7.678081, 0.137873, 0.082271, 0.137873, 0.179541, 7.140523, 0.009779, 0.000001, 7.227408, 0.006720, 0.047103
76, 7.678413, 0.136599, 0.096670, 0.136599, 0.154621, 7.153923, 0.005065, 0.000001, 7.270445, 0.007825, 0.047000
77, 7.678473, 0.136739, 0.090671, 0.136739, 0.378799, 6.935526, 0.005063, 0.000001, 7.054174, 0.007702, 0.047056
99, 7.677852, 0.137125, 0.096474, 0.137125, 0.195624, 7.111505, 0.004818, 0.000001, 7.180863, 0.007533, 0.047137
101, 7.678586, 0.137102, 0.072620, 0.137102, 0.445951, 6.885812, 0.004903, 0.000001, 7.007607, 0.004925, 0.047050
132, 7.678497, 0.137503, 0.098044, 0.137503, 0.314852, 6.990595, 0.004823, 0.000001, 7.113517, 0.007094, 0.047098
133, 7.678588, 0.137826, 0.094889, 0.137826, 0.242421, 7.065625, 0.004942, 0.000001, 7.190557, 0.006982, 0.047094
78, 7.678190, 0.136459, 0.062363, 0.136459, 0.180183, 7.162725, 0.004831, 0.000000, 7.265441, 0.007767, 0.047135
100, 7.678485, 0.136951, 0.078210, 0.136951, 0.181236, 7.145137, 0.004825, 0.000001, 7.261669, 0.007735, 0.047179
103, 7.677709, 0.137218, 0.048674, 0.137218, 0.185030, 7.169568, 0.004839, 0.000001, 7.207011, 0.001771, 0.047147
107, 7.677871, 0.137089, 0.053965, 0.137089, 0.224324, 7.125405, 0.009691, 0.000001, 7.187689, 0.003935, 0.047241
109, 7.678105, 0.137368, 0.076079, 0.137368, 0.145796, 7.181494, 0.009958, 0.000002, 7.276480, 0.007450, 0.047204
79, 7.678307, 0.136666, 0.061676, 0.136666, 0.111902, 7.231398, 0.004811, 0.000001, 7.335448, 0.007537, 0.047268
83, 7.678329, 0.137506, 0.054606, 0.137506, 0.474760, 6.873951, 0.015096, 0.000000, 6.968621, 0.004690, 0.047312
108, 7.678191, 0.137443, 0.076345, 0.137443, 0.102152, 7.224808, 0.045221, 0.000001, 7.266141, 0.007509, 0.047344
110, 7.677866, 0.136628, 0.064669, 0.136628, 0.594654, 6.745288, 0.004835, 0.000001, 6.814333, 0.007776, 0.047328
111, 7.678298, 0.136731, 0.077527, 0.136731, 0.136222, 7.191086, 0.004899, 0.000001, 7.287677, 0.007732, 0.047272
112, 7.678783, 0.135404, 0.103054, 0.135404, 0.066902, 7.238019, 0.007929, 0.000001, 7.360980, 0.009282, 0.047320
73, 7.679046, 0.135501, 0.093012, 0.135501, 1.089345, 6.225686, 0.004807, 0.000000, 6.315837, 0.008240, 0.047368
74, 7.678115, 0.136599, 0.078894, 0.136599, 0.153525, 7.172498, 0.004852, 0.000001, 7.236578, 0.008023, 0.047406
80, 7.678646, 0.136182, 0.072146, 0.136182, 0.210021, 7.124114, 0.004914, 0.000000, 7.240571, 0.008416, 0.047284
85, 7.678727, 0.136948, 0.094065, 0.136948, 1.068368, 6.242398, 0.004808, 0.000001, 6.350839, 0.007790, 0.047315
86, 7.678264, 0.137501, 0.052566, 0.137501, 0.235331, 7.115364, 0.004812, 0.000001, 7.218890, 0.007287, 0.047346
87, 7.678268, 0.137611, 0.054357, 0.137611, 0.601768, 6.746921, 0.004917, 0.000001, 6.850460, 0.007270, 0.047395
104, 7.678899, 0.136379, 0.086186, 0.136379, 0.155602, 7.164352, 0.004824, 0.000001, 7.283912, 0.008647, 0.047401
81, 7.678309, 0.136413, 0.071329, 0.136413, 0.340290, 6.993863, 0.004812, 0.000000, 7.074410, 0.008428, 0.047482
84, 7.678693, 0.136974, 0.098170, 0.136974, 0.072680, 7.233894, 0.004899, 0.000000, 7.349673, 0.006848, 0.047363
88, 7.679199, 0.136300, 0.082842, 0.136300, 0.555051, 6.768707, 0.004825, 0.000001, 6.876713, 0.008508, 0.047479
113, 7.679054, 0.135659, 0.081039, 0.135659, 0.249121, 7.077576, 0.004958, 0.000002, 7.197749, 0.007616, 0.047589
115, 7.678682, 0.137857, 0.044548, 0.137857, 0.169908, 7.188512, 0.004802, 0.000001, 7.299362, 0.004213, 0.047543
82, 7.678599, 0.136364, 0.069806, 0.136364, 0.101822, 7.234243, 0.004802, 0.000000, 7.336350, 0.006927, 0.047576
117, 7.678986, 0.137455, 0.074408, 0.137455, 0.088135, 7.241532, 0.005438, 0.000001, 7.363796, 0.007841, 0.047654
123, 7.678304, 0.137704, 0.090141, 0.137704, 0.153928, 7.158828, 0.004896, 0.000001, 7.240274, 0.007393, 0.047547
124, 7.678791, 0.137627, 0.083231, 0.137627, 0.264400, 7.055905, 0.004843, 0.000000, 7.165590, 0.007384, 0.047527
91, 7.679002, 0.137477, 0.050144, 0.137477, 0.319453, 7.034451, 0.004858, 0.000001, 7.152333, 0.007642, 0.047693
114, 7.678867, 0.138054, 0.057651, 0.138054, 0.438604, 6.906505, 0.004810, 0.000001, 7.022048, 0.007033, 0.047695
118, 7.678357, 0.135962, 0.070779, 0.135962, 0.108175, 7.227478, 0.017661, 0.000001, 7.268945, 0.009234, 0.047638
127, 7.679067, 0.138335, 0.052834, 0.138335, 0.207249, 7.142314, 0.004827, 0.000001, 7.263098, 0.006816, 0.047619
89, 7.678774, 0.136597, 0.079143, 0.136597, 0.284344, 7.042093, 0.009777, 0.000001, 7.141002, 0.008604, 0.047768
92, 7.678773, 0.137786, 0.065282, 0.137786, 0.156016, 7.181903, 0.004823, 0.000001, 7.286890, 0.007101, 0.047687
95, 7.678675, 0.138225, 0.067976, 0.138225, 0.273093, 7.061156, 0.004881, 0.000001, 7.143291, 0.006784, 0.047781
97, 7.679160, 0.136702, 0.063886, 0.136702, 0.628812, 6.713058, 0.004818, 0.000000, 6.832260, 0.006595, 0.047737
105, 7.678727, 0.136786, 0.088388, 0.136786, 0.188886, 7.127882, 0.004915, 0.000001, 7.225957, 0.006971, 0.047769
125, 7.678984, 0.173018, 0.100602, 0.173018, 0.076157, 7.156188, 0.040074, 0.000002, 7.301830, 0.007428, 0.047686
130, 7.678679, 0.138287, 0.087677, 0.138287, 0.131787, 7.182642, 0.004940, 0.000000, 7.287879, 0.007009, 0.047763
93, 7.679422, 0.138041, 0.068135, 0.138041, 0.147422, 7.187783, 0.004999, 0.000001, 7.311222, 0.007147, 0.047865
96, 7.679195, 0.136808, 0.063294, 0.136808, 0.113020, 7.229265, 0.005102, 0.000000, 7.348309, 0.008524, 0.047764
116, 7.678847, 0.137592, 0.069578, 0.137592, 0.172546, 7.161539, 0.004841, 0.000001, 7.261371, 0.007863, 0.047876
119, 7.678748, 0.138270, 0.068133, 0.138270, 0.102897, 7.231178, 0.005228, 0.000001, 7.327201, 0.007201, 0.047933
90, 7.679274, 0.137660, 0.054786, 0.137660, 0.573067, 6.776102, 0.009822, 0.000000, 6.889208, 0.007804, 0.047908
120, 7.679117, 0.136644, 0.076241, 0.136644, 0.549372, 6.780216, 0.014433, 0.000001, 6.874691, 0.008836, 0.047879
129, 7.679503, 0.137831, 0.095147, 0.137831, 1.232320, 6.076374, 0.005013, 0.000000, 6.203517, 0.007605, 0.047955
98, 7.678771, 0.138056, 0.104722, 0.138056, 0.465086, 6.832851, 0.022832, 0.000001, 6.896921, 0.007507, 0.048093
102, 7.678429, 0.137906, 0.072915, 0.137906, 0.161275, 7.168428, 0.004941, 0.000000, 7.238508, 0.007054, 0.047983
121, 7.679260, 0.136718, 0.076285, 0.136718, 0.181704, 7.147835, 0.004885, 0.000002, 7.246703, 0.008761, 0.047980
122, 7.678616, 0.138049, 0.091714, 0.138049, 0.155179, 7.155625, 0.018920, 0.000001, 7.218846, 0.007492, 0.047949
126, 7.679401, 0.138602, 0.047468, 0.138602, 0.341163, 7.013566, 0.004847, 0.000001, 7.130780, 0.005941, 0.047943
106, 7.678830, 0.138019, 0.062217, 0.138019, 0.186865, 7.153711, 0.020885, 0.000000, 7.212792, 0.007649, 0.048206
94, 7.679089, 0.138122, 0.074045, 0.138122, 0.141983, 7.186817, 0.004824, 0.000000, 7.286029, 0.007529, 0.048131
128, 7.679473, 0.138091, 0.077672, 0.138091, 0.199708, 7.125912, 0.004843, 0.000001, 7.236424, 0.007653, 0.048290
69, 7.684757, 0.142842, 0.105995, 0.142842, 0.668744, 6.624334, 0.004916, 0.000000, 6.752502, 0.002854, 0.053270
70, 7.684143, 0.141942, 0.072111, 0.141942, 0.622805, 6.705343, 0.007828, 0.000001, 6.784230, 0.007122, 0.053463
srun --overcommit -p batch -N 4 -n 200 ./APSP_MPI_sync testcase/v200_e20k.in v200_e20k.out 200
100, 6.428774, 0.198438, 0.074787, 0.198438, 0.083515, 5.873596, 0.004816, 0.000001, 6.034476, 0.013850, 0.095309
150, 6.429059, 0.201259, 0.085539, 0.201259, 0.049757, 5.891245, 0.004844, 0.000000, 6.038057, 0.008374, 0.095362
60, 6.428764, 0.200027, 0.099085, 0.200027, 0.131784, 5.797841, 0.028872, 0.000001, 5.924060, 0.013654, 0.095307
101, 6.429378, 0.199440, 0.070583, 0.199440, 0.176344, 5.783571, 0.004914, 0.000001, 5.960847, 0.010337, 0.095307
0, 6.429515, 0.193400, 0.068588, 0.193400, 0.072458, 5.901670, 0.013963, 0.000001, 6.065604, 0.014040, 0.095293
104, 6.429320, 0.199387, 0.079043, 0.199387, 0.109949, 5.841554, 0.005107, 0.000001, 6.018755, 0.012557, 0.095314
151, 6.428908, 0.200970, 0.075455, 0.200970, 0.139769, 5.811743, 0.004809, 0.000000, 5.958400, 0.003471, 0.095352
8, 6.429371, 0.192826, 0.082061, 0.192826, 0.131087, 5.830571, 0.019226, 0.000001, 5.971479, 0.014907, 0.095316
105, 6.429536, 0.199335, 0.073908, 0.199335, 0.162412, 5.794546, 0.004891, 0.000000, 5.967339, 0.011709, 0.095316
158, 6.429403, 0.201281, 0.077941, 0.201281, 0.050407, 5.898492, 0.005910, 0.000001, 6.075476, 0.003292, 0.095354
11, 6.429216, 0.198436, 0.072273, 0.198436, 0.104349, 5.855721, 0.004847, 0.000000, 6.024302, 0.013387, 0.095326
113, 6.428993, 0.199980, 0.071762, 0.199980, 0.233717, 5.723553, 0.007076, 0.000001, 5.874439, 0.013094, 0.095232
159, 6.429085, 0.201398, 0.053106, 0.201398, 0.079008, 5.894176, 0.009811, 0.000001, 6.028198, 0.002541, 0.095348
68, 6.429326, 0.199752, 0.078085, 0.199752, 0.071097, 5.880640, 0.004846, 0.000001, 6.062665, 0.012217, 0.095303
70, 6.429438, 0.198322, 0.060938, 0.198322, 0.071258, 5.900599, 0.005037, 0.000001, 6.088084, 0.010128, 0.095294
116, 6.429069, 0.198977, 0.085253, 0.198977, 0.151580, 5.794283, 0.004807, 0.000000, 5.953683, 0.011885, 0.095214
163, 6.429273, 0.201438, 0.065680, 0.201438, 0.309858, 5.650857, 0.005068, 0.000001, 5.809270, 0.002727, 0.095379
48, 6.428837, 0.199198, 0.072262, 0.199198, 0.251455, 5.706725, 0.005020, 0.000001, 5.881953, 0.013781, 0.095324
186, 6.429328, 0.200556, 0.037953, 0.200556, 0.094076, 5.896187, 0.005163, 0.000000, 6.062067, 0.002251, 0.095339
49, 6.428835, 0.199340, 0.073217, 0.199340, 0.322946, 5.633992, 0.015098, 0.000001, 5.797594, 0.012988, 0.095321
4, 6.429372, 0.193481, 0.070278, 0.193481, 0.063822, 5.908309, 0.010446, 0.000001, 6.080324, 0.014265, 0.095342
74, 6.429095, 0.198996, 0.075289, 0.198996, 0.699937, 5.255877, 0.014508, 0.000000, 5.416917, 0.014083, 0.095271
75, 6.429380, 0.199078, 0.072743, 0.199078, 0.081636, 5.876846, 0.005053, 0.000001, 6.055390, 0.014578, 0.095317
78, 6.429553, 0.199475, 0.083195, 0.199475, 0.280066, 5.667341, 0.004928, 0.000001, 5.838581, 0.013557, 0.095279
118, 6.429362, 0.199955, 0.077523, 0.199955, 0.064471, 5.887459, 0.004903, 0.000001, 6.066099, 0.011593, 0.095190
188, 6.429168, 0.200570, 0.047562, 0.200570, 0.098552, 5.881915, 0.004867, 0.000000, 6.037709, 0.003362, 0.095362
10, 6.429235, 0.198311, 0.073301, 0.198311, 0.117029, 5.842282, 0.004825, 0.000001, 6.006448, 0.012817, 0.095337
51, 6.429220, 0.198104, 0.082605, 0.198104, 0.055576, 5.894832, 0.004871, 0.000000, 6.063765, 0.014484, 0.095336
198, 6.428931, 0.201535, 0.068779, 0.201535, 0.444279, 5.512804, 0.004838, 0.000000, 5.660711, 0.002167, 0.095398
53, 6.428773, 0.198960, 0.084851, 0.198960, 0.212521, 5.733481, 0.004931, 0.000000, 5.867498, 0.013955, 0.095418
154, 6.429144, 0.200477, 0.053259, 0.200477, 0.087415, 5.887515, 0.004790, 0.000001, 6.041656, 0.003891, 0.095374
156, 6.429361, 0.200523, 0.057689, 0.200523, 0.059197, 5.911428, 0.019531, 0.000000, 6.043248, 0.001014, 0.095476
157, 6.429192, 0.200536, 0.066538, 0.200536, 0.079318, 5.882263, 0.004805, 0.000001, 6.025486, 0.003888, 0.095403
164, 6.428636, 0.201325, 0.074478, 0.201325, 0.063029, 5.888480, 0.011823, 0.000001, 6.061347, 0.002573, 0.095396
133, 6.429427, 0.200838, 0.065866, 0.200838, 0.065074, 5.896811, 0.004895, 0.000001, 6.077803, 0.011808, 0.095352
165, 6.428925, 0.199331, 0.073553, 0.199331, 0.061628, 5.895081, 0.004796, 0.000000, 6.036722, 0.004715, 0.095309
14, 6.429494, 0.198859, 0.076697, 0.198859, 0.202821, 5.752258, 0.004928, 0.000001, 5.921539, 0.012986, 0.095441
148, 6.428916, 0.200754, 0.078700, 0.200754, 0.067847, 5.880862, 0.004847, 0.000000, 6.031576, 0.012577, 0.095373
182, 6.429369, 0.201681, 0.075515, 0.201681, 0.181291, 5.769202, 0.004796, 0.000001, 5.930534, 0.002593, 0.095547
17, 6.428932, 0.198779, 0.070954, 0.198779, 0.208527, 5.751893, 0.056511, 0.000001, 5.873294, 0.012675, 0.095353
110, 6.429515, 0.200187, 0.069879, 0.200187, 0.060719, 5.898544, 0.004872, 0.000000, 6.084312, 0.010934, 0.095303
20, 6.429320, 0.198317, 0.087963, 0.198317, 0.065444, 5.879279, 0.005339, 0.000001, 6.062744, 0.015317, 0.095452
58, 6.429092, 0.198399, 0.084397, 0.198399, 0.067813, 5.880084, 0.004808, 0.000001, 6.041303, 0.014036, 0.095389
22, 6.429509, 0.199301, 0.079044, 0.199301, 0.118724, 5.833139, 0.007854, 0.000000, 5.999693, 0.012793, 0.095413
67, 6.429465, 0.199380, 0.080130, 0.199380, 0.589091, 5.361485, 0.004907, 0.000001, 5.545791, 0.013138, 0.095393
32, 6.429066, 0.199404, 0.068604, 0.199404, 0.143757, 5.817897, 0.020541, 0.000000, 5.992239, 0.013986, 0.095302
184, 6.429390, 0.201428, 0.044696, 0.201428, 0.217756, 5.764082, 0.004791, 0.000000, 5.927004, 0.002788, 0.095511
132, 6.429163, 0.200853, 0.069599, 0.200853, 0.105344, 5.852513, 0.004842, 0.000001, 6.025891, 0.013120, 0.095375
152, 6.429155, 0.201167, 0.049828, 0.201167, 0.089130, 5.887862, 0.009724, 0.000001, 6.033615, 0.003387, 0.095486
106, 6.429574, 0.199455, 0.076705, 0.199455, 0.243515, 5.710444, 0.004827, 0.000000, 5.885128, 0.013753, 0.095542
155, 6.429174, 0.201182, 0.044635, 0.201182, 0.116765, 5.865411, 0.005041, 0.000001, 6.011821, 0.002928, 0.095572
33, 6.429385, 0.199480, 0.068454, 0.199480, 0.368546, 5.593425, 0.010605, 0.000001, 5.748750, 0.013953, 0.095419
107, 6.429585, 0.199483, 0.074986, 0.199483, 0.583071, 5.372562, 0.004838, 0.000001, 5.551025, 0.011956, 0.095549
34, 6.429204, 0.198989, 0.055775, 0.198989, 0.072640, 5.902812, 0.004941, 0.000000, 6.086645, 0.013610, 0.095363
35, 6.428999, 0.199154, 0.075857, 0.199154, 0.198619, 5.756214, 0.019987, 0.000000, 5.920729, 0.014282, 0.095433
109, 6.429790, 0.200755, 0.089899, 0.200755, 0.331230, 5.607151, 0.005221, 0.000000, 5.788971, 0.013188, 0.095573
36, 6.428998, 0.198897, 0.078285, 0.198897, 0.074275, 5.878643, 0.004875, 0.000001, 6.044010, 0.014789, 0.095410
72, 6.429701, 0.199251, 0.079498, 0.199251, 0.058796, 5.892905, 0.005054, 0.000000, 6.076590, 0.012918, 0.095445
117, 6.429595, 0.204150, 0.083430, 0.204150, 0.828932, 5.108933, 0.009703, 0.000000, 5.287319, 0.010823, 0.095465
160, 6.429018, 0.201347, 0.062820, 0.201347, 0.158256, 5.805249, 0.011888, 0.000001, 5.976932, 0.003210, 0.095555
41, 6.429205, 0.198797, 0.082403, 0.198797, 0.288965, 5.660244, 0.005026, 0.000001, 5.846708, 0.014900, 0.095310
84, 6.429248, 0.198647, 0.085918, 0.198647, 0.214745, 5.731292, 0.004839, 0.000000, 5.901173, 0.012252, 0.095360
120, 6.429274, 0.200238, 0.081279, 0.200238, 0.092146, 5.855373, 0.004840, 0.000000, 6.018868, 0.012115, 0.095473
185, 6.429283, 0.201094, 0.045777, 0.201094, 0.094180, 5.887137, 0.004917, 0.000001, 6.034902, 0.002122, 0.095558
1, 6.429805, 0.193819, 0.069674, 0.193819, 0.389086, 5.583406, 0.025457, 0.000001, 5.744352, 0.014501, 0.095573
87, 6.429622, 0.200341, 0.064822, 0.200341, 0.573194, 5.390924, 0.019890, 0.000001, 5.546489, 0.009193, 0.095509
123, 6.429281, 0.199820, 0.081483, 0.199820, 0.400660, 5.547498, 0.004809, 0.000000, 5.716432, 0.012260, 0.095491
190, 6.429717, 0.201970, 0.067550, 0.201970, 0.073228, 5.884999, 0.005989, 0.000001, 6.064326, 0.002323, 0.095697
7, 6.429637, 0.193464, 0.062513, 0.193464, 0.181105, 5.799090, 0.014907, 0.000000, 5.961749, 0.013193, 0.095541
88, 6.429504, 0.199467, 0.079289, 0.199467, 0.056474, 5.894808, 0.004838, 0.000001, 6.079402, 0.014232, 0.095466
134, 6.429474, 0.199896, 0.060171, 0.199896, 0.125509, 5.844003, 0.018933, 0.000000, 6.002449, 0.008760, 0.095505
192, 6.429318, 0.201342, 0.047745, 0.201342, 0.786276, 5.192613, 0.004819, 0.000000, 5.335132, 0.002661, 0.095626
13, 6.429144, 0.198435, 0.071681, 0.198435, 0.099923, 5.860670, 0.005399, 0.000000, 6.044648, 0.013067, 0.095522
59, 6.429300, 0.200063, 0.084832, 0.200063, 0.110945, 5.833399, 0.012119, 0.000001, 5.999839, 0.013831, 0.095549
135, 6.429478, 0.200432, 0.061654, 0.200432, 0.424177, 5.542783, 0.019139, 0.000001, 5.699981, 0.012462, 0.095536
153, 6.429427, 0.200951, 0.054918, 0.200951, 0.221972, 5.750636, 0.004955, 0.000000, 5.905325, 0.002992, 0.095656
18, 6.429271, 0.198697, 0.077860, 0.198697, 0.053343, 5.900674, 0.018305, 0.000001, 6.066631, 0.014744, 0.095560
73, 6.429519, 0.199363, 0.075948, 0.199363, 0.253634, 5.701211, 0.004880, 0.000000, 5.877835, 0.013119, 0.095562
149, 6.429051, 0.200462, 0.073886, 0.200462, 0.107028, 5.847214, 0.004818, 0.000001, 6.010842, 0.012506, 0.095570
189, 6.429742, 0.201114, 0.055909, 0.201114, 0.076396, 5.895209, 0.005381, 0.000001, 6.070743, 0.003290, 0.095704
42, 6.429278, 0.199182, 0.077729, 0.199182, 0.081932, 5.871253, 0.005111, 0.000001, 6.060630, 0.014476, 0.095485
76, 6.429848, 0.199660, 0.091778, 0.199660, 0.040987, 5.897762, 0.004971, 0.000000, 6.081923, 0.013923, 0.095547
122, 6.428975, 0.199806, 0.083741, 0.199806, 0.801032, 5.144591, 0.005359, 0.000000, 5.333417, 0.012176, 0.095544
191, 6.429889, 0.201903, 0.045598, 0.201903, 0.265804, 5.714682, 0.005053, 0.000001, 5.852799, 0.001909, 0.095708
44, 6.429755, 0.203818, 0.082976, 0.203818, 0.074012, 5.865130, 0.010151, 0.000000, 6.046922, 0.014015, 0.095600
124, 6.429302, 0.200493, 0.087901, 0.200493, 0.214587, 5.725827, 0.011776, 0.000000, 5.857092, 0.010160, 0.095702
194, 6.429567, 0.200698, 0.046748, 0.200698, 0.077808, 5.903614, 0.004811, 0.000001, 6.064637, 0.002654, 0.095720
45, 6.429668, 0.199844, 0.065058, 0.199844, 0.211938, 5.752984, 0.023536, 0.000001, 5.866290, 0.012865, 0.095604
128, 6.429522, 0.200168, 0.064193, 0.200168, 0.106786, 5.858207, 0.004838, 0.000001, 6.026976, 0.010313, 0.095717
196, 6.429622, 0.201782, 0.058574, 0.201782, 0.082807, 5.884677, 0.004812, 0.000000, 6.045117, 0.002571, 0.095808
5, 6.429734, 0.193786, 0.079572, 0.193786, 0.089389, 5.873201, 0.005189, 0.000001, 6.043784, 0.012428, 0.095643
119, 6.429884, 0.200465, 0.078787, 0.200465, 0.721161, 5.229007, 0.028535, 0.000001, 5.391567, 0.013241, 0.095655
197, 6.429532, 0.201256, 0.060426, 0.201256, 0.070714, 5.895880, 0.004804, 0.000001, 6.045955, 0.001838, 0.095844
15, 6.429927, 0.199221, 0.069599, 0.199221, 0.121815, 5.840070, 0.004908, 0.000000, 6.029540, 0.013013, 0.095710
83, 6.429493, 0.199596, 0.087097, 0.199596, 0.215647, 5.727557, 0.004826, 0.000001, 5.904395, 0.014174, 0.095544
108, 6.430010, 0.200851, 0.087319, 0.200851, 0.242882, 5.698107, 0.004956, 0.000000, 5.884523, 0.010577, 0.095774
193, 6.429305, 0.201526, 0.062338, 0.201526, 0.776242, 5.187672, 0.006671, 0.000001, 5.366055, 0.002373, 0.095802
37, 6.429447, 0.199148, 0.075696, 0.199148, 0.231377, 5.724077, 0.005018, 0.000000, 5.913160, 0.014348, 0.095635
86, 6.429727, 0.200396, 0.067841, 0.200396, 0.057118, 5.903975, 0.004843, 0.000001, 6.080974, 0.010640, 0.095599
112, 6.429179, 0.200279, 0.071774, 0.200279, 0.308389, 5.648459, 0.005571, 0.000001, 5.834719, 0.012617, 0.095680
195, 6.429871, 0.201845, 0.056715, 0.201845, 0.076675, 5.892791, 0.005295, 0.000001, 6.063573, 0.002003, 0.095872
46, 6.429764, 0.199966, 0.069617, 0.199966, 0.153587, 5.806628, 0.011762, 0.000001, 5.976375, 0.013947, 0.095659
99, 6.429469, 0.199935, 0.067837, 0.199935, 0.068321, 5.893441, 0.004812, 0.000001, 6.063324, 0.013833, 0.095612
121, 6.429696, 0.200650, 0.073861, 0.200650, 0.055378, 5.899156, 0.004824, 0.000000, 6.070071, 0.006620, 0.095770
161, 6.429743, 0.201288, 0.077031, 0.201288, 0.135016, 5.815121, 0.004808, 0.000001, 5.974757, 0.003353, 0.095888
55, 6.429653, 0.200300, 0.082649, 0.200300, 0.232926, 5.713477, 0.004796, 0.000001, 5.886845, 0.013809, 0.095696
125, 6.429405, 0.201338, 0.092614, 0.201338, 0.206622, 5.727493, 0.017846, 0.000001, 5.880256, 0.012790, 0.095804
69, 6.429433, 0.200240, 0.080018, 0.200240, 0.778523, 5.170413, 0.013559, 0.000001, 5.332247, 0.013659, 0.095631
126, 6.429414, 0.201463, 0.081290, 0.201463, 0.161838, 5.783361, 0.004808, 0.000000, 5.934171, 0.011876, 0.095855
183, 6.429487, 0.201998, 0.059776, 0.201998, 0.068836, 5.896879, 0.004865, 0.000001, 6.040158, 0.002230, 0.095979
77, 6.429857, 0.199689, 0.064068, 0.199689, 0.576677, 5.389734, 0.004944, 0.000001, 5.551162, 0.011294, 0.095616
6, 6.428982, 0.193395, 0.065020, 0.193395, 0.151604, 5.825568, 0.004808, 0.000001, 5.992431, 0.012592, 0.095717
127, 6.429422, 0.201541, 0.081306, 0.201541, 0.271144, 5.673890, 0.009779, 0.000001, 5.830050, 0.012145, 0.095862
199, 6.430546, 0.203293, 0.062058, 0.203293, 0.213509, 5.748393, 0.004916, 0.000001, 5.889167, 0.001318, 0.097023
23, 6.429885, 0.199958, 0.079380, 0.199958, 0.344765, 5.605824, 0.004843, 0.000001, 5.775071, 0.013844, 0.095753
129, 6.429793, 0.201335, 0.065079, 0.201335, 0.074867, 5.887177, 0.014609, 0.000000, 6.055167, 0.011214, 0.095868
38, 6.428724, 0.199874, 0.064503, 0.199874, 0.117547, 5.846925, 0.005915, 0.000000, 6.016218, 0.014164, 0.095756
89, 6.429854, 0.199709, 0.063501, 0.199709, 0.390114, 5.576821, 0.004847, 0.000001, 5.750009, 0.001419, 0.095706
136, 6.429593, 0.200611, 0.077391, 0.200611, 0.145611, 5.805368, 0.004849, 0.000000, 5.966064, 0.011750, 0.095844
39, 6.429251, 0.199978, 0.065892, 0.199978, 0.302006, 5.661397, 0.004877, 0.000000, 5.835470, 0.013269, 0.095781
90, 6.429485, 0.199461, 0.074612, 0.199461, 0.066602, 5.889349, 0.004814, 0.000001, 6.048980, 0.014429, 0.095639
138, 6.429654, 0.200600, 0.077801, 0.200600, 0.123379, 5.827275, 0.004805, 0.000001, 5.992734, 0.013242, 0.095877
19, 6.429871, 0.199150, 0.075670, 0.199150, 0.282360, 5.673540, 0.005808, 0.000000, 5.842229, 0.013903, 0.095926
98, 6.429330, 0.199915, 0.064983, 0.199915, 0.192587, 5.771930, 0.010231, 0.000001, 5.934068, 0.013878, 0.095615
139, 6.429766, 0.200744, 0.076649, 0.200744, 0.083669, 5.867959, 0.004834, 0.000001, 6.038090, 0.013363, 0.095986
40, 6.429654, 0.199365, 0.084109, 0.199365, 0.142589, 5.804226, 0.005376, 0.000000, 5.988879, 0.014493, 0.095880
61, 6.428830, 0.200085, 0.097259, 0.200085, 0.126758, 5.804644, 0.031107, 0.000000, 5.936506, 0.013276, 0.095344
140, 6.430164, 0.201019, 0.088635, 0.201019, 0.108088, 5.831403, 0.005131, 0.000001, 6.013391, 0.008859, 0.096024
187, 6.431100, 0.203133, 0.039248, 0.203133, 0.086201, 5.899384, 0.004801, 0.000000, 6.060640, 0.002295, 0.097165
43, 6.429242, 0.199445, 0.076381, 0.199445, 0.263279, 5.690692, 0.010257, 0.000000, 5.864916, 0.014013, 0.095860
66, 6.429768, 0.199706, 0.075710, 0.199706, 0.061926, 5.892720, 0.009913, 0.000000, 6.072176, 0.009190, 0.095685
111, 6.430237, 0.200997, 0.072045, 0.200997, 0.071266, 5.884933, 0.005469, 0.000001, 6.070038, 0.011304, 0.095949
16, 6.429420, 0.199355, 0.074995, 0.199355, 0.065407, 5.890308, 0.015088, 0.000001, 6.059558, 0.014617, 0.095977
71, 6.429862, 0.198768, 0.064866, 0.198768, 0.247257, 5.720203, 0.005106, 0.000001, 5.908320, 0.014126, 0.095699
131, 6.429936, 0.201119, 0.079826, 0.201119, 0.096866, 5.851005, 0.004820, 0.000001, 6.021738, 0.012006, 0.096061
12, 6.429259, 0.198259, 0.075942, 0.198259, 0.060769, 5.896030, 0.014762, 0.000000, 6.054648, 0.014889, 0.095353
80, 6.429265, 0.200181, 0.077058, 0.200181, 0.377525, 5.574320, 0.004800, 0.000000, 5.718627, 0.013128, 0.095783
137, 6.430246, 0.200962, 0.073108, 0.200962, 0.154935, 5.800279, 0.005425, 0.000001, 5.977188, 0.008947, 0.096068
9, 6.430237, 0.193670, 0.079781, 0.193670, 0.221574, 5.741543, 0.005014, 0.000000, 5.924936, 0.015107, 0.096042
82, 6.429354, 0.201455, 0.093005, 0.201455, 0.154533, 5.778906, 0.004810, 0.000000, 5.942865, 0.011219, 0.095729
144, 6.429557, 0.201535, 0.069645, 0.201535, 0.238881, 5.717961, 0.004801, 0.000000, 5.864195, 0.010106, 0.096109
21, 6.430045, 0.198996, 0.085036, 0.198996, 0.190640, 5.756378, 0.004844, 0.000001, 5.916307, 0.014743, 0.096162
92, 6.429602, 0.200541, 0.096339, 0.200541, 0.120312, 5.811870, 0.004916, 0.000001, 5.979535, 0.013451, 0.095790
130, 6.429975, 0.200201, 0.081928, 0.200201, 0.162170, 5.785474, 0.004807, 0.000001, 5.962383, 0.013002, 0.096084
24, 6.430307, 0.199999, 0.087888, 0.199999, 0.065225, 5.877196, 0.004830, 0.000001, 6.052510, 0.013968, 0.096237
56, 6.429102, 0.200206, 0.091955, 0.200206, 0.549713, 5.387022, 0.019815, 0.000000, 5.520801, 0.013350, 0.095785
26, 6.429855, 0.199477, 0.079341, 0.199477, 0.083959, 5.867600, 0.010166, 0.000000, 6.042308, 0.014620, 0.096235
79, 6.429842, 0.200187, 0.079202, 0.200187, 0.106401, 5.843865, 0.004955, 0.000000, 6.028698, 0.014054, 0.095867
145, 6.429741, 0.201079, 0.081206, 0.201079, 0.043973, 5.902404, 0.004817, 0.000000, 6.067108, 0.011056, 0.096117
81, 6.429581, 0.200321, 0.081240, 0.200321, 0.135169, 5.812530, 0.028339, 0.000001, 5.944479, 0.013883, 0.095861
141, 6.429799, 0.201217, 0.089702, 0.201217, 0.080148, 5.857516, 0.024745, 0.000001, 5.995122, 0.010792, 0.096198
94, 6.429391, 0.200142, 0.084031, 0.200142, 0.112208, 5.832869, 0.004822, 0.000001, 5.995591, 0.013071, 0.095832
142, 6.430215, 0.201300, 0.074181, 0.201300, 0.513176, 5.440257, 0.004895, 0.000000, 5.618183, 0.012909, 0.096193
95, 6.429439, 0.200222, 0.067158, 0.200222, 0.866695, 5.095141, 0.032832, 0.000001, 5.211117, 0.009195, 0.095890
96, 6.429784, 0.199928, 0.067060, 0.199928, 0.066409, 5.896459, 0.004809, 0.000001, 6.073777, 0.011240, 0.095818
27, 6.429929, 0.199573, 0.075640, 0.199573, 0.282927, 5.672216, 0.005093, 0.000001, 5.862036, 0.014811, 0.096254
62, 6.429360, 0.200543, 0.094346, 0.200543, 0.080021, 5.853907, 0.004807, 0.000000, 6.016902, 0.012279, 0.095926
143, 6.430395, 0.201303, 0.070974, 0.201303, 0.354958, 5.601857, 0.005310, 0.000001, 5.786744, 0.011243, 0.096203
28, 6.429991, 0.200604, 0.087884, 0.200604, 0.074764, 5.866134, 0.005327, 0.000000, 6.052195, 0.014038, 0.096276
93, 6.429859, 0.200900, 0.095003, 0.200900, 0.302537, 5.630519, 0.004828, 0.000001, 5.808644, 0.011744, 0.095994
114, 6.429788, 0.200186, 0.082422, 0.200186, 0.627392, 5.319602, 0.014765, 0.000000, 5.464799, 0.013318, 0.096043
30, 6.429717, 0.200039, 0.080156, 0.200039, 0.082225, 5.867258, 0.005186, 0.000000, 6.047342, 0.013304, 0.096267
52, 6.429532, 0.198634, 0.072821, 0.198634, 0.282617, 5.676827, 0.027212, 0.000000, 5.775224, 0.011702, 0.095979
29, 6.430132, 0.200763, 0.083599, 0.200763, 0.228867, 5.716140, 0.028787, 0.000001, 5.883392, 0.014018, 0.096381
63, 6.429440, 0.200647, 0.098458, 0.200647, 0.046222, 5.883466, 0.016934, 0.000001, 6.028576, 0.013397, 0.096002
91, 6.429770, 0.199789, 0.062614, 0.199789, 0.070620, 5.896960, 0.004921, 0.000000, 6.056509, 0.013370, 0.095923
85, 6.430245, 0.199536, 0.089747, 0.199536, 0.041411, 5.900015, 0.010140, 0.000000, 6.082837, 0.014794, 0.096151
57, 6.429463, 0.200623, 0.091461, 0.200623, 0.199598, 5.737158, 0.026090, 0.000000, 5.868676, 0.013226, 0.096153
115, 6.430085, 0.200511, 0.086711, 0.200511, 0.086375, 5.855977, 0.015587, 0.000000, 6.017530, 0.012982, 0.096076
31, 6.429824, 0.200428, 0.077787, 0.200428, 0.283419, 5.667762, 0.027947, 0.000000, 5.790884, 0.012623, 0.096391
97, 6.430246, 0.201034, 0.068777, 0.201034, 0.117236, 5.842166, 0.004843, 0.000000, 6.025579, 0.012257, 0.096279
146, 6.430142, 0.201047, 0.068731, 0.201047, 0.067036, 5.892281, 0.004852, 0.000001, 6.062772, 0.011794, 0.096384
50, 6.430086, 0.199215, 0.099935, 0.199215, 0.085894, 5.845826, 0.004842, 0.000001, 6.017380, 0.015688, 0.096449
147, 6.430461, 0.202270, 0.072004, 0.202270, 0.059292, 5.894626, 0.008490, 0.000001, 6.078103, 0.011964, 0.096410
54, 6.431514, 0.202271, 0.081420, 0.202271, 0.061019, 5.884532, 0.004813, 0.000000, 6.049278, 0.013259, 0.097660
3, 6.431633, 0.195417, 0.087039, 0.195417, 0.370459, 5.583301, 0.004831, 0.000001, 5.742003, 0.014992, 0.097605
102, 6.431823, 0.202617, 0.062624, 0.202617, 0.095036, 5.868928, 0.004804, 0.000001, 6.049204, 0.013418, 0.097865
25, 6.431856, 0.201591, 0.083300, 0.201591, 0.391010, 5.554364, 0.004856, 0.000000, 5.725280, 0.009404, 0.097792
64, 6.431954, 0.202308, 0.073310, 0.202308, 0.115016, 5.839012, 0.005080, 0.000001, 6.030149, 0.010611, 0.097841
2, 6.431689, 0.195860, 0.086566, 0.195860, 0.090928, 5.862475, 0.005217, 0.000000, 6.038273, 0.014640, 0.098058
103, 6.432149, 0.202903, 0.060921, 0.202903, 0.061433, 5.903990, 0.004972, 0.000001, 6.073428, 0.012727, 0.098108
65, 6.432385, 0.202596, 0.070044, 0.202596, 0.132025, 5.825124, 0.004883, 0.000001, 6.018141, 0.013603, 0.098099
47, 6.432508, 0.202733, 0.067111, 0.202733, 0.317989, 5.641942, 0.004885, 0.000001, 5.835176, 0.013571, 0.098289
162, 6.436382, 0.208086, 0.065647, 0.208086, 0.558710, 5.395853, 0.025869, 0.000001, 5.561807, 0.004157, 0.103049
166, 6.443326, 0.216157, 0.083674, 0.216157, 0.101243, 5.826095, 0.006703, 0.000001, 6.017993, 0.002650, 0.109986
167, 6.443348, 0.216206, 0.068739, 0.216206, 0.052690, 5.889508, 0.006765, 0.000001, 6.077363, 0.002272, 0.109997
168, 6.444147, 0.215981, 0.048807, 0.215981, 0.081974, 5.881404, 0.004824, 0.000000, 6.055766, 0.003018, 0.109995
169, 6.443991, 0.215435, 0.067530, 0.215435, 0.072374, 5.873216, 0.005300, 0.000001, 6.062193, 0.003585, 0.110034
170, 6.444134, 0.215907, 0.048067, 0.215907, 0.113739, 5.850514, 0.006463, 0.000001, 6.042030, 0.002392, 0.109998
172, 6.444157, 0.215431, 0.060889, 0.215431, 0.812856, 5.139550, 0.006678, 0.000001, 5.333527, 0.003527, 0.109979
174, 6.444016, 0.215379, 0.067394, 0.215379, 0.265141, 5.680724, 0.015606, 0.000001, 5.842595, 0.001875, 0.110010
175, 6.443834, 0.215374, 0.053534, 0.215374, 0.210015, 5.749537, 0.004811, 0.000001, 5.920511, 0.002314, 0.109867
178, 6.444170, 0.214710, 0.060430, 0.214710, 0.144528, 5.809793, 0.006393, 0.000001, 6.000857, 0.003130, 0.110087
179, 6.443878, 0.216179, 0.053280, 0.216179, 0.269207, 5.689033, 0.005063, 0.000001, 5.858855, 0.002676, 0.110136
180, 6.444290, 0.215431, 0.064442, 0.215431, 0.094951, 5.854034, 0.006675, 0.000001, 6.045070, 0.003665, 0.110203
181, 6.444062, 0.215378, 0.063093, 0.215378, 0.071365, 5.878848, 0.009861, 0.000001, 6.042911, 0.003625, 0.110275
176, 6.443966, 0.216071, 0.055372, 0.216071, 0.084711, 5.871742, 0.004818, 0.000001, 6.037828, 0.002920, 0.110329
177, 6.444252, 0.215602, 0.069680, 0.215602, 0.309500, 5.633868, 0.004814, 0.000001, 5.810310, 0.003006, 0.110338
171, 6.444683, 0.216240, 0.045688, 0.216240, 0.274655, 5.691860, 0.005184, 0.000001, 5.881776, 0.003520, 0.110702
173, 6.443979, 0.215159, 0.062306, 0.215159, 0.201340, 5.750015, 0.005395, 0.000001, 5.936247, 0.003328, 0.109964
