srun --overcommit -p batch -N 1 -n 200 ./APSP_MPI_sync testcase/v200_e20k.in v200_e20k.out 200
0, 0.761752, 0.094126, 0.049236, 0.094126, 0.380208, 0.144056, 0.011308, 0.000000, 0.000000, 0.006190, 0.093612
4, 0.759676, 0.093924, 0.120005, 0.093924, 0.106610, 0.345213, 0.063225, 0.000002, 0.000000, 0.007210, 0.093452
128, 0.761009, 0.093825, 0.107391, 0.093825, 0.233252, 0.232716, 0.019252, 0.000001, 0.000000, 0.005028, 0.093335
6, 0.761178, 0.094170, 0.128639, 0.094170, 0.261860, 0.182338, 0.004961, 0.000001, 0.000000, 0.007203, 0.093686
16, 0.758903, 0.093639, 0.118052, 0.093639, 0.098510, 0.355064, 0.019586, 0.000002, 0.000000, 0.004239, 0.093165
18, 0.760227, 0.093789, 0.136871, 0.093789, 0.175053, 0.260725, 0.055182, 0.000002, 0.000000, 0.006266, 0.093317
130, 0.760422, 0.094110, 0.111974, 0.094110, 0.167535, 0.292692, 0.004846, 0.000001, 0.000000, 0.004198, 0.093650
132, 0.760940, 0.094224, 0.105637, 0.094224, 0.252717, 0.214139, 0.018876, 0.000002, 0.000000, 0.006620, 0.093736
144, 0.759057, 0.093967, 0.094539, 0.093967, 0.137472, 0.339112, 0.008902, 0.000002, 0.000000, 0.004802, 0.093447
145, 0.760789, 0.094189, 0.106086, 0.094189, 0.275831, 0.190495, 0.006533, 0.000001, 0.000000, 0.004498, 0.093684
148, 0.760478, 0.093903, 0.111388, 0.093903, 0.172001, 0.289283, 0.043243, 0.000001, 0.000000, 0.004214, 0.093467
152, 0.760987, 0.094295, 0.104741, 0.094295, 0.266499, 0.201156, 0.010807, 0.000017, 0.000000, 0.006152, 0.093815
153, 0.760838, 0.094399, 0.108056, 0.094399, 0.270884, 0.193101, 0.004981, 0.000001, 0.000000, 0.006119, 0.093940
154, 0.761892, 0.094506, 0.100712, 0.094506, 0.304810, 0.167359, 0.004847, 0.000001, 0.000000, 0.004537, 0.094022
160, 0.759026, 0.093759, 0.108432, 0.093759, 0.097159, 0.365917, 0.030014, 0.000002, 0.000000, 0.006148, 0.093324
168, 0.762453, 0.094041, 0.104363, 0.094041, 0.323740, 0.146269, 0.004979, 0.000000, 0.000000, 0.004492, 0.093548
176, 0.759239, 0.093953, 0.092595, 0.093953, 0.129875, 0.348863, 0.012826, 0.000001, 0.000000, 0.004961, 0.093448
1, 0.762568, 0.094720, 0.130012, 0.094720, 0.310908, 0.132209, 0.007125, 0.000001, 0.000000, 0.005399, 0.094115
8, 0.760343, 0.094130, 0.125619, 0.094130, 0.164343, 0.282121, 0.051542, 0.000001, 0.000000, 0.006153, 0.093672
24, 0.760177, 0.093735, 0.136231, 0.093735, 0.166234, 0.270242, 0.055180, 0.000001, 0.000000, 0.004687, 0.093272
129, 0.761692, 0.094201, 0.041023, 0.094201, 0.359128, 0.173140, 0.004861, 0.000001, 0.000000, 0.002173, 0.093752
136, 0.759998, 0.094159, 0.093935, 0.094159, 0.163070, 0.314676, 0.099354, 0.000001, 0.000000, 0.003637, 0.093695
137, 0.760354, 0.094351, 0.096280, 0.094351, 0.232897, 0.242476, 0.004863, 0.000001, 0.000000, 0.004653, 0.093855
140, 0.761453, 0.094241, 0.106019, 0.094241, 0.261850, 0.205102, 0.022000, 0.000001, 0.000000, 0.006297, 0.093721
149, 0.759857, 0.094313, 0.108470, 0.094313, 0.138699, 0.324062, 0.094334, 0.000001, 0.000000, 0.004922, 0.093877
162, 0.762004, 0.093988, 0.099188, 0.093988, 0.282594, 0.192246, 0.033173, 0.000002, 0.000000, 0.006819, 0.093529
169, 0.761172, 0.094118, 0.112489, 0.094118, 0.272925, 0.187521, 0.004867, 0.000001, 0.000000, 0.006682, 0.093658
170, 0.762205, 0.094183, 0.092566, 0.094183, 0.311461, 0.169811, 0.011363, 0.000001, 0.000000, 0.005157, 0.093643
172, 0.760464, 0.094070, 0.091286, 0.094070, 0.194059, 0.286979, 0.050503, 0.000002, 0.000000, 0.004717, 0.093588
173, 0.761103, 0.094290, 0.108724, 0.094290, 0.248013, 0.215786, 0.030887, 0.000001, 0.000000, 0.003220, 0.093781
184, 0.761457, 0.094692, 0.103968, 0.094692, 0.286694, 0.181411, 0.009192, 0.000001, 0.000000, 0.004852, 0.094052
188, 0.761000, 0.094608, 0.095141, 0.094608, 0.266880, 0.209763, 0.014060, 0.000002, 0.000000, 0.004949, 0.094084
192, 0.759430, 0.094504, 0.106805, 0.094504, 0.116135, 0.347482, 0.007334, 0.000001, 0.000000, 0.003885, 0.094026
196, 0.761636, 0.094539, 0.098710, 0.094539, 0.256193, 0.217654, 0.040485, 0.000001, 0.000000, 0.004761, 0.094078
2, 0.760304, 0.094954, 0.137584, 0.094954, 0.119581, 0.313231, 0.089302, 0.000001, 0.000000, 0.005094, 0.094472
19, 0.761273, 0.094462, 0.130059, 0.094462, 0.250727, 0.191563, 0.010253, 0.000001, 0.000000, 0.005081, 0.093974
26, 0.759952, 0.094146, 0.135364, 0.094146, 0.048667, 0.387629, 0.004883, 0.000001, 0.000000, 0.005281, 0.093669
28, 0.762217, 0.094299, 0.062740, 0.094299, 0.349279, 0.161599, 0.004841, 0.000001, 0.000000, 0.003809, 0.093822
29, 0.762795, 0.094516, 0.142843, 0.094516, 0.296771, 0.134150, 0.006905, 0.000001, 0.000000, 0.003106, 0.093895
141, 0.762463, 0.094686, 0.101278, 0.094686, 0.305640, 0.166173, 0.009969, 0.000001, 0.000000, 0.007425, 0.094179
146, 0.762205, 0.094537, 0.098958, 0.094537, 0.306494, 0.167681, 0.010385, 0.000001, 0.000000, 0.005566, 0.094024
155, 0.760949, 0.094945, 0.101541, 0.094945, 0.210217, 0.259301, 0.055460, 0.000001, 0.000000, 0.005672, 0.094421
161, 0.761312, 0.094214, 0.110057, 0.094214, 0.268468, 0.194359, 0.005013, 0.000001, 0.000000, 0.005260, 0.093712
163, 0.759847, 0.094203, 0.104685, 0.094203, 0.071045, 0.395712, 0.062272, 0.000001, 0.000000, 0.007928, 0.093748
177, 0.761781, 0.094244, 0.106696, 0.094244, 0.259040, 0.207556, 0.004956, 0.000000, 0.000000, 0.005831, 0.093802
185, 0.761286, 0.094749, 0.099853, 0.094749, 0.267709, 0.204225, 0.017869, 0.000001, 0.000000, 0.005672, 0.094262
193, 0.761813, 0.094783, 0.107185, 0.094783, 0.261989, 0.203074, 0.030465, 0.000001, 0.000000, 0.004368, 0.094314
194, 0.762423, 0.095043, 0.103050, 0.095043, 0.279128, 0.190159, 0.029907, 0.000001, 0.000000, 0.005932, 0.094535
197, 0.761271, 0.094802, 0.109781, 0.094802, 0.245867, 0.216020, 0.021535, 0.000001, 0.000000, 0.007251, 0.094350
198, 0.762190, 0.094760, 0.113530, 0.094760, 0.234659, 0.224480, 0.039913, 0.000001, 0.000000, 0.007329, 0.094330
12, 0.762212, 0.094930, 0.133084, 0.094930, 0.230328, 0.208939, 0.038479, 0.000001, 0.000000, 0.005831, 0.094432
17, 0.759799, 0.094684, 0.118993, 0.094684, 0.094734, 0.356704, 0.029030, 0.000002, 0.000000, 0.005132, 0.094121
25, 0.761234, 0.094369, 0.132382, 0.094369, 0.197004, 0.243109, 0.004866, 0.000001, 0.000000, 0.004551, 0.093914
27, 0.760262, 0.094516, 0.101758, 0.094516, 0.059860, 0.409611, 0.004909, 0.000000, 0.000000, 0.004713, 0.094000
30, 0.761636, 0.094308, 0.126317, 0.094308, 0.274124, 0.172579, 0.004874, 0.000001, 0.000000, 0.007282, 0.093858
131, 0.761583, 0.094877, 0.105447, 0.094877, 0.262383, 0.203999, 0.025281, 0.000001, 0.000000, 0.005734, 0.094405
134, 0.761782, 0.094997, 0.101854, 0.094997, 0.269586, 0.200347, 0.023421, 0.000001, 0.000000, 0.008195, 0.094535
156, 0.761277, 0.094990, 0.097277, 0.094990, 0.272596, 0.201422, 0.004875, 0.000000, 0.000000, 0.004995, 0.094517
158, 0.761406, 0.095070, 0.104637, 0.095070, 0.259848, 0.206781, 0.011681, 0.000001, 0.000000, 0.004886, 0.094592
171, 0.762158, 0.094788, 0.098549, 0.094788, 0.280323, 0.193710, 0.005135, 0.000001, 0.000000, 0.005744, 0.094272
174, 0.763236, 0.094705, 0.100519, 0.094705, 0.328577, 0.144730, 0.004852, 0.000001, 0.000000, 0.007009, 0.094237
186, 0.762714, 0.095104, 0.099068, 0.095104, 0.320305, 0.153133, 0.005236, 0.000001, 0.000000, 0.005375, 0.094490
189, 0.761362, 0.095068, 0.113090, 0.095068, 0.250092, 0.208043, 0.012168, 0.000002, 0.000000, 0.007192, 0.094622
195, 0.760521, 0.095163, 0.114365, 0.095163, 0.136720, 0.319109, 0.106597, 0.000002, 0.000000, 0.003780, 0.094699
5, 0.762339, 0.095245, 0.126668, 0.095245, 0.249284, 0.195897, 0.041848, 0.000002, 0.000000, 0.007205, 0.094722
7, 0.762625, 0.095507, 0.124792, 0.095507, 0.294825, 0.151994, 0.004949, 0.000001, 0.000000, 0.006884, 0.095040
13, 0.762943, 0.095084, 0.128213, 0.095084, 0.306192, 0.138370, 0.005931, 0.000001, 0.000000, 0.007059, 0.094575
135, 0.762439, 0.095244, 0.098074, 0.095244, 0.266038, 0.207838, 0.004863, 0.000001, 0.000000, 0.007152, 0.094730
138, 0.760714, 0.095065, 0.123735, 0.095065, 0.133821, 0.313028, 0.112785, 0.000001, 0.000000, 0.006274, 0.094593
142, 0.760433, 0.095228, 0.118524, 0.095228, 0.112936, 0.338516, 0.013010, 0.000000, 0.000000, 0.006897, 0.094745
175, 0.762389, 0.094820, 0.098634, 0.094820, 0.253743, 0.220372, 0.004890, 0.000000, 0.000000, 0.006527, 0.094344
3, 0.760940, 0.095621, 0.123811, 0.095621, 0.134721, 0.311166, 0.091821, 0.000002, 0.000000, 0.005548, 0.095144
9, 0.761445, 0.095331, 0.121166, 0.095331, 0.156163, 0.293454, 0.052124, 0.000002, 0.000000, 0.004138, 0.094847
31, 0.762192, 0.095074, 0.127662, 0.095074, 0.271381, 0.173001, 0.010861, 0.000001, 0.000000, 0.007345, 0.094600
139, 0.761211, 0.095379, 0.119237, 0.095379, 0.086813, 0.364403, 0.103247, 0.000001, 0.000000, 0.003805, 0.094887
164, 0.762622, 0.095080, 0.106517, 0.095080, 0.257550, 0.208394, 0.022822, 0.000001, 0.000001, 0.005781, 0.094598
165, 0.761310, 0.095159, 0.113860, 0.095159, 0.096373, 0.360758, 0.078932, 0.000001, 0.000000, 0.006837, 0.094678
187, 0.762764, 0.095788, 0.099822, 0.095788, 0.263721, 0.207645, 0.035485, 0.000001, 0.000000, 0.006250, 0.095299
199, 0.760890, 0.095687, 0.113032, 0.095687, 0.173607, 0.282877, 0.004827, 0.000001, 0.000000, 0.006861, 0.095238
14, 0.761893, 0.095612, 0.136743, 0.095612, 0.145527, 0.288399, 0.054024, 0.000001, 0.000000, 0.006799, 0.095142
20, 0.762000, 0.095428, 0.133411, 0.095428, 0.174666, 0.263068, 0.054072, 0.000001, 0.000000, 0.004211, 0.094971
147, 0.761879, 0.095922, 0.105622, 0.095922, 0.164958, 0.299455, 0.055870, 0.000001, 0.000000, 0.005925, 0.095468
159, 0.761674, 0.096052, 0.101245, 0.096052, 0.194920, 0.273404, 0.066826, 0.000001, 0.000000, 0.006666, 0.095532
10, 0.761495, 0.095802, 0.143173, 0.095802, 0.191175, 0.235543, 0.004839, 0.000001, 0.000000, 0.005343, 0.095329
11, 0.761782, 0.095991, 0.131246, 0.095991, 0.115681, 0.322873, 0.095873, 0.000001, 0.000000, 0.005619, 0.095533
22, 0.762947, 0.095803, 0.133658, 0.095803, 0.243534, 0.194148, 0.028904, 0.000001, 0.000000, 0.005402, 0.095333
143, 0.761670, 0.095980, 0.109481, 0.095980, 0.143454, 0.316776, 0.113542, 0.000001, 0.000000, 0.004555, 0.095483
15, 0.762589, 0.096148, 0.132240, 0.096148, 0.245244, 0.192809, 0.004848, 0.000001, 0.000000, 0.006438, 0.095697
23, 0.763006, 0.095874, 0.128088, 0.095874, 0.249146, 0.194024, 0.020062, 0.000001, 0.000000, 0.006068, 0.095389
21, 0.763847, 0.096029, 0.126924, 0.096029, 0.296249, 0.148616, 0.004885, 0.000001, 0.000000, 0.007384, 0.095494
64, 0.771057, 0.103513, 0.142074, 0.103513, 0.285236, 0.136721, 0.006028, 0.000000, 0.000000, 0.005527, 0.102946
65, 0.771318, 0.103746, 0.045304, 0.103746, 0.388705, 0.129818, 0.006983, 0.000001, 0.000000, 0.005398, 0.103130
72, 0.768102, 0.103427, 0.091850, 0.103427, 0.146189, 0.323209, 0.009024, 0.000001, 0.000000, 0.004153, 0.102949
73, 0.768168, 0.103588, 0.090724, 0.103588, 0.128279, 0.341989, 0.014717, 0.000001, 0.000000, 0.004570, 0.103068
76, 0.771418, 0.103662, 0.098253, 0.103662, 0.336265, 0.129576, 0.007008, 0.000001, 0.000000, 0.005797, 0.103033
96, 0.770211, 0.122054, 0.112408, 0.122054, 0.256079, 0.157615, 0.039482, 0.000001, 0.000000, 0.004661, 0.102593
104, 0.769024, 0.102719, 0.094837, 0.102719, 0.185080, 0.283668, 0.095896, 0.000002, 0.000000, 0.004095, 0.102234
105, 0.769646, 0.102723, 0.092756, 0.102723, 0.279387, 0.192056, 0.011517, 0.000001, 0.000001, 0.005202, 0.102274
66, 0.769232, 0.103936, 0.139290, 0.103936, 0.224171, 0.197899, 0.011291, 0.000001, 0.000000, 0.005708, 0.103394
68, 0.770805, 0.103780, 0.120528, 0.103780, 0.291586, 0.151131, 0.009850, 0.000001, 0.000000, 0.006989, 0.103315
69, 0.771230, 0.103886, 0.118631, 0.103886, 0.308516, 0.136311, 0.004864, 0.000001, 0.000000, 0.006321, 0.103420
78, 0.770398, 0.103722, 0.105152, 0.103722, 0.268749, 0.189054, 0.029586, 0.000001, 0.000000, 0.007860, 0.103206
80, 0.767910, 0.103177, 0.095938, 0.103177, 0.339425, 0.126193, 0.004888, 0.000001, 0.000000, 0.005092, 0.102661
82, 0.770191, 0.103232, 0.105495, 0.103232, 0.283095, 0.175136, 0.014348, 0.000001, 0.000000, 0.006902, 0.102779
83, 0.770270, 0.103308, 0.102965, 0.103308, 0.291296, 0.169393, 0.005102, 0.000001, 0.000000, 0.005774, 0.102848
100, 0.770966, 0.103580, 0.106671, 0.103580, 0.300279, 0.156855, 0.004833, 0.000001, 0.000000, 0.006580, 0.103086
106, 0.768459, 0.102999, 0.114576, 0.102999, 0.110079, 0.337807, 0.020149, 0.000001, 0.000000, 0.007877, 0.102513
67, 0.770114, 0.104044, 0.127143, 0.104044, 0.170033, 0.264850, 0.100482, 0.000001, 0.000000, 0.002389, 0.103558
77, 0.771841, 0.104094, 0.098823, 0.104094, 0.337523, 0.127306, 0.004896, 0.000001, 0.000000, 0.006517, 0.103548
79, 0.771249, 0.104057, 0.101534, 0.104057, 0.322187, 0.139414, 0.004960, 0.000001, 0.000000, 0.007902, 0.103585
81, 0.768481, 0.103432, 0.093156, 0.103432, 0.142752, 0.325709, 0.007123, 0.000001, 0.000000, 0.005148, 0.102937
97, 0.771132, 0.103723, 0.107278, 0.103723, 0.313402, 0.143006, 0.004840, 0.000001, 0.000000, 0.005833, 0.103249
108, 0.771451, 0.103431, 0.105292, 0.103431, 0.327138, 0.132160, 0.006902, 0.000001, 0.000000, 0.006568, 0.102835
110, 0.769534, 0.103283, 0.104541, 0.103283, 0.190553, 0.267875, 0.053026, 0.000002, 0.000000, 0.006741, 0.102805
112, 0.768223, 0.102918, 0.109793, 0.102918, 0.101410, 0.351183, 0.020029, 0.000001, 0.000000, 0.005078, 0.102464
113, 0.768458, 0.103067, 0.098213, 0.103067, 0.113981, 0.350131, 0.022410, 0.000001, 0.000000, 0.004146, 0.102598
116, 0.771022, 0.103140, 0.104659, 0.103140, 0.290829, 0.169254, 0.019605, 0.000001, 0.000001, 0.007297, 0.102671
117, 0.771389, 0.103253, 0.102099, 0.103253, 0.323139, 0.139645, 0.004894, 0.000001, 0.000000, 0.007136, 0.102765
118, 0.769720, 0.103372, 0.118196, 0.103372, 0.183554, 0.261225, 0.076985, 0.000002, 0.000000, 0.006203, 0.102884
120, 0.769327, 0.102977, 0.104441, 0.102977, 0.155622, 0.303310, 0.004865, 0.000001, 0.000000, 0.003864, 0.102508
74, 0.769120, 0.103885, 0.108865, 0.103885, 0.106421, 0.346064, 0.103358, 0.000001, 0.000000, 0.007797, 0.103431
75, 0.770009, 0.104232, 0.102518, 0.104232, 0.198390, 0.260636, 0.051744, 0.000002, 0.000000, 0.004829, 0.103777
102, 0.770805, 0.104195, 0.101844, 0.104195, 0.271338, 0.189234, 0.006958, 0.000001, 0.000000, 0.006939, 0.103719
103, 0.771172, 0.104220, 0.098528, 0.104220, 0.289540, 0.174664, 0.016502, 0.000001, 0.000000, 0.006663, 0.103764
107, 0.769259, 0.103285, 0.113171, 0.103285, 0.145292, 0.304226, 0.096040, 0.000001, 0.000000, 0.008255, 0.102850
111, 0.770663, 0.103658, 0.104087, 0.103658, 0.253566, 0.205692, 0.026090, 0.000001, 0.000001, 0.008538, 0.103187
121, 0.770000, 0.103393, 0.096909, 0.103393, 0.165068, 0.301237, 0.050614, 0.000001, 0.000000, 0.005766, 0.102916
122, 0.768702, 0.103177, 0.111031, 0.103177, 0.103557, 0.347760, 0.014125, 0.000002, 0.000000, 0.005106, 0.102700
124, 0.770805, 0.103477, 0.114870, 0.103477, 0.262529, 0.186452, 0.005319, 0.000001, 0.000000, 0.004133, 0.102975
125, 0.771433, 0.103495, 0.044634, 0.103495, 0.358153, 0.161656, 0.014862, 0.000001, 0.000000, 0.004136, 0.103024
70, 0.770117, 0.104432, 0.121687, 0.104432, 0.199947, 0.239620, 0.056478, 0.000002, 0.000000, 0.006171, 0.103949
98, 0.769840, 0.104416, 0.113571, 0.104416, 0.140239, 0.307197, 0.103019, 0.000001, 0.000000, 0.006415, 0.103935
119, 0.770355, 0.103672, 0.109830, 0.103672, 0.269233, 0.183949, 0.004850, 0.000001, 0.000000, 0.003801, 0.103223
123, 0.769215, 0.103581, 0.107627, 0.103581, 0.124688, 0.329737, 0.005033, 0.000000, 0.000001, 0.005816, 0.103116
126, 0.769423, 0.103369, 0.110726, 0.103369, 0.079965, 0.371994, 0.080461, 0.000001, 0.000000, 0.006823, 0.102906
127, 0.770423, 0.103814, 0.102869, 0.103814, 0.201050, 0.258877, 0.035032, 0.000001, 0.000000, 0.006230, 0.103340
99, 0.770759, 0.104605, 0.101199, 0.104605, 0.271200, 0.189151, 0.011918, 0.000002, 0.000000, 0.005987, 0.104145
101, 0.772086, 0.104709, 0.100739, 0.104709, 0.319899, 0.142031, 0.004946, 0.000001, 0.000000, 0.004885, 0.104203
71, 0.772074, 0.105280, 0.097334, 0.105280, 0.291197, 0.172983, 0.027277, 0.000002, 0.000000, 0.006066, 0.104807
32, 0.776343, 0.109553, 0.133856, 0.109553, 0.255890, 0.167491, 0.004937, 0.000001, 0.000000, 0.005338, 0.109053
33, 0.777396, 0.109821, 0.109147, 0.109821, 0.311266, 0.137340, 0.005059, 0.000000, 0.000000, 0.005921, 0.109125
34, 0.776056, 0.109583, 0.136684, 0.109583, 0.211309, 0.208898, 0.004957, 0.000004, 0.000000, 0.005980, 0.109141
35, 0.777098, 0.110676, 0.128781, 0.110676, 0.194423, 0.232542, 0.061910, 0.000002, 0.000000, 0.006507, 0.110220
36, 0.777468, 0.109368, 0.130355, 0.109368, 0.282886, 0.145491, 0.005616, 0.000002, 0.000000, 0.007126, 0.108865
37, 0.778018, 0.109765, 0.128046, 0.109765, 0.299955, 0.130487, 0.004842, 0.000001, 0.000000, 0.007193, 0.109270
38, 0.777346, 0.109713, 0.131470, 0.109713, 0.283963, 0.142486, 0.004871, 0.000001, 0.000000, 0.008725, 0.109240
39, 0.777416, 0.109977, 0.127208, 0.109977, 0.291003, 0.139251, 0.004851, 0.000000, 0.000000, 0.005634, 0.109447
40, 0.775539, 0.109063, 0.107553, 0.109063, 0.093846, 0.356015, 0.093498, 0.000001, 0.000000, 0.004943, 0.108643
41, 0.776314, 0.109314, 0.124746, 0.109314, 0.244556, 0.188385, 0.016082, 0.000001, 0.000000, 0.006029, 0.108860
42, 0.776243, 0.109951, 0.139408, 0.109951, 0.235204, 0.181729, 0.008849, 0.000001, 0.000000, 0.007558, 0.109498
43, 0.776459, 0.110105, 0.138278, 0.110105, 0.173513, 0.244457, 0.065735, 0.000001, 0.000000, 0.007411, 0.109616
44, 0.776497, 0.109446, 0.131699, 0.109446, 0.249335, 0.176572, 0.017852, 0.000001, 0.000000, 0.006936, 0.108953
45, 0.777490, 0.109679, 0.128269, 0.109679, 0.281469, 0.148394, 0.004953, 0.000001, 0.000000, 0.004920, 0.109198
46, 0.776453, 0.109881, 0.131635, 0.109881, 0.182263, 0.242793, 0.067944, 0.000002, 0.000000, 0.007134, 0.109392
47, 0.777087, 0.110124, 0.129409, 0.110124, 0.262509, 0.164921, 0.009037, 0.000001, 0.000000, 0.008322, 0.109660
48, 0.774589, 0.110059, 0.138868, 0.110059, 0.071346, 0.344256, 0.017540, 0.000001, 0.000000, 0.004762, 0.109588
49, 0.775015, 0.110620, 0.127620, 0.110620, 0.090620, 0.335534, 0.028839, 0.000001, 0.000000, 0.005083, 0.110173
50, 0.775101, 0.110160, 0.135554, 0.110160, 0.092200, 0.327028, 0.022075, 0.000002, 0.000000, 0.003800, 0.109690
51, 0.775778, 0.110547, 0.131887, 0.110547, 0.081966, 0.340831, 0.109328, 0.000002, 0.000000, 0.002882, 0.110075
52, 0.777281, 0.109905, 0.132985, 0.109905, 0.259640, 0.164846, 0.028126, 0.000001, 0.000000, 0.005666, 0.109426
53, 0.777534, 0.110147, 0.124081, 0.110147, 0.282467, 0.150691, 0.017031, 0.000001, 0.000000, 0.007257, 0.109646
54, 0.775343, 0.110197, 0.143336, 0.110197, 0.087477, 0.324135, 0.097839, 0.000001, 0.000000, 0.008105, 0.109738
55, 0.775666, 0.110582, 0.131535, 0.110582, 0.072372, 0.350595, 0.086884, 0.000001, 0.000000, 0.007011, 0.110129
56, 0.776739, 0.109922, 0.130115, 0.109922, 0.267424, 0.159356, 0.004857, 0.000001, 0.000000, 0.005827, 0.109455
57, 0.777664, 0.110835, 0.125948, 0.110835, 0.276836, 0.153210, 0.004842, 0.000001, 0.000000, 0.004882, 0.110347
58, 0.775349, 0.110282, 0.151286, 0.110282, 0.104328, 0.299170, 0.096917, 0.000001, 0.000000, 0.004764, 0.109849
59, 0.775434, 0.110473, 0.133853, 0.110473, 0.172665, 0.247969, 0.004851, 0.000001, 0.000000, 0.005250, 0.110013
60, 0.777190, 0.110361, 0.137434, 0.110361, 0.240125, 0.178910, 0.004870, 0.000001, 0.000000, 0.005797, 0.109873
61, 0.777408, 0.110370, 0.135205, 0.110370, 0.235271, 0.186191, 0.031942, 0.000001, 0.000000, 0.004649, 0.109916
62, 0.776526, 0.110727, 0.135200, 0.110727, 0.127935, 0.291936, 0.052618, 0.000002, 0.000000, 0.006373, 0.110271
63, 0.776932, 0.111152, 0.135256, 0.111152, 0.184932, 0.234440, 0.065856, 0.000002, 0.000000, 0.008440, 0.110692
84, 0.777754, 0.109907, 0.097922, 0.109907, 0.325013, 0.135006, 0.005122, 0.000001, 0.000000, 0.006376, 0.109416
85, 0.778867, 0.110835, 0.097305, 0.110835, 0.331427, 0.128466, 0.004849, 0.000000, 0.000000, 0.006332, 0.110374
86, 0.777848, 0.110734, 0.103452, 0.110734, 0.261879, 0.191049, 0.004978, 0.000001, 0.000000, 0.006416, 0.110254
87, 0.779174, 0.111912, 0.101088, 0.111912, 0.274007, 0.180257, 0.035630, 0.000001, 0.000000, 0.005920, 0.111424
88, 0.777071, 0.110492, 0.096206, 0.110492, 0.226236, 0.233645, 0.061256, 0.000001, 0.000000, 0.005295, 0.109998
89, 0.778107, 0.110946, 0.095546, 0.110946, 0.277838, 0.182831, 0.032892, 0.000002, 0.000000, 0.006369, 0.110449
90, 0.776090, 0.110734, 0.120605, 0.110734, 0.117251, 0.316767, 0.006902, 0.000001, 0.000000, 0.007449, 0.110209
91, 0.777291, 0.110822, 0.116404, 0.110822, 0.205305, 0.233939, 0.047004, 0.000002, 0.000000, 0.007614, 0.110341
92, 0.779276, 0.110934, 0.112148, 0.110934, 0.323612, 0.121649, 0.004858, 0.000001, 0.000000, 0.007217, 0.110437
93, 0.779425, 0.111130, 0.105817, 0.111130, 0.319224, 0.132125, 0.015344, 0.000001, 0.000000, 0.006689, 0.110607
94, 0.777907, 0.111052, 0.048061, 0.111052, 0.345784, 0.161957, 0.004849, 0.000001, 0.000000, 0.005646, 0.110580
95, 0.778112, 0.111119, 0.101714, 0.111119, 0.297549, 0.156610, 0.010179, 0.000001, 0.000000, 0.005440, 0.110631
109, 0.778772, 0.110591, 0.102504, 0.110591, 0.330012, 0.125075, 0.007112, 0.000001, 0.000000, 0.006963, 0.109991
114, 0.776462, 0.109785, 0.105489, 0.109785, 0.204825, 0.246578, 0.045782, 0.000001, 0.000000, 0.001646, 0.109319
115, 0.777423, 0.109937, 0.105049, 0.109937, 0.259181, 0.193319, 0.030828, 0.000002, 0.000000, 0.004378, 0.109463
133, 0.777864, 0.110693, 0.099238, 0.110693, 0.265382, 0.191858, 0.033442, 0.000001, 0.000000, 0.007330, 0.110230
150, 0.777751, 0.109889, 0.060135, 0.109889, 0.356501, 0.141338, 0.004921, 0.000001, 0.000000, 0.003767, 0.109349
151, 0.775645, 0.110210, 0.102469, 0.110210, 0.114648, 0.338106, 0.082061, 0.000001, 0.000001, 0.007960, 0.109739
157, 0.776441, 0.110598, 0.113743, 0.110598, 0.179229, 0.262272, 0.057764, 0.000002, 0.000000, 0.007408, 0.110130
166, 0.777462, 0.109654, 0.112244, 0.109654, 0.286417, 0.159493, 0.004873, 0.000001, 0.000000, 0.007248, 0.109171
167, 0.776374, 0.109932, 0.108977, 0.109932, 0.185327, 0.262206, 0.064336, 0.000002, 0.000000, 0.006780, 0.109450
178, 0.778145, 0.110014, 0.097474, 0.110014, 0.321967, 0.138675, 0.005953, 0.000001, 0.000000, 0.006254, 0.109493
179, 0.777338, 0.110293, 0.103454, 0.110293, 0.261855, 0.191443, 0.012595, 0.000001, 0.000000, 0.006513, 0.109816
180, 0.777752, 0.110151, 0.095225, 0.110151, 0.267148, 0.195076, 0.031386, 0.000001, 0.000000, 0.005418, 0.109688
181, 0.777320, 0.110349, 0.119659, 0.110349, 0.243720, 0.193242, 0.010486, 0.000002, 0.000000, 0.007491, 0.109881
182, 0.778788, 0.110276, 0.106262, 0.110276, 0.317462, 0.134513, 0.008647, 0.000001, 0.000000, 0.006935, 0.109806
183, 0.777035, 0.110424, 0.097339, 0.110424, 0.210531, 0.248318, 0.047877, 0.000002, 0.000000, 0.003847, 0.109943
190, 0.777592, 0.109711, 0.098620, 0.109711, 0.320056, 0.139494, 0.005923, 0.000000, 0.000000, 0.005520, 0.109214
191, 0.776528, 0.109889, 0.104646, 0.109889, 0.276689, 0.175415, 0.008870, 0.000000, 0.000000, 0.006425, 0.109419
srun --overcommit -p batch -N 2 -n 200 ./APSP_MPI_sync testcase/v200_e20k.in v200_e20k.out 200
108, 8.645371, 0.056688, 0.053267, 0.056688, 5.438496, 3.040233, 0.004950, 0.000001, 0.000000, 0.010240, 0.056242
0, 8.645073, 0.056688, 0.111134, 0.056688, 5.382170, 3.038394, 0.004848, 0.000001, 0.000000, 0.012302, 0.056227
165, 8.644636, 0.056345, 0.370447, 0.056345, 5.163297, 2.998201, 0.005296, 0.000000, 0.000000, 0.010893, 0.055877
4, 8.645536, 0.056763, 0.074057, 0.056763, 5.422705, 3.035248, 0.005057, 0.000000, 0.000000, 0.011485, 0.056244
167, 8.645517, 0.071116, 0.038732, 0.071116, 5.485426, 2.979126, 0.024738, 0.000001, 0.000000, 0.008103, 0.055815
5, 8.646039, 0.056739, 0.190020, 0.056739, 5.355580, 2.986962, 0.004897, 0.000001, 0.000000, 0.009684, 0.056261
172, 8.645093, 0.056378, 0.094932, 0.056378, 5.429226, 3.008178, 0.004823, 0.000001, 0.000000, 0.009618, 0.055921
13, 8.646038, 0.056695, 0.243142, 0.056695, 5.286226, 3.003279, 0.013729, 0.000001, 0.000000, 0.010073, 0.056210
196, 8.645286, 0.056183, 0.060073, 0.056183, 5.437649, 3.035198, 0.010691, 0.000000, 0.000000, 0.008450, 0.055737
16, 8.645824, 0.056648, 0.161385, 0.056648, 5.345611, 3.025532, 0.004822, 0.000001, 0.000000, 0.011339, 0.056190
20, 8.645653, 0.056522, 0.122910, 0.056522, 5.390272, 3.019426, 0.004890, 0.000001, 0.000000, 0.010933, 0.056021
100, 8.644905, 0.056885, 0.316282, 0.056885, 5.212705, 3.002147, 0.005360, 0.000000, 0.000000, 0.010923, 0.056379
101, 8.644853, 0.056758, 0.043949, 0.056758, 5.494351, 2.993037, 0.005294, 0.000001, 0.000000, 0.009976, 0.056308
32, 8.644739, 0.056524, 0.242072, 0.056524, 5.371208, 2.918411, 0.004918, 0.000001, 0.000000, 0.009278, 0.056004
34, 8.644865, 0.056666, 0.186089, 0.056666, 5.314141, 3.031304, 0.004843, 0.000001, 0.000000, 0.011443, 0.056193
102, 8.645091, 0.056967, 1.052109, 0.056967, 4.560408, 2.918640, 0.005365, 0.000001, 0.000000, 0.011230, 0.056433
64, 8.644902, 0.056714, 0.091666, 0.056714, 5.386225, 3.053582, 0.005115, 0.000001, 0.000000, 0.009604, 0.056185
80, 8.645461, 0.056574, 0.098702, 0.056574, 5.371385, 3.062226, 0.010031, 0.000001, 0.000000, 0.010071, 0.056074
103, 8.645246, 0.056856, 0.125932, 0.056856, 5.479005, 2.926596, 0.014618, 0.000001, 0.000000, 0.011055, 0.056445
106, 8.644813, 0.056874, 0.053840, 0.056874, 5.436805, 3.040421, 0.005421, 0.000000, 0.000000, 0.010060, 0.056349
84, 8.645572, 0.056738, 0.153636, 0.056738, 5.324974, 3.053486, 0.004888, 0.000001, 0.000000, 0.010491, 0.056220
2, 8.645092, 0.056817, 0.142871, 0.056817, 5.357241, 3.031347, 0.004842, 0.000001, 0.000000, 0.011995, 0.056351
6, 8.645822, 0.056975, 0.098814, 0.056975, 5.405258, 3.027800, 0.004862, 0.000000, 0.000000, 0.011121, 0.056508
109, 8.645953, 0.056733, 0.032494, 0.056733, 5.482621, 3.017373, 0.009794, 0.000001, 0.000000, 0.009847, 0.056277
7, 8.645846, 0.057047, 0.218506, 0.057047, 5.301007, 3.012238, 0.005117, 0.000000, 0.000001, 0.011351, 0.056530
112, 8.645556, 0.056801, 0.052902, 0.056801, 5.437873, 3.041179, 0.004822, 0.000000, 0.000000, 0.010737, 0.056347
10, 8.645185, 0.056851, 0.155945, 0.056851, 5.336597, 3.038939, 0.004864, 0.000001, 0.000000, 0.010689, 0.056373
113, 8.645859, 0.056843, 0.169337, 0.056843, 5.413892, 2.948943, 0.014868, 0.000001, 0.000000, 0.009337, 0.056373
122, 8.644617, 0.056885, 0.078440, 0.056885, 5.416768, 3.035639, 0.005076, 0.000000, 0.000000, 0.007191, 0.056410
15, 8.646168, 0.056871, 0.181955, 0.056871, 5.395966, 2.954506, 0.010011, 0.000002, 0.000000, 0.011480, 0.056385
124, 8.646178, 0.056884, 0.743779, 0.056884, 4.813359, 2.975273, 0.005318, 0.000001, 0.000000, 0.007640, 0.056410
18, 8.645547, 0.056999, 0.151125, 0.056999, 5.321867, 3.058556, 0.005361, 0.000001, 0.000000, 0.012818, 0.056294
132, 8.645956, 0.056473, 0.057666, 0.056473, 5.428481, 3.046863, 0.005048, 0.000001, 0.000000, 0.004314, 0.055995
24, 8.646116, 0.056831, 0.177030, 0.056831, 5.383330, 2.972094, 0.004883, 0.000001, 0.000000, 0.010432, 0.056369
166, 8.645972, 0.056451, 0.071992, 0.056451, 5.428811, 3.032267, 0.009845, 0.000000, 0.000000, 0.008964, 0.056023
28, 8.645431, 0.056674, 0.043516, 0.056674, 5.453527, 3.035041, 0.005131, 0.000000, 0.000000, 0.009996, 0.056179
174, 8.645944, 0.056384, 0.148729, 0.056384, 5.395253, 2.989193, 0.009748, 0.000001, 0.000000, 0.006623, 0.055983
35, 8.645197, 0.056909, 0.155997, 0.056909, 5.387414, 2.987969, 0.005058, 0.000001, 0.000000, 0.011308, 0.056448
107, 8.645067, 0.057104, 1.089408, 0.057104, 4.551803, 2.889647, 0.005379, 0.000001, 0.000000, 0.011381, 0.056587
36, 8.645279, 0.056733, 0.087141, 0.056733, 5.406297, 3.038375, 0.004851, 0.000000, 0.000000, 0.011161, 0.056251
123, 8.644775, 0.057026, 0.076586, 0.057026, 5.473594, 2.980544, 0.005030, 0.000000, 0.000000, 0.010441, 0.056574
38, 8.645170, 0.056769, 0.092541, 0.056769, 5.410988, 3.028103, 0.004826, 0.000001, 0.000000, 0.011268, 0.056320
125, 8.645876, 0.056962, 0.131091, 0.056962, 5.356738, 3.044123, 0.018012, 0.000001, 0.000000, 0.005351, 0.056536
72, 8.645683, 0.056994, 0.103406, 0.056994, 5.377904, 3.050386, 0.009975, 0.000001, 0.000000, 0.009207, 0.056498
82, 8.645498, 0.056800, 0.178535, 0.056800, 5.333574, 3.019789, 0.004843, 0.000001, 0.000000, 0.013137, 0.056350
126, 8.645688, 0.056882, 0.045743, 0.056882, 5.450119, 3.036063, 0.008962, 0.000000, 0.000000, 0.008073, 0.056412
85, 8.645730, 0.057080, 0.215254, 0.057080, 5.289206, 3.027109, 0.011171, 0.000002, 0.000000, 0.011198, 0.056347
136, 8.646063, 0.056635, 0.051789, 0.056635, 5.430954, 3.050048, 0.009381, 0.000000, 0.000001, 0.009075, 0.056204
88, 8.645731, 0.056733, 0.149422, 0.056733, 5.363364, 3.019479, 0.004890, 0.000000, 0.000000, 0.011620, 0.056211
164, 8.645504, 0.056657, 0.089881, 0.056657, 5.388176, 3.054134, 0.004843, 0.000000, 0.000000, 0.006001, 0.056207
168, 8.645567, 0.056700, 0.109941, 0.056700, 5.431448, 2.990777, 0.004862, 0.000000, 0.000000, 0.008986, 0.056249
89, 8.646119, 0.056848, 0.296265, 0.056848, 5.246068, 2.990089, 0.006974, 0.000001, 0.000001, 0.007120, 0.056313
92, 8.645600, 0.056860, 0.057033, 0.056860, 5.398145, 3.076701, 0.004828, 0.000001, 0.000000, 0.009512, 0.056392
170, 8.645748, 0.056975, 0.822544, 0.056975, 4.725971, 2.983282, 0.016260, 0.000001, 0.000000, 0.004457, 0.056334
93, 8.646277, 0.056881, 0.281045, 0.056881, 5.240815, 3.010655, 0.004875, 0.000000, 0.000000, 0.011506, 0.056403
176, 8.645726, 0.056716, 0.045976, 0.056716, 5.456675, 3.029643, 0.004938, 0.000001, 0.000000, 0.005677, 0.056272
97, 8.644859, 0.056903, 0.819590, 0.056903, 4.973107, 2.738355, 0.005050, 0.000001, 0.000000, 0.011346, 0.056374
177, 8.645275, 0.056592, 0.970799, 0.056592, 4.622705, 2.938587, 0.008937, 0.000001, 0.000000, 0.004979, 0.056105
98, 8.644776, 0.056894, 0.253139, 0.056894, 5.333527, 2.944322, 0.004904, 0.000001, 0.000000, 0.012166, 0.056393
182, 8.645026, 0.056767, 0.032078, 0.056767, 5.468849, 3.030564, 0.020481, 0.000001, 0.000000, 0.003676, 0.056289
99, 8.645160, 0.056986, 0.901989, 0.056986, 4.723855, 2.905344, 0.004829, 0.000000, 0.000001, 0.011653, 0.056524
197, 8.644772, 0.056541, 0.042796, 0.056541, 5.438980, 3.049914, 0.004905, 0.000001, 0.000000, 0.010522, 0.056067
1, 8.645678, 0.057264, 0.148431, 0.057264, 5.356468, 3.026252, 0.004959, 0.000000, 0.000000, 0.011647, 0.056708
117, 8.646248, 0.057124, 0.091186, 0.057124, 5.475009, 2.965805, 0.005095, 0.000001, 0.000000, 0.009807, 0.056702
9, 8.646319, 0.057139, 0.206669, 0.057139, 5.374608, 2.950764, 0.010961, 0.000001, 0.000000, 0.012771, 0.056652
118, 8.645990, 0.057137, 0.354649, 0.057137, 5.133818, 3.043250, 0.009905, 0.000000, 0.000000, 0.011827, 0.056691
11, 8.645738, 0.057353, 0.276628, 0.057353, 5.237289, 3.017116, 0.009990, 0.000000, 0.000000, 0.012010, 0.056789
121, 8.645762, 0.057158, 0.508914, 0.057158, 5.061810, 2.960721, 0.004861, 0.000001, 0.000000, 0.007738, 0.056683
14, 8.646116, 0.057183, 0.081675, 0.057183, 5.424956, 3.025120, 0.005578, 0.000000, 0.000000, 0.012084, 0.056635
133, 8.646285, 0.056802, 0.488192, 0.056802, 5.046258, 2.998231, 0.006379, 0.000000, 0.000000, 0.007686, 0.056335
29, 8.645299, 0.056746, 0.087137, 0.056746, 5.375707, 3.068964, 0.004882, 0.000000, 0.000000, 0.010820, 0.056272
148, 8.646200, 0.056900, 0.109478, 0.056900, 5.403562, 3.019361, 0.005985, 0.000001, 0.000000, 0.006862, 0.056415
37, 8.645504, 0.057122, 0.250992, 0.057122, 5.262860, 3.017408, 0.005080, 0.000001, 0.000000, 0.009767, 0.056546
48, 8.646090, 0.056863, 0.092066, 0.056863, 5.410722, 3.029577, 0.004896, 0.000001, 0.000000, 0.009571, 0.056375
156, 8.646446, 0.056881, 0.224082, 0.056881, 5.235690, 3.072913, 0.008907, 0.000001, 0.000000, 0.010200, 0.056418
50, 8.645702, 0.057069, 0.145996, 0.057069, 5.345751, 3.039818, 0.004932, 0.000000, 0.000000, 0.011464, 0.056600
173, 8.645345, 0.056853, 0.199928, 0.056853, 5.344791, 2.986921, 0.005306, 0.000001, 0.000000, 0.008595, 0.056396
198, 8.646634, 0.056815, 0.603890, 0.056815, 4.939735, 2.989379, 0.005245, 0.000000, 0.000000, 0.006940, 0.056318
52, 8.646272, 0.057151, 0.125721, 0.057151, 5.411468, 2.994782, 0.004878, 0.000000, 0.000000, 0.009540, 0.056626
105, 8.646491, 0.057384, 0.931882, 0.057384, 4.691764, 2.908077, 0.009109, 0.000000, 0.000000, 0.009712, 0.056878
53, 8.646321, 0.057229, 0.324858, 0.057229, 5.272222, 2.934783, 0.005571, 0.000000, 0.000000, 0.009412, 0.056670
119, 8.646155, 0.057235, 0.066565, 0.057235, 5.506281, 2.958839, 0.005893, 0.000001, 0.000000, 0.012264, 0.056820
56, 8.645300, 0.056906, 0.161405, 0.056906, 5.304213, 3.065870, 0.004839, 0.000001, 0.000000, 0.009509, 0.056428
128, 8.645466, 0.056947, 1.098437, 0.056947, 4.524730, 2.908406, 0.005593, 0.000001, 0.000000, 0.007999, 0.056468
65, 8.645558, 0.057172, 0.119216, 0.057172, 5.409411, 3.002587, 0.004910, 0.000001, 0.000000, 0.009918, 0.056619
130, 8.645111, 0.056860, 0.061538, 0.056860, 5.469864, 2.999989, 0.004839, 0.000000, 0.000000, 0.010838, 0.056382
73, 8.646012, 0.057219, 0.450201, 0.057219, 5.102845, 2.978528, 0.007863, 0.000001, 0.000000, 0.002559, 0.056738
137, 8.646485, 0.057020, 0.087394, 0.057020, 5.428779, 3.016273, 0.013746, 0.000001, 0.000000, 0.011346, 0.056554
76, 8.645243, 0.056895, 0.052147, 0.056895, 5.413465, 3.065842, 0.004914, 0.000001, 0.000000, 0.011711, 0.056448
140, 8.646224, 0.056944, 0.053942, 0.056944, 5.436974, 3.041420, 0.014855, 0.000001, 0.000000, 0.007355, 0.056479
78, 8.646059, 0.057113, 0.150178, 0.057113, 5.370102, 3.011554, 0.004956, 0.000001, 0.000000, 0.012161, 0.056562
150, 8.645277, 0.057010, 0.147266, 0.057010, 5.415950, 2.968041, 0.010302, 0.000001, 0.000000, 0.009492, 0.056560
81, 8.646148, 0.057129, 0.408108, 0.057129, 5.145114, 2.978668, 0.005392, 0.000000, 0.000000, 0.011304, 0.056620
180, 8.646685, 0.057061, 0.059717, 0.057061, 5.420017, 3.052828, 0.004927, 0.000001, 0.000000, 0.005281, 0.056627
86, 8.645652, 0.057076, 0.074565, 0.057076, 5.425659, 3.031275, 0.004824, 0.000000, 0.000000, 0.010830, 0.056556
188, 8.646353, 0.057005, 0.078271, 0.057005, 5.412068, 3.042004, 0.011544, 0.000001, 0.000000, 0.004861, 0.056500
87, 8.645904, 0.057242, 0.124565, 0.057242, 5.461888, 2.944966, 0.004989, 0.000001, 0.000000, 0.012033, 0.056735
189, 8.645361, 0.057041, 0.704260, 0.057041, 4.836243, 2.990776, 0.005142, 0.000000, 0.000000, 0.006586, 0.056589
90, 8.645447, 0.057017, 0.114736, 0.057017, 5.395852, 3.020824, 0.004907, 0.000001, 0.000000, 0.012567, 0.056532
192, 8.646387, 0.056886, 0.055366, 0.056886, 5.439735, 3.037514, 0.024538, 0.000001, 0.000000, 0.009073, 0.056428
94, 8.646176, 0.062687, 0.180222, 0.062687, 5.334310, 3.006270, 0.010499, 0.000000, 0.000000, 0.011409, 0.056599
104, 8.645594, 0.056698, 0.208484, 0.056698, 5.344446, 2.979269, 0.004833, 0.000001, 0.000000, 0.002681, 0.056251
8, 8.645662, 0.057351, 0.097200, 0.057351, 5.389957, 3.043803, 0.015159, 0.000001, 0.000000, 0.013173, 0.056853
114, 8.645474, 0.057460, 0.305536, 0.057460, 5.220613, 3.004405, 0.005189, 0.000000, 0.000001, 0.011024, 0.056965
12, 8.646694, 0.057350, 0.135004, 0.057350, 5.459005, 2.937985, 0.004903, 0.000000, 0.000000, 0.012142, 0.056864
115, 8.645660, 0.057591, 1.019293, 0.057591, 4.611734, 2.899450, 0.005191, 0.000001, 0.000000, 0.010314, 0.057106
21, 8.646706, 0.057331, 0.352931, 0.057331, 5.296674, 2.882440, 0.004917, 0.000001, 0.000000, 0.010918, 0.056791
129, 8.646004, 0.057187, 0.061754, 0.057187, 5.434991, 3.034885, 0.004886, 0.000000, 0.000000, 0.007015, 0.056693
30, 8.646787, 0.062195, 0.114766, 0.062195, 5.401854, 3.005778, 0.009565, 0.000001, 0.000000, 0.009523, 0.056985
142, 8.646831, 0.057120, 1.155236, 0.057120, 4.491767, 2.885587, 0.005463, 0.000000, 0.000000, 0.008543, 0.056514
39, 8.645746, 0.057394, 0.138401, 0.057394, 5.430318, 2.962239, 0.004884, 0.000000, 0.000000, 0.009741, 0.056903
169, 8.645565, 0.057222, 0.084287, 0.057222, 5.457896, 2.988938, 0.008684, 0.000001, 0.000000, 0.007426, 0.056755
40, 8.646243, 0.057025, 0.148217, 0.057025, 5.360710, 3.023267, 0.004840, 0.000001, 0.000000, 0.010624, 0.056544
178, 8.646523, 0.057303, 0.043965, 0.057303, 5.476084, 3.011868, 0.004863, 0.000001, 0.000000, 0.008880, 0.056800
41, 8.645580, 0.057135, 0.370243, 0.057135, 5.212183, 2.948884, 0.004856, 0.000000, 0.000000, 0.008441, 0.056673
183, 8.646783, 0.057181, 0.036091, 0.057181, 5.476002, 3.020328, 0.022711, 0.000001, 0.000000, 0.008126, 0.056723
42, 8.645507, 0.057178, 0.084238, 0.057178, 5.422195, 3.024718, 0.004822, 0.000001, 0.000000, 0.009507, 0.056713
199, 8.645963, 0.056976, 0.134519, 0.056976, 5.377403, 3.020088, 0.004848, 0.000000, 0.000000, 0.010530, 0.056497
49, 8.646520, 0.057165, 0.177613, 0.057165, 5.360385, 2.994193, 0.004825, 0.000001, 0.000000, 0.009820, 0.056717
120, 8.644992, 0.056714, 0.329064, 0.056714, 5.182885, 3.019615, 0.005406, 0.000001, 0.000000, 0.005980, 0.056199
51, 8.645865, 0.057239, 0.218596, 0.057239, 5.303852, 3.008939, 0.008636, 0.000001, 0.000000, 0.010731, 0.056780
127, 8.646452, 0.057637, 0.415614, 0.057637, 5.140823, 2.974741, 0.004822, 0.000000, 0.000000, 0.010802, 0.057221
57, 8.645781, 0.057628, 0.173931, 0.057628, 5.338933, 3.017662, 0.004828, 0.000001, 0.000000, 0.009370, 0.056662
134, 8.645991, 0.057094, 0.061910, 0.057094, 5.443072, 3.026820, 0.019731, 0.000001, 0.000000, 0.005205, 0.056662
74, 8.645322, 0.057322, 0.119569, 0.057322, 5.406691, 3.004418, 0.004847, 0.000001, 0.000000, 0.011458, 0.056817
141, 8.646501, 0.070487, 0.059454, 0.070487, 5.451176, 2.994896, 0.018326, 0.000001, 0.000000, 0.006235, 0.056774
91, 8.645849, 0.057420, 0.375693, 0.057420, 5.176135, 2.979180, 0.004831, 0.000000, 0.000000, 0.010599, 0.056926
143, 8.647016, 0.057312, 1.167151, 0.057312, 4.478734, 2.886507, 0.005415, 0.000001, 0.000000, 0.008261, 0.056756
96, 8.645107, 0.057455, 0.101990, 0.057455, 5.400908, 3.027299, 0.010027, 0.000000, 0.000000, 0.009558, 0.056956
151, 8.647134, 0.057441, 1.096362, 0.057441, 4.536358, 2.899533, 0.005550, 0.000001, 0.000000, 0.007313, 0.056857
3, 8.646001, 0.057527, 0.240934, 0.057527, 5.309277, 2.980736, 0.004981, 0.000001, 0.000000, 0.006808, 0.057043
152, 8.645552, 0.057324, 0.165582, 0.057324, 5.298479, 3.066843, 0.014944, 0.000001, 0.000000, 0.006564, 0.056889
19, 8.646254, 0.057545, 0.250771, 0.057545, 5.297196, 2.983196, 0.009961, 0.000002, 0.000000, 0.009655, 0.057027
158, 8.646462, 0.057220, 0.027175, 0.057220, 5.469962, 3.034886, 0.014829, 0.000001, 0.000000, 0.007733, 0.056782
31, 8.645862, 0.068070, 0.070673, 0.068070, 5.415518, 3.023531, 0.015271, 0.000001, 0.000000, 0.012029, 0.057079
181, 8.645916, 0.057323, 0.701612, 0.057323, 4.856569, 2.973089, 0.005381, 0.000001, 0.000000, 0.009646, 0.056824
44, 8.646646, 0.057495, 0.053105, 0.057495, 5.430241, 3.048311, 0.005034, 0.000001, 0.000000, 0.010308, 0.056975
116, 8.646927, 0.057808, 0.090580, 0.057808, 5.386014, 3.054717, 0.008854, 0.000000, 0.000000, 0.003818, 0.057360
45, 8.646771, 0.057478, 0.382060, 0.057478, 5.193925, 2.955831, 0.005445, 0.000001, 0.000000, 0.008868, 0.056979
149, 8.646619, 0.057450, 0.131977, 0.057450, 5.367140, 3.032602, 0.005078, 0.000000, 0.000000, 0.007422, 0.056980
46, 8.646163, 0.057465, 0.078521, 0.057465, 5.436040, 3.016672, 0.004865, 0.000001, 0.000000, 0.011288, 0.056987
157, 8.645695, 0.057335, 0.080126, 0.057335, 5.424011, 3.026888, 0.025809, 0.000001, 0.000000, 0.008989, 0.056882
60, 8.646301, 0.057569, 0.073597, 0.057569, 5.436573, 3.020994, 0.004831, 0.000000, 0.000000, 0.009340, 0.057078
62, 8.646515, 0.062678, 0.054679, 0.062678, 5.403590, 3.062890, 0.015304, 0.000001, 0.000000, 0.011953, 0.057071
190, 8.647114, 0.057523, 0.130963, 0.057523, 5.369266, 3.031839, 0.005069, 0.000001, 0.000000, 0.005440, 0.057080
83, 8.646183, 0.057472, 0.595458, 0.057472, 4.995743, 2.940038, 0.005015, 0.000001, 0.000000, 0.013063, 0.057006
110, 8.646202, 0.058104, 0.207132, 0.058104, 5.311215, 3.011648, 0.005425, 0.000001, 0.000000, 0.012126, 0.057570
43, 8.645898, 0.057564, 0.256608, 0.057564, 5.258163, 3.016000, 0.010098, 0.000001, 0.000000, 0.009541, 0.057099
153, 8.646187, 0.057588, 0.905439, 0.057588, 4.665057, 2.960516, 0.010758, 0.000001, 0.000000, 0.006559, 0.057069
154, 8.646261, 0.057558, 1.053292, 0.057558, 4.561729, 2.916125, 0.010871, 0.000001, 0.000000, 0.007278, 0.057038
63, 8.646679, 0.057666, 0.250847, 0.057666, 5.266471, 3.014029, 0.004989, 0.000001, 0.000000, 0.012308, 0.057166
171, 8.646377, 0.057764, 0.794141, 0.057764, 4.664689, 3.072019, 0.005445, 0.000001, 0.000000, 0.003280, 0.057211
47, 8.646618, 0.057708, 0.320496, 0.057708, 5.257838, 2.952868, 0.005004, 0.000001, 0.000000, 0.009728, 0.057205
111, 8.646542, 0.058139, 0.254241, 0.058139, 5.280518, 2.995506, 0.009912, 0.000000, 0.000000, 0.011209, 0.057694
61, 8.647147, 0.057750, 0.389400, 0.057750, 5.169481, 2.972765, 0.004859, 0.000001, 0.000000, 0.009219, 0.057259
194, 8.646990, 0.057552, 0.036414, 0.057552, 5.452176, 3.043296, 0.004877, 0.000000, 0.000000, 0.004667, 0.057100
33, 8.645993, 0.057721, 0.200037, 0.057721, 5.308419, 3.022096, 0.005001, 0.000000, 0.000000, 0.008852, 0.057227
75, 8.646145, 0.058060, 0.227439, 0.058060, 5.233573, 3.069012, 0.004872, 0.000000, 0.000000, 0.012301, 0.057589
195, 8.646747, 0.057554, 0.064620, 0.057554, 5.431599, 3.035420, 0.004811, 0.000001, 0.000000, 0.006694, 0.057102
160, 8.647367, 0.057818, 0.335835, 0.057818, 5.211562, 2.984334, 0.015205, 0.000000, 0.000000, 0.007893, 0.057338
161, 8.646471, 0.057838, 0.949038, 0.057838, 4.626743, 2.955015, 0.011020, 0.000001, 0.000000, 0.009821, 0.057296
193, 8.646233, 0.057621, 0.389256, 0.057621, 5.143507, 2.998229, 0.005424, 0.000001, 0.000000, 0.005982, 0.057097
77, 8.653434, 0.064406, 0.287403, 0.064406, 5.277266, 2.959953, 0.005642, 0.000001, 0.000000, 0.011669, 0.063846
179, 8.646918, 0.057890, 0.068006, 0.057890, 5.462827, 3.000304, 0.012852, 0.000001, 0.000000, 0.008660, 0.057419
191, 8.646759, 0.057978, 0.225444, 0.057978, 5.281038, 3.024321, 0.004886, 0.000000, 0.000000, 0.006539, 0.057497
144, 8.647657, 0.058024, 0.042823, 0.058024, 5.468503, 3.020284, 0.004879, 0.000001, 0.000000, 0.008865, 0.057583
26, 8.653370, 0.064599, 0.176449, 0.064599, 5.325897, 3.021825, 0.004947, 0.000001, 0.000000, 0.012239, 0.064130
146, 8.647644, 0.058010, 0.075802, 0.058010, 5.428083, 3.027740, 0.004818, 0.000001, 0.000000, 0.008093, 0.057567
27, 8.653395, 0.064680, 0.244499, 0.064680, 5.319605, 2.959931, 0.005051, 0.000001, 0.000000, 0.011266, 0.064187
147, 8.647006, 0.057973, 0.037729, 0.057973, 5.471587, 3.021744, 0.004814, 0.000001, 0.000000, 0.010903, 0.057551
155, 8.646340, 0.058042, 1.028074, 0.058042, 4.577188, 2.924995, 0.005073, 0.000001, 0.000000, 0.004640, 0.057580
159, 8.647331, 0.066303, 0.607450, 0.066303, 4.935674, 2.971601, 0.013095, 0.000001, 0.000000, 0.009090, 0.057658
22, 8.653832, 0.064993, 0.089995, 0.064993, 5.420358, 3.013492, 0.004866, 0.000000, 0.000001, 0.010474, 0.064494
54, 8.653840, 0.064972, 0.104530, 0.064972, 5.414692, 3.004673, 0.004876, 0.000001, 0.000000, 0.010710, 0.064472
162, 8.653686, 0.064736, 0.823722, 0.064736, 4.731021, 2.969471, 0.012388, 0.000001, 0.000000, 0.005751, 0.064282
79, 8.654047, 0.065091, 0.263712, 0.065091, 5.301370, 2.958784, 0.005673, 0.000001, 0.000000, 0.011387, 0.064575
163, 8.654134, 0.064724, 0.057717, 0.064724, 5.457443, 3.009525, 0.004849, 0.000000, 0.000000, 0.009072, 0.064279
95, 8.654224, 0.065011, 0.673609, 0.065011, 4.996144, 2.854449, 0.004859, 0.000001, 0.000000, 0.012419, 0.064510
23, 8.654176, 0.065249, 0.462765, 0.065249, 5.199446, 2.861465, 0.004985, 0.000000, 0.000001, 0.012433, 0.064619
25, 8.654362, 0.064982, 0.536045, 0.064982, 5.118725, 2.869628, 0.004946, 0.000001, 0.000000, 0.011068, 0.064481
68, 8.653540, 0.065128, 0.079314, 0.065128, 5.405567, 3.038402, 0.008619, 0.000001, 0.000000, 0.010059, 0.064679
69, 8.653878, 0.065199, 0.250599, 0.065199, 5.305727, 2.967155, 0.004876, 0.000000, 0.000000, 0.011513, 0.064703
135, 8.653958, 0.065128, 0.231787, 0.065128, 5.305367, 2.986547, 0.004816, 0.000000, 0.000000, 0.008938, 0.064662
70, 8.653463, 0.065201, 0.218863, 0.065201, 5.305827, 2.998371, 0.004853, 0.000001, 0.000000, 0.009488, 0.064704
55, 8.654285, 0.065320, 0.405029, 0.065320, 5.215809, 2.902807, 0.005583, 0.000001, 0.000001, 0.010460, 0.064746
58, 8.653880, 0.065181, 0.173805, 0.065181, 5.311367, 3.038347, 0.010194, 0.000002, 0.000000, 0.010819, 0.064688
71, 8.653740, 0.065304, 0.274176, 0.065304, 5.271546, 2.977410, 0.004875, 0.000001, 0.000000, 0.011609, 0.064832
59, 8.654026, 0.065376, 0.292150, 0.065376, 5.282460, 2.948665, 0.004827, 0.000001, 0.000000, 0.010600, 0.064901
184, 8.653822, 0.065597, 0.521815, 0.065597, 5.039739, 2.961073, 0.005142, 0.000001, 0.000000, 0.006588, 0.065160
66, 8.653571, 0.065446, 0.145858, 0.065446, 5.360590, 3.016232, 0.004973, 0.000001, 0.000000, 0.011071, 0.064922
186, 8.653989, 0.065657, 0.361041, 0.065657, 5.156593, 3.005042, 0.005336, 0.000001, 0.000000, 0.008499, 0.065186
17, 8.654694, 0.065497, 0.372695, 0.065497, 5.233769, 2.917235, 0.004829, 0.000000, 0.000000, 0.011245, 0.065041
187, 8.654522, 0.065802, 0.056914, 0.065802, 5.427298, 3.038706, 0.004879, 0.000001, 0.000000, 0.005420, 0.065327
67, 8.654085, 0.065845, 0.108953, 0.065845, 5.382719, 3.030723, 0.004987, 0.000000, 0.000000, 0.009647, 0.065366
145, 8.655165, 0.066181, 0.220145, 0.066181, 5.271826, 3.030833, 0.004840, 0.000000, 0.000000, 0.010401, 0.065690
185, 8.655190, 0.066666, 0.452177, 0.066666, 5.098959, 2.970722, 0.005391, 0.000001, 0.000000, 0.009687, 0.066150
138, 8.654954, 0.066911, 0.180357, 0.066911, 5.326540, 3.014236, 0.005062, 0.000001, 0.000000, 0.009766, 0.066449
139, 8.655814, 0.066916, 0.061579, 0.066916, 5.456860, 3.003543, 0.004918, 0.000000, 0.000000, 0.006849, 0.066466
175, 8.656655, 0.067438, 0.034255, 0.067438, 5.475026, 3.012498, 0.004990, 0.000002, 0.000000, 0.009742, 0.066988
131, 8.656145, 0.067924, 0.250514, 0.067924, 5.241080, 3.028704, 0.005039, 0.000001, 0.000000, 0.008976, 0.067464
srun --overcommit -p batch -N 3 -n 200 ./APSP_MPI_sync testcase/v200_e20k.in v200_e20k.out 200
134, 7.527055, 0.046368, 0.944250, 0.046368, 3.973217, 2.516852, 0.006008, 0.000001, 0.000000, 0.011733, 0.045812
83, 7.527748, 0.046598, 0.085539, 0.046598, 4.759731, 2.589283, 0.004890, 0.000001, 0.000000, 0.011788, 0.046145
2, 7.527509, 0.046609, 0.131194, 0.046609, 4.687633, 2.615464, 0.004870, 0.000001, 0.000000, 0.011485, 0.046136
138, 7.527554, 0.046296, 0.298990, 0.046296, 4.551143, 2.584829, 0.004817, 0.000000, 0.000000, 0.010864, 0.045854
99, 7.527798, 0.046616, 0.061688, 0.046616, 4.769983, 2.602895, 0.004824, 0.000004, 0.000000, 0.010525, 0.046170
166, 7.527963, 0.046295, 0.365208, 0.046295, 4.481104, 2.589061, 0.010929, 0.000001, 0.000000, 0.011386, 0.045804
6, 7.526586, 0.046613, 0.089697, 0.046613, 4.764011, 2.579651, 0.004891, 0.000002, 0.000000, 0.011806, 0.046133
174, 7.527594, 0.046322, 0.087518, 0.046322, 4.758329, 2.589102, 0.004841, 0.000001, 0.000000, 0.011420, 0.045879
176, 7.528211, 0.049145, 0.227322, 0.049145, 4.588876, 2.613722, 0.008621, 0.000001, 0.000000, 0.011960, 0.045900
100, 7.527801, 0.051597, 0.056308, 0.051597, 4.709109, 2.659190, 0.009940, 0.000000, 0.000000, 0.011501, 0.046147
182, 7.527887, 0.046323, 0.149864, 0.046323, 4.718555, 2.566822, 0.004849, 0.000001, 0.000000, 0.012161, 0.045830
198, 7.527368, 0.046279, 0.184269, 0.046279, 4.718769, 2.531772, 0.005216, 0.000001, 0.000000, 0.012157, 0.045839
10, 7.527658, 0.046602, 0.290508, 0.046602, 4.614444, 2.529500, 0.006713, 0.000000, 0.000001, 0.011835, 0.046131
101, 7.527861, 0.046607, 0.158563, 0.046607, 4.696707, 2.579377, 0.004997, 0.000001, 0.000000, 0.011555, 0.046160
107, 7.527937, 0.046625, 0.358726, 0.046625, 4.514935, 2.561026, 0.004907, 0.000001, 0.000000, 0.011448, 0.046153
135, 7.527128, 0.046446, 0.565990, 0.046446, 4.320838, 2.547409, 0.005990, 0.000001, 0.000000, 0.010904, 0.045882
33, 7.528136, 0.046626, 0.574022, 0.046626, 4.343213, 2.517649, 0.005030, 0.000001, 0.000000, 0.011612, 0.046149
140, 7.527885, 0.046290, 0.063404, 0.046290, 4.771762, 2.600139, 0.004799, 0.000000, 0.000000, 0.011679, 0.045862
152, 7.528239, 0.046666, 0.975169, 0.046666, 3.970110, 2.489627, 0.005712, 0.000001, 0.000000, 0.011941, 0.046058
131, 7.527535, 0.046464, 0.953846, 0.046464, 4.030343, 2.450418, 0.006468, 0.000001, 0.000000, 0.011605, 0.045979
68, 7.527839, 0.046549, 0.070371, 0.046549, 4.756173, 2.608197, 0.004845, 0.000001, 0.000000, 0.012606, 0.046078
69, 7.527960, 0.046618, 0.137836, 0.046618, 4.724368, 2.572520, 0.005862, 0.000001, 0.000000, 0.012485, 0.046132
156, 7.527262, 0.054707, 0.296896, 0.054707, 4.577933, 2.543017, 0.028860, 0.000001, 0.000001, 0.010730, 0.045878
70, 7.527022, 0.046530, 0.591657, 0.046530, 4.259866, 2.582439, 0.004838, 0.000001, 0.000000, 0.010470, 0.046065
184, 7.527895, 0.051532, 0.097790, 0.051532, 4.759612, 2.567429, 0.009936, 0.000001, 0.000000, 0.011085, 0.046084
75, 7.527295, 0.046484, 0.124039, 0.046484, 4.734559, 2.575730, 0.004858, 0.000001, 0.000000, 0.009487, 0.046021
142, 7.527591, 0.068100, 0.069278, 0.068100, 4.788624, 2.533489, 0.026445, 0.000001, 0.000000, 0.011470, 0.046092
36, 7.528113, 0.046630, 0.060809, 0.046630, 4.716886, 2.657157, 0.004857, 0.000001, 0.000000, 0.004712, 0.046149
84, 7.527801, 0.046777, 0.057186, 0.046777, 4.729998, 2.647064, 0.005058, 0.000001, 0.000000, 0.012380, 0.046285
64, 7.527884, 0.046666, 0.132892, 0.046666, 4.730094, 2.571565, 0.004941, 0.000001, 0.000000, 0.010653, 0.046135
1, 7.528144, 0.046707, 0.204155, 0.046707, 4.628532, 2.602043, 0.010839, 0.000001, 0.000000, 0.007448, 0.046178
3, 7.527750, 0.046740, 0.410924, 0.046740, 4.533227, 2.490119, 0.005840, 0.000002, 0.000000, 0.011400, 0.046264
146, 7.527570, 0.049115, 0.121531, 0.049115, 4.746411, 2.561398, 0.013793, 0.000001, 0.000000, 0.011475, 0.046104
86, 7.527592, 0.046782, 1.022939, 0.046782, 3.875762, 2.535326, 0.006663, 0.000001, 0.000000, 0.010209, 0.046269
148, 7.527216, 0.046637, 0.255736, 0.046637, 4.576245, 2.601961, 0.005888, 0.000002, 0.000000, 0.012807, 0.046152
103, 7.527433, 0.046767, 0.950124, 0.046767, 3.967490, 2.516286, 0.005453, 0.000001, 0.000000, 0.011196, 0.046258
154, 7.528287, 0.046591, 0.499574, 0.046591, 4.411899, 2.523631, 0.005294, 0.000000, 0.000000, 0.012179, 0.046111
186, 7.527913, 0.046488, 0.066943, 0.046488, 4.786619, 2.581375, 0.004958, 0.000001, 0.000000, 0.011504, 0.046032
108, 7.528050, 0.046634, 0.072676, 0.046634, 4.741760, 2.620346, 0.010834, 0.000001, 0.000000, 0.011688, 0.046152
12, 7.528223, 0.046734, 0.121619, 0.046734, 4.690070, 2.623066, 0.004866, 0.000001, 0.000000, 0.010452, 0.046289
16, 7.528467, 0.046817, 0.102855, 0.046817, 4.714936, 2.617042, 0.005055, 0.000001, 0.000000, 0.012357, 0.046312
17, 7.528357, 0.046708, 0.155267, 0.046708, 4.678730, 2.600945, 0.005615, 0.000001, 0.000000, 0.011131, 0.046205
35, 7.527913, 0.046717, 0.380816, 0.046717, 4.546231, 2.507432, 0.005106, 0.000001, 0.000000, 0.011551, 0.046252
188, 7.527559, 0.052891, 0.172356, 0.052891, 4.712202, 2.537219, 0.011643, 0.000001, 0.000000, 0.011708, 0.046080
133, 7.528066, 0.046528, 0.470702, 0.046528, 4.465818, 2.498491, 0.004909, 0.000001, 0.000000, 0.012147, 0.046033
190, 7.528186, 0.046615, 0.251673, 0.046615, 4.612681, 2.570602, 0.007891, 0.000001, 0.000001, 0.011616, 0.046140
144, 7.528571, 0.056066, 0.142803, 0.056066, 4.756544, 2.517093, 0.029295, 0.000001, 0.000000, 0.011505, 0.046247
40, 7.527371, 0.046773, 0.089629, 0.046773, 4.733425, 2.610771, 0.004847, 0.000000, 0.000000, 0.009725, 0.046280
48, 7.528405, 0.046703, 0.459186, 0.046703, 4.526249, 2.449564, 0.004929, 0.000001, 0.000000, 0.011776, 0.046185
72, 7.527560, 0.046686, 0.904502, 0.046686, 3.969278, 2.560408, 0.004796, 0.000001, 0.000000, 0.012427, 0.046263
192, 7.528120, 0.046736, 0.137027, 0.046736, 4.714394, 2.583225, 0.004938, 0.000001, 0.000000, 0.010464, 0.046293
194, 7.528534, 0.046956, 0.238078, 0.046956, 4.620097, 2.576447, 0.015020, 0.000001, 0.000000, 0.010527, 0.046331
87, 7.527721, 0.046904, 0.936813, 0.046904, 3.973233, 2.523867, 0.006539, 0.000001, 0.000000, 0.011316, 0.046393
52, 7.528416, 0.046657, 0.105364, 0.046657, 4.746814, 2.582923, 0.005238, 0.000001, 0.000000, 0.012460, 0.046171
196, 7.527678, 0.069021, 0.105443, 0.069021, 4.757325, 2.526867, 0.027117, 0.000001, 0.000000, 0.011462, 0.046310
91, 7.528010, 0.046824, 0.067948, 0.046824, 4.771333, 2.595082, 0.004853, 0.000001, 0.000000, 0.011168, 0.046366
53, 7.528518, 0.046983, 0.213615, 0.046983, 4.674367, 2.546569, 0.006105, 0.000001, 0.000000, 0.012410, 0.046284
150, 7.528421, 0.046909, 0.099970, 0.046909, 4.737102, 2.597531, 0.005020, 0.000001, 0.000000, 0.012385, 0.046377
56, 7.527365, 0.046638, 0.072812, 0.046638, 4.755416, 2.605861, 0.004864, 0.000000, 0.000000, 0.010039, 0.046178
158, 7.528524, 0.046821, 0.350177, 0.046821, 4.512485, 2.572221, 0.005054, 0.000001, 0.000000, 0.010443, 0.046350
57, 7.527408, 0.046753, 0.219163, 0.046753, 4.644980, 2.569758, 0.004914, 0.000001, 0.000000, 0.010338, 0.046242
58, 7.528150, 0.046829, 0.096560, 0.046829, 4.716714, 2.621217, 0.005101, 0.000001, 0.000000, 0.010846, 0.046314
160, 7.528432, 0.046848, 0.400418, 0.046848, 4.476722, 2.557596, 0.005445, 0.000000, 0.000000, 0.011126, 0.046348
92, 7.528174, 0.046813, 0.227788, 0.046813, 4.627657, 2.579101, 0.004888, 0.000001, 0.000000, 0.011768, 0.046296
60, 7.528515, 0.046846, 0.056381, 0.046846, 4.784666, 2.593776, 0.005854, 0.000001, 0.000000, 0.011118, 0.046278
162, 7.528688, 0.046818, 0.850908, 0.046818, 4.041996, 2.542148, 0.005322, 0.000001, 0.000000, 0.012539, 0.046307
95, 7.527711, 0.046802, 1.085839, 0.046802, 3.845612, 2.502656, 0.005617, 0.000001, 0.000000, 0.011449, 0.046337
5, 7.528171, 0.046852, 0.317073, 0.046852, 4.528869, 2.588524, 0.004887, 0.000001, 0.000000, 0.012457, 0.046359
164, 7.527721, 0.047029, 0.189063, 0.047029, 4.665764, 2.578835, 0.009348, 0.000001, 0.000000, 0.011542, 0.046518
170, 7.528565, 0.047048, 0.360848, 0.047048, 4.542290, 2.531332, 0.014793, 0.000001, 0.000000, 0.011811, 0.046592
172, 7.527914, 0.078565, 0.149615, 0.078565, 4.726707, 2.494462, 0.036595, 0.000001, 0.000000, 0.012691, 0.046589
104, 7.527613, 0.046960, 0.699051, 0.046960, 4.161078, 2.573564, 0.005380, 0.000000, 0.000000, 0.011647, 0.046441
7, 7.527628, 0.046934, 0.224516, 0.046934, 4.629021, 2.580224, 0.004983, 0.000000, 0.000000, 0.011675, 0.046468
178, 7.528931, 0.047368, 0.175875, 0.047368, 4.702139, 2.556181, 0.005810, 0.000001, 0.000000, 0.011884, 0.046767
105, 7.527674, 0.046916, 0.996172, 0.046916, 3.955882, 2.481787, 0.005890, 0.000001, 0.000000, 0.011177, 0.046401
9, 7.527650, 0.046957, 0.342496, 0.046957, 4.539491, 2.551749, 0.004932, 0.000001, 0.000000, 0.011277, 0.046498
111, 7.527690, 0.046865, 1.005301, 0.046865, 3.947888, 2.480771, 0.006618, 0.000001, 0.000001, 0.011215, 0.046359
18, 7.528003, 0.046864, 0.229048, 0.046864, 4.648216, 2.557010, 0.006997, 0.000001, 0.000000, 0.011865, 0.046387
132, 7.528128, 0.046703, 0.061285, 0.046703, 4.747770, 2.625667, 0.004842, 0.000000, 0.000000, 0.012583, 0.046232
67, 7.528001, 0.046944, 1.104246, 0.046944, 3.919771, 2.410095, 0.005291, 0.000001, 0.000000, 0.011998, 0.046458
73, 7.527710, 0.046890, 0.080490, 0.046890, 4.741112, 2.612329, 0.011176, 0.000001, 0.000000, 0.011714, 0.046358
20, 7.528188, 0.046950, 0.072173, 0.046950, 4.761775, 2.600340, 0.005461, 0.000001, 0.000000, 0.011936, 0.046381
168, 7.529761, 0.048462, 0.235692, 0.048462, 4.651808, 2.545338, 0.004906, 0.000001, 0.000000, 0.010048, 0.047981
79, 7.527792, 0.046840, 0.721799, 0.046840, 4.139751, 2.572561, 0.005765, 0.000001, 0.000000, 0.011300, 0.046374
24, 7.527429, 0.046804, 0.125488, 0.046804, 4.664685, 2.643648, 0.004891, 0.000000, 0.000000, 0.011820, 0.046335
80, 7.528336, 0.047027, 0.084371, 0.047027, 4.709612, 2.640300, 0.004925, 0.000000, 0.000000, 0.012424, 0.046561
34, 7.528032, 0.046911, 0.204767, 0.046911, 4.718203, 2.511241, 0.004846, 0.000000, 0.000000, 0.011501, 0.046356
97, 7.528425, 0.047069, 0.158361, 0.047069, 4.721513, 2.554414, 0.004935, 0.000000, 0.000000, 0.010524, 0.046594
49, 7.528628, 0.046909, 0.180349, 0.046909, 4.688822, 2.565640, 0.004887, 0.000001, 0.000000, 0.008563, 0.046426
77, 7.528277, 0.046926, 0.089603, 0.046926, 4.766560, 2.578263, 0.010369, 0.000001, 0.000000, 0.011081, 0.046471
62, 7.527852, 0.046825, 0.138335, 0.046825, 4.733268, 2.562598, 0.004901, 0.000001, 0.000000, 0.011251, 0.046337
96, 7.528375, 0.047148, 0.078759, 0.047148, 4.745521, 2.609798, 0.005135, 0.000001, 0.000000, 0.011915, 0.046651
106, 7.528319, 0.047037, 0.060220, 0.047037, 4.661220, 2.712806, 0.004877, 0.000001, 0.000000, 0.011600, 0.046602
63, 7.527860, 0.046896, 0.294982, 0.046896, 4.628485, 2.510602, 0.010686, 0.000001, 0.000000, 0.011420, 0.046353
65, 7.527501, 0.046892, 0.818781, 0.046892, 4.142705, 2.472231, 0.004985, 0.000001, 0.000000, 0.010833, 0.046400
66, 7.527993, 0.046956, 0.086958, 0.046956, 4.766369, 2.580755, 0.004902, 0.000001, 0.000000, 0.010859, 0.046432
180, 7.529383, 0.048796, 0.652432, 0.048796, 4.209334, 2.570025, 0.011223, 0.000001, 0.000000, 0.009603, 0.048182
109, 7.528620, 0.047118, 0.505184, 0.047118, 4.377185, 2.552014, 0.004972, 0.000001, 0.000000, 0.008140, 0.046661
110, 7.527967, 0.047129, 1.012859, 0.047129, 3.877270, 2.543579, 0.006794, 0.000001, 0.000000, 0.012341, 0.046630
14, 7.527850, 0.047059, 0.095347, 0.047059, 4.748888, 2.589497, 0.004884, 0.000000, 0.000000, 0.011342, 0.046564
112, 7.528831, 0.047152, 0.124492, 0.047152, 4.698907, 2.611129, 0.004927, 0.000000, 0.000000, 0.011285, 0.046712
21, 7.528760, 0.047084, 0.681533, 0.047084, 4.302938, 2.450121, 0.004852, 0.000001, 0.000000, 0.012434, 0.046609
22, 7.527901, 0.047144, 0.129828, 0.047144, 4.679685, 2.624099, 0.010226, 0.000002, 0.000000, 0.011834, 0.046617
115, 7.528724, 0.047247, 0.058695, 0.047247, 4.792860, 2.582676, 0.004823, 0.000001, 0.000000, 0.011312, 0.046795
119, 7.528264, 0.047269, 0.071876, 0.047269, 4.773514, 2.588337, 0.005045, 0.000001, 0.000000, 0.010748, 0.046767
23, 7.527996, 0.047142, 0.306463, 0.047142, 4.566850, 2.560399, 0.005284, 0.000000, 0.000000, 0.011377, 0.046644
26, 7.527954, 0.047088, 0.063090, 0.047088, 4.802904, 2.567784, 0.004910, 0.000000, 0.000000, 0.011114, 0.046418
123, 7.528565, 0.047282, 0.155660, 0.047282, 4.722320, 2.556021, 0.004913, 0.000001, 0.000000, 0.011131, 0.046762
124, 7.528786, 0.047294, 1.136581, 0.047294, 3.872893, 2.424725, 0.004946, 0.000001, 0.000000, 0.012062, 0.046789
27, 7.528234, 0.046928, 0.239911, 0.046928, 4.661888, 2.532579, 0.004840, 0.000001, 0.000000, 0.010608, 0.046452
28, 7.528367, 0.046896, 0.070132, 0.046896, 4.720916, 2.643526, 0.005066, 0.000001, 0.000000, 0.011490, 0.046402
30, 7.527860, 0.046880, 0.091368, 0.046880, 4.746062, 2.596668, 0.005037, 0.000000, 0.000000, 0.011940, 0.046411
125, 7.528801, 0.047280, 0.303090, 0.047280, 4.591521, 2.539630, 0.004820, 0.000002, 0.000000, 0.012168, 0.046808
31, 7.527961, 0.046969, 0.107271, 0.046969, 4.750153, 2.576600, 0.004932, 0.000001, 0.000000, 0.009922, 0.046514
126, 7.528240, 0.047269, 0.252900, 0.047269, 4.611497, 2.569304, 0.019688, 0.000000, 0.000000, 0.011736, 0.046758
44, 7.528605, 0.046979, 0.145847, 0.046979, 4.660459, 2.628341, 0.005232, 0.000001, 0.000000, 0.010780, 0.046526
81, 7.528565, 0.047337, 0.103113, 0.047337, 4.770540, 2.560237, 0.004847, 0.000000, 0.000000, 0.008895, 0.046847
93, 7.528706, 0.047295, 0.362101, 0.047295, 4.502957, 2.569058, 0.004857, 0.000001, 0.000000, 0.011381, 0.046822
54, 7.528038, 0.046960, 0.157770, 0.046960, 4.718920, 2.557429, 0.005261, 0.000001, 0.000000, 0.011369, 0.046476
116, 7.529005, 0.047399, 0.236772, 0.047399, 4.595051, 2.602385, 0.005634, 0.000001, 0.000000, 0.012379, 0.046859
55, 7.528046, 0.046986, 0.249888, 0.046986, 4.628724, 2.555462, 0.006392, 0.000000, 0.000000, 0.011464, 0.046503
61, 7.528839, 0.047124, 0.245779, 0.047124, 4.673532, 2.515281, 0.006897, 0.000001, 0.000000, 0.012432, 0.046626
121, 7.528017, 0.047374, 0.673949, 0.047374, 4.192688, 2.566630, 0.005330, 0.000001, 0.000001, 0.010569, 0.046896
0, 7.528737, 0.047243, 0.131365, 0.047243, 4.702931, 2.599955, 0.004831, 0.000001, 0.000000, 0.011992, 0.046785
127, 7.528344, 0.047433, 0.729295, 0.047433, 4.173567, 2.530616, 0.006611, 0.000001, 0.000000, 0.011311, 0.046894
8, 7.526959, 0.046642, 0.124663, 0.046642, 4.687744, 2.621267, 0.004867, 0.000001, 0.000000, 0.012046, 0.046169
129, 7.528842, 0.047196, 0.103520, 0.047196, 4.788165, 2.542764, 0.004964, 0.000001, 0.000000, 0.011550, 0.046703
11, 7.528216, 0.047137, 0.458878, 0.047137, 4.465221, 2.509844, 0.005906, 0.000001, 0.000000, 0.011804, 0.046687
13, 7.528685, 0.047239, 0.075658, 0.047239, 4.746320, 2.612230, 0.004936, 0.000001, 0.000000, 0.010806, 0.046765
25, 7.527758, 0.047137, 0.252664, 0.047137, 4.590007, 2.590813, 0.004846, 0.000001, 0.000000, 0.011194, 0.046672
130, 7.528120, 0.048061, 0.697768, 0.048061, 4.158679, 2.575551, 0.005547, 0.000001, 0.000000, 0.010914, 0.046705
82, 7.528346, 0.047452, 1.073185, 0.047452, 3.859001, 2.501256, 0.005219, 0.000001, 0.000000, 0.011806, 0.046986
46, 7.528015, 0.047040, 0.070556, 0.047040, 4.730411, 2.632967, 0.005034, 0.000001, 0.000000, 0.010397, 0.046563
89, 7.527949, 0.047423, 0.279656, 0.047423, 4.569752, 2.583695, 0.004897, 0.000002, 0.000000, 0.011005, 0.046966
47, 7.528087, 0.047155, 0.128029, 0.047155, 4.742996, 2.562751, 0.005244, 0.000001, 0.000000, 0.012406, 0.046652
122, 7.528502, 0.047387, 0.075625, 0.047387, 4.737626, 2.620478, 0.005129, 0.000000, 0.000000, 0.010731, 0.046958
59, 7.528550, 0.047233, 0.129785, 0.047233, 4.715930, 2.588368, 0.004867, 0.000000, 0.000001, 0.011202, 0.046722
15, 7.527755, 0.047334, 0.365027, 0.047334, 4.498550, 2.569511, 0.004948, 0.000001, 0.000000, 0.011902, 0.046840
78, 7.527965, 0.052314, 0.087530, 0.052314, 4.709556, 2.626251, 0.009857, 0.000001, 0.000000, 0.010470, 0.046827
117, 7.528875, 0.047529, 0.077064, 0.047529, 4.771243, 2.585510, 0.004841, 0.000001, 0.000000, 0.012025, 0.047048
42, 7.528561, 0.047314, 0.265471, 0.047314, 4.646756, 2.521706, 0.004965, 0.000001, 0.000000, 0.010876, 0.046825
120, 7.528078, 0.048246, 0.089573, 0.048246, 4.730112, 2.611901, 0.005328, 0.000001, 0.000000, 0.011107, 0.047097
94, 7.528449, 0.047542, 0.981368, 0.047542, 3.929213, 2.522784, 0.005519, 0.000001, 0.000000, 0.011871, 0.047065
118, 7.528612, 0.047606, 0.946416, 0.047606, 3.915974, 2.571009, 0.005178, 0.000000, 0.000000, 0.010993, 0.047119
50, 7.528475, 0.047267, 0.071387, 0.047267, 4.727661, 2.634892, 0.004844, 0.000000, 0.000000, 0.010949, 0.046774
51, 7.528836, 0.047339, 0.078912, 0.047339, 4.726715, 2.628531, 0.009118, 0.000000, 0.000000, 0.009750, 0.046826
74, 7.528335, 0.047521, 0.812808, 0.047521, 4.076559, 2.543925, 0.004987, 0.000000, 0.000000, 0.011892, 0.047033
29, 7.528830, 0.047350, 0.143166, 0.047350, 4.682960, 2.608005, 0.005042, 0.000001, 0.000000, 0.010745, 0.046866
41, 7.528083, 0.047400, 0.146663, 0.047400, 4.727753, 2.558866, 0.004879, 0.000000, 0.000000, 0.011533, 0.046894
43, 7.528825, 0.047455, 0.134547, 0.047455, 4.677624, 2.621744, 0.005090, 0.000001, 0.000000, 0.011479, 0.046984
113, 7.530105, 0.048919, 0.118309, 0.048919, 4.751203, 2.562756, 0.004870, 0.000001, 0.000000, 0.011950, 0.048443
128, 7.530462, 0.048810, 0.068314, 0.048810, 4.739983, 2.624545, 0.004835, 0.000001, 0.000000, 0.012397, 0.048329
98, 7.530253, 0.049110, 0.066454, 0.049110, 4.750123, 2.615456, 0.004835, 0.000001, 0.000000, 0.011175, 0.048630
45, 7.529051, 0.047470, 0.184682, 0.047470, 4.620967, 2.628462, 0.004813, 0.000001, 0.000000, 0.011171, 0.047007
76, 7.530226, 0.049032, 0.058146, 0.049032, 4.694709, 2.679308, 0.005070, 0.000001, 0.000000, 0.011081, 0.048548
71, 7.529956, 0.049185, 0.884211, 0.049185, 4.037320, 2.510055, 0.005400, 0.000001, 0.000000, 0.011452, 0.048705
114, 7.531147, 0.049730, 0.453442, 0.049730, 4.398497, 2.579748, 0.004968, 0.000001, 0.000000, 0.011170, 0.049205
88, 7.531142, 0.050598, 0.100971, 0.050598, 4.729625, 2.599351, 0.004838, 0.000001, 0.000000, 0.011794, 0.050147
38, 7.531230, 0.050488, 0.141165, 0.050488, 4.722973, 2.566116, 0.004830, 0.000001, 0.000000, 0.007843, 0.050036
39, 7.531243, 0.050529, 0.295132, 0.050529, 4.559094, 2.575960, 0.005064, 0.000001, 0.000000, 0.010872, 0.050053
19, 7.531905, 0.050792, 0.457593, 0.050792, 4.451824, 2.520903, 0.004915, 0.000001, 0.000000, 0.010923, 0.050296
85, 7.532310, 0.050853, 0.367271, 0.050853, 4.498384, 2.564949, 0.004877, 0.000001, 0.000000, 0.011629, 0.050378
4, 7.531899, 0.050829, 0.175124, 0.050829, 4.689093, 2.566023, 0.004874, 0.000001, 0.000000, 0.012334, 0.050316
37, 7.532412, 0.050920, 0.111291, 0.050920, 4.742225, 2.577057, 0.010012, 0.000001, 0.000000, 0.010448, 0.050430
102, 7.527325, 0.046607, 0.099868, 0.046607, 4.710470, 2.623773, 0.005438, 0.000001, 0.000000, 0.011649, 0.046142
32, 7.532300, 0.051100, 0.321966, 0.051100, 4.638424, 2.469709, 0.005041, 0.000000, 0.000000, 0.011653, 0.050594
90, 7.532458, 0.051378, 0.057044, 0.051378, 4.722339, 2.650319, 0.004958, 0.000001, 0.000000, 0.010502, 0.050892
183, 7.534540, 0.054025, 0.873591, 0.054025, 4.021041, 2.531858, 0.006098, 0.000001, 0.000000, 0.010948, 0.053076
195, 7.534817, 0.053572, 0.086702, 0.053572, 4.791610, 2.549361, 0.004871, 0.000001, 0.000000, 0.010922, 0.053090
143, 7.534630, 0.056266, 1.037588, 0.056266, 3.872036, 2.512474, 0.008675, 0.000001, 0.000000, 0.011553, 0.053141
151, 7.534704, 0.053679, 0.108397, 0.053679, 4.733124, 2.585825, 0.005099, 0.000001, 0.000000, 0.013213, 0.053172
163, 7.534669, 0.053534, 0.093381, 0.053534, 4.773490, 2.560730, 0.004840, 0.000001, 0.000000, 0.011206, 0.053059
175, 7.534515, 0.071831, 0.267214, 0.071831, 4.589521, 2.534117, 0.027908, 0.000001, 0.000000, 0.011088, 0.053143
179, 7.534671, 0.053588, 0.216850, 0.053588, 4.662723, 2.547923, 0.004852, 0.000001, 0.000000, 0.011537, 0.053158
191, 7.534553, 0.065938, 0.144896, 0.065938, 4.725398, 2.532384, 0.029621, 0.000002, 0.000000, 0.008088, 0.053158
199, 7.534898, 0.053641, 0.065138, 0.053641, 4.779782, 2.582697, 0.004921, 0.000001, 0.000000, 0.011205, 0.053194
155, 7.534683, 0.053947, 0.413399, 0.053947, 4.450868, 2.562522, 0.014928, 0.000001, 0.000000, 0.010073, 0.053360
187, 7.534706, 0.085359, 0.071634, 0.085359, 4.795892, 2.496462, 0.036441, 0.000001, 0.000000, 0.007436, 0.053326
159, 7.534942, 0.053974, 0.084057, 0.053974, 4.762954, 2.579982, 0.004867, 0.000000, 0.000000, 0.011865, 0.053396
147, 7.535036, 0.053950, 0.255418, 0.053950, 4.619084, 2.552634, 0.004870, 0.000001, 0.000000, 0.011244, 0.053467
139, 7.535253, 0.054017, 0.277595, 0.054017, 4.613275, 2.536348, 0.004842, 0.000001, 0.000000, 0.011549, 0.053553
171, 7.534768, 0.054138, 0.951484, 0.054138, 3.970141, 2.504866, 0.006265, 0.000001, 0.000000, 0.011254, 0.053550
161, 7.536236, 0.054659, 0.077595, 0.054659, 4.770214, 2.579108, 0.010047, 0.000000, 0.000000, 0.008567, 0.054158
177, 7.536006, 0.054697, 0.550195, 0.054697, 4.345865, 2.530552, 0.004880, 0.000000, 0.000000, 0.010910, 0.054219
193, 7.536359, 0.054790, 1.014251, 0.054790, 3.888592, 2.523936, 0.006044, 0.000001, 0.000000, 0.007838, 0.054210
197, 7.536096, 0.054689, 0.306498, 0.054689, 4.574245, 2.545974, 0.004936, 0.000001, 0.000000, 0.010394, 0.054164
153, 7.536071, 0.054691, 0.480438, 0.054691, 4.391921, 2.554331, 0.004857, 0.000001, 0.000000, 0.010473, 0.054197
169, 7.535898, 0.054676, 0.078182, 0.054676, 4.783759, 2.564606, 0.009600, 0.000001, 0.000000, 0.009555, 0.054204
173, 7.535588, 0.076804, 0.093610, 0.076804, 4.768144, 2.520226, 0.027065, 0.000001, 0.000000, 0.011785, 0.054152
185, 7.535787, 0.054688, 0.064456, 0.054688, 4.788889, 2.573066, 0.004840, 0.000000, 0.000000, 0.011083, 0.054237
189, 7.536060, 0.054692, 0.307861, 0.054692, 4.577493, 2.541323, 0.004891, 0.000000, 0.000000, 0.011248, 0.054199
136, 7.535761, 0.072098, 0.143558, 0.072098, 4.715293, 2.532713, 0.022099, 0.000002, 0.000000, 0.011172, 0.054394
167, 7.535910, 0.054764, 0.102290, 0.054764, 4.765731, 2.558361, 0.004845, 0.000001, 0.000000, 0.010376, 0.054305
137, 7.535780, 0.063226, 0.506753, 0.063226, 4.359791, 2.542784, 0.021921, 0.000001, 0.000000, 0.011984, 0.054413
157, 7.536426, 0.054817, 0.096875, 0.054817, 4.760636, 2.569281, 0.005662, 0.000001, 0.000000, 0.011732, 0.054372
181, 7.536076, 0.054892, 0.133589, 0.054892, 4.726092, 2.566612, 0.005094, 0.000001, 0.000000, 0.010471, 0.054362
141, 7.536654, 0.054941, 0.850117, 0.054941, 4.053179, 2.523476, 0.005322, 0.000000, 0.000000, 0.010010, 0.054498
149, 7.536328, 0.054879, 0.432512, 0.054879, 4.449610, 2.544447, 0.004834, 0.000001, 0.000000, 0.011834, 0.054429
145, 7.536426, 0.055071, 0.267978, 0.055071, 4.605677, 2.552628, 0.004842, 0.000000, 0.000000, 0.010848, 0.054581
165, 7.536829, 0.055285, 0.263169, 0.055285, 4.574360, 2.588730, 0.004866, 0.000001, 0.000000, 0.012098, 0.054802
srun --overcommit -p batch -N 4 -n 200 ./APSP_MPI_sync testcase/v200_e20k.in v200_e20k.out 200
153, 6.318772, 0.052569, 0.088515, 0.052569, 3.915733, 2.209385, 0.004967, 0.000001, 0.000000, 0.011952, 0.052129
166, 6.317987, 0.052578, 0.098631, 0.052578, 3.916460, 2.197740, 0.004874, 0.000001, 0.000000, 0.010329, 0.052128
113, 6.318324, 0.052581, 0.106492, 0.052581, 3.947078, 2.159592, 0.004814, 0.000001, 0.000000, 0.003041, 0.052135
58, 6.318503, 0.052635, 0.067992, 0.052635, 3.914552, 2.230689, 0.005003, 0.000001, 0.000000, 0.014486, 0.052130
8, 6.318318, 0.052559, 0.079783, 0.052559, 3.950367, 2.183051, 0.004905, 0.000000, 0.000000, 0.013692, 0.052130
62, 6.319226, 0.052572, 0.781828, 0.052572, 3.279354, 2.152902, 0.005438, 0.000001, 0.000000, 0.014909, 0.052113
132, 6.318333, 0.052579, 0.140407, 0.052579, 3.872466, 2.200301, 0.005025, 0.000000, 0.000000, 0.004059, 0.052118
136, 6.318314, 0.052536, 0.119566, 0.052536, 3.878148, 2.215530, 0.004823, 0.000001, 0.000000, 0.012307, 0.052080
170, 6.318467, 0.053946, 0.082807, 0.053946, 3.965065, 2.162703, 0.005009, 0.000001, 0.000000, 0.004638, 0.052196
9, 6.318319, 0.052622, 0.180797, 0.052622, 3.885748, 2.146531, 0.004961, 0.000001, 0.000000, 0.013223, 0.052157
182, 6.318414, 0.052640, 0.063629, 0.052640, 3.966879, 2.182625, 0.004835, 0.000001, 0.000000, 0.009923, 0.052184
63, 6.319226, 0.052663, 0.849045, 0.052663, 3.272604, 2.092252, 0.005428, 0.000001, 0.000000, 0.014870, 0.052146
183, 6.319064, 0.052616, 0.469152, 0.052616, 3.557300, 2.187381, 0.005181, 0.000001, 0.000000, 0.005968, 0.052158
138, 6.318911, 0.052571, 0.063378, 0.052571, 3.918951, 2.231441, 0.004974, 0.000000, 0.000001, 0.012773, 0.052089
82, 6.318795, 0.052634, 0.246641, 0.052634, 3.710691, 2.256195, 0.004910, 0.000001, 0.000000, 0.013887, 0.052151
194, 6.318476, 0.052638, 0.150158, 0.052638, 3.866443, 2.196599, 0.004879, 0.000001, 0.000000, 0.003971, 0.052189
148, 6.318182, 0.058006, 0.051322, 0.058006, 4.016330, 2.134519, 0.012281, 0.000001, 0.000000, 0.012029, 0.052139
149, 6.319210, 0.052652, 0.632731, 0.052652, 3.435211, 2.145964, 0.005050, 0.000000, 0.000000, 0.005059, 0.052160
198, 6.318321, 0.057111, 0.114070, 0.057111, 3.912705, 2.177324, 0.009420, 0.000001, 0.000000, 0.009972, 0.052178
10, 6.318877, 0.052622, 0.069216, 0.052622, 3.930446, 2.213972, 0.004899, 0.000000, 0.000000, 0.013098, 0.052118
13, 6.317721, 0.052874, 0.072543, 0.052874, 3.983073, 2.156358, 0.010675, 0.000001, 0.000000, 0.013029, 0.052187
158, 6.318267, 0.052745, 0.088641, 0.052745, 3.924458, 2.199678, 0.006966, 0.000000, 0.000000, 0.010213, 0.052312
100, 6.318671, 0.052680, 0.294093, 0.052680, 3.756022, 2.163196, 0.005204, 0.000001, 0.000000, 0.003999, 0.052191
96, 6.318656, 0.052634, 0.069885, 0.052634, 3.942105, 2.201398, 0.004984, 0.000001, 0.000000, 0.013363, 0.052175
167, 6.319027, 0.052554, 0.089593, 0.052554, 3.927904, 2.196422, 0.019655, 0.000001, 0.000000, 0.004630, 0.052122
101, 6.318775, 0.052791, 0.068637, 0.052791, 3.982217, 2.162339, 0.005248, 0.000001, 0.000000, 0.003561, 0.052312
50, 6.319047, 0.052655, 0.295661, 0.052655, 3.750977, 2.167099, 0.005904, 0.000001, 0.000000, 0.014792, 0.052146
188, 6.318636, 0.052636, 0.062008, 0.052636, 3.955903, 2.195453, 0.004853, 0.000000, 0.000000, 0.009976, 0.052171
108, 6.318269, 0.052727, 0.075733, 0.052727, 3.914203, 2.222880, 0.005407, 0.000001, 0.000000, 0.014026, 0.052172
52, 6.318765, 0.052718, 0.073184, 0.052718, 3.881915, 2.258230, 0.005084, 0.000000, 0.000000, 0.015198, 0.052288
24, 6.318032, 0.052658, 0.174010, 0.052658, 3.905058, 2.133647, 0.005163, 0.000000, 0.000001, 0.011914, 0.052140
33, 6.318612, 0.052701, 0.274787, 0.052701, 3.741012, 2.197412, 0.004849, 0.000000, 0.000000, 0.011218, 0.052204
40, 6.318170, 0.052635, 0.129870, 0.052635, 3.896447, 2.186583, 0.004850, 0.000000, 0.000001, 0.010005, 0.052156
112, 6.318513, 0.052605, 0.090127, 0.052605, 3.910889, 2.212286, 0.005165, 0.000001, 0.000000, 0.013356, 0.052120
192, 6.318632, 0.052669, 0.051857, 0.052669, 3.953032, 2.208406, 0.015958, 0.000002, 0.000000, 0.009455, 0.052203
133, 6.318513, 0.052718, 0.064602, 0.052718, 3.960342, 2.188132, 0.009669, 0.000001, 0.000000, 0.012608, 0.052218
54, 6.318926, 0.052850, 0.529516, 0.052850, 3.528914, 2.154796, 0.005430, 0.000001, 0.000000, 0.015663, 0.052200
196, 6.318726, 0.052732, 0.184186, 0.052732, 3.882440, 2.146635, 0.004847, 0.000000, 0.000000, 0.004532, 0.052294
102, 6.319389, 0.058200, 0.033834, 0.058200, 3.979051, 2.190103, 0.010647, 0.000001, 0.000000, 0.005170, 0.052290
74, 6.319172, 0.052758, 0.625341, 0.052758, 3.411861, 2.176454, 0.006105, 0.000001, 0.000001, 0.013471, 0.052229
49, 6.318269, 0.052713, 0.515836, 0.052713, 3.594113, 2.102895, 0.005241, 0.000001, 0.000000, 0.009317, 0.052173
83, 6.318922, 0.052771, 0.141020, 0.052771, 3.898205, 2.174156, 0.004840, 0.000001, 0.000000, 0.013889, 0.052299
104, 6.318522, 0.052752, 0.533943, 0.052752, 3.531295, 2.147780, 0.004884, 0.000000, 0.000001, 0.006312, 0.052288
1, 6.318693, 0.052737, 0.441484, 0.052737, 3.604057, 2.167678, 0.005124, 0.000001, 0.000000, 0.013324, 0.052249
90, 6.319101, 0.052647, 0.681097, 0.052647, 3.349153, 2.183557, 0.005848, 0.000000, 0.000000, 0.013328, 0.052167
159, 6.319280, 0.052837, 0.374323, 0.052837, 3.691410, 2.147873, 0.004907, 0.000001, 0.000000, 0.006419, 0.052343
106, 6.319317, 0.052775, 0.152180, 0.052775, 3.861054, 2.200534, 0.004938, 0.000001, 0.000000, 0.004026, 0.052306
4, 6.318573, 0.052654, 0.103714, 0.052654, 3.938194, 2.171357, 0.004822, 0.000001, 0.000000, 0.013243, 0.052200
95, 6.319345, 0.052871, 0.837696, 0.052871, 3.285673, 2.090233, 0.006207, 0.000000, 0.000000, 0.014561, 0.052303
160, 6.318460, 0.052756, 0.071376, 0.052756, 3.942266, 2.199306, 0.005042, 0.000000, 0.000000, 0.009986, 0.052312
97, 6.318774, 0.052810, 0.071486, 0.052810, 3.975871, 2.165797, 0.004898, 0.000001, 0.000000, 0.013430, 0.052297
98, 6.319340, 0.052703, 0.340245, 0.052703, 3.685425, 2.188264, 0.004804, 0.000001, 0.000000, 0.013602, 0.052274
5, 6.318699, 0.052832, 0.163237, 0.052832, 3.890076, 2.159722, 0.005052, 0.000000, 0.000000, 0.013187, 0.052325
6, 6.319168, 0.052778, 0.101769, 0.052778, 3.962032, 2.149810, 0.004960, 0.000001, 0.000000, 0.014451, 0.052285
7, 6.319205, 0.052836, 0.227405, 0.052836, 3.869805, 2.116323, 0.010398, 0.000001, 0.000000, 0.013893, 0.052347
56, 6.318495, 0.052853, 0.046272, 0.052853, 3.899922, 2.266594, 0.004945, 0.000001, 0.000000, 0.015197, 0.052356
161, 6.319360, 0.052877, 0.699362, 0.052877, 3.339515, 2.174729, 0.005062, 0.000001, 0.000000, 0.007149, 0.052277
107, 6.319308, 0.052815, 0.070831, 0.052815, 3.957150, 2.185698, 0.010756, 0.000001, 0.000000, 0.013214, 0.052324
57, 6.318666, 0.052914, 0.055142, 0.052914, 3.980958, 2.176737, 0.004981, 0.000000, 0.000000, 0.015164, 0.052396
162, 6.318785, 0.052814, 0.574643, 0.052814, 3.495822, 2.142692, 0.005062, 0.000001, 0.000000, 0.007731, 0.052354
60, 6.318571, 0.052804, 0.063492, 0.052804, 3.900547, 2.248925, 0.004941, 0.000001, 0.000000, 0.015081, 0.052371
66, 6.319460, 0.052826, 0.403377, 0.052826, 3.622665, 2.187766, 0.007055, 0.000000, 0.000000, 0.013850, 0.052365
20, 6.318327, 0.052790, 0.094875, 0.052790, 3.843694, 2.274178, 0.005302, 0.000000, 0.000000, 0.012253, 0.052179
174, 6.318293, 0.052776, 0.065564, 0.052776, 3.975332, 2.171844, 0.004854, 0.000001, 0.000000, 0.009932, 0.052366
114, 6.319400, 0.052730, 0.197765, 0.052730, 3.845155, 2.171019, 0.006993, 0.000001, 0.000000, 0.004801, 0.052261
21, 6.318328, 0.052693, 0.228297, 0.052693, 3.778486, 2.206159, 0.004917, 0.000001, 0.000000, 0.012004, 0.052209
84, 6.318723, 0.052858, 0.060469, 0.052858, 3.969175, 2.183362, 0.004844, 0.000001, 0.000000, 0.013631, 0.052408
189, 6.319399, 0.052806, 0.777683, 0.052806, 3.286266, 2.149839, 0.004940, 0.000000, 0.000000, 0.007853, 0.052324
137, 6.318535, 0.052783, 0.298660, 0.052783, 3.756218, 2.158092, 0.012601, 0.000001, 0.000000, 0.005901, 0.052293
22, 6.319027, 0.052760, 0.263625, 0.052760, 3.812576, 2.137306, 0.004816, 0.000001, 0.000000, 0.012898, 0.052291
91, 6.319093, 0.052912, 0.290176, 0.052912, 3.783959, 2.139133, 0.004896, 0.000001, 0.000000, 0.013265, 0.052403
190, 6.318829, 0.052840, 0.284266, 0.052840, 3.740526, 2.188356, 0.004909, 0.000001, 0.000000, 0.003985, 0.052405
109, 6.318921, 0.052982, 0.523827, 0.052982, 3.552102, 2.137028, 0.004902, 0.000001, 0.000000, 0.005781, 0.052474
140, 6.318102, 0.052812, 0.078573, 0.052812, 3.957033, 2.176873, 0.004847, 0.000001, 0.000000, 0.003475, 0.052341
59, 6.319382, 0.053453, 0.345532, 0.053453, 3.721721, 2.145222, 0.011023, 0.000001, 0.000000, 0.014470, 0.052478
191, 6.319234, 0.052775, 0.049367, 0.052775, 3.955899, 2.208418, 0.004823, 0.000000, 0.000000, 0.010698, 0.052349
68, 6.318945, 0.052899, 0.081968, 0.052899, 3.913337, 2.217843, 0.004811, 0.000001, 0.000000, 0.014652, 0.052479
197, 6.319366, 0.052829, 0.875689, 0.052829, 3.208642, 2.129378, 0.005056, 0.000000, 0.000000, 0.008571, 0.052300
28, 6.318421, 0.052735, 0.075753, 0.052735, 3.884521, 2.252677, 0.004799, 0.000001, 0.000000, 0.012545, 0.052299
168, 6.318975, 0.053009, 0.350064, 0.053009, 3.686653, 2.176240, 0.004830, 0.000001, 0.000000, 0.004539, 0.052563
29, 6.318418, 0.052771, 0.133560, 0.052771, 3.924605, 2.154712, 0.004837, 0.000001, 0.000000, 0.011674, 0.052302
69, 6.318967, 0.052990, 0.054226, 0.052990, 3.918932, 2.239829, 0.004952, 0.000001, 0.000000, 0.014490, 0.052534
150, 6.318664, 0.063030, 0.069088, 0.063030, 3.979092, 2.144424, 0.014945, 0.000001, 0.000000, 0.011853, 0.052535
105, 6.319002, 0.052944, 0.683129, 0.052944, 3.428146, 2.101839, 0.004916, 0.000001, 0.000000, 0.007737, 0.052473
30, 6.319161, 0.052789, 0.430262, 0.052789, 3.603817, 2.179502, 0.005939, 0.000001, 0.000000, 0.012184, 0.052293
154, 6.318982, 0.053015, 0.266622, 0.053015, 3.786400, 2.159930, 0.004855, 0.000000, 0.000000, 0.004590, 0.052555
144, 6.318797, 0.053036, 0.283345, 0.053036, 3.741341, 2.188039, 0.006550, 0.000000, 0.000000, 0.003776, 0.052573
36, 6.318569, 0.052762, 0.117557, 0.052762, 3.879213, 2.216275, 0.009908, 0.000001, 0.000000, 0.011168, 0.052281
86, 6.319193, 0.052945, 0.207545, 0.052945, 3.823249, 2.182507, 0.004889, 0.000000, 0.000001, 0.014748, 0.052430
16, 6.318792, 0.052959, 0.114202, 0.052959, 3.866861, 2.231810, 0.004869, 0.000001, 0.000000, 0.012579, 0.052506
17, 6.318689, 0.052883, 0.184713, 0.052883, 3.851075, 2.177135, 0.004840, 0.000000, 0.000000, 0.012532, 0.052422
155, 6.319131, 0.052937, 0.217442, 0.052937, 3.801839, 2.193976, 0.004833, 0.000001, 0.000000, 0.004447, 0.052506
18, 6.318948, 0.052893, 0.180322, 0.052893, 3.864515, 2.168325, 0.004986, 0.000000, 0.000000, 0.012437, 0.052363
99, 6.319605, 0.053046, 0.139484, 0.053046, 3.967664, 2.106366, 0.005020, 0.000001, 0.000000, 0.013586, 0.052545
163, 6.319593, 0.053058, 0.686575, 0.053058, 3.376609, 2.150292, 0.004967, 0.000001, 0.000000, 0.009073, 0.052568
61, 6.318767, 0.053051, 0.056542, 0.053051, 3.989437, 2.166687, 0.004867, 0.000000, 0.000000, 0.014212, 0.052580
23, 6.319251, 0.052888, 0.267060, 0.052888, 3.840002, 2.106413, 0.005065, 0.000000, 0.000000, 0.012644, 0.052406
25, 6.318739, 0.052935, 0.282218, 0.052935, 3.803905, 2.126746, 0.004849, 0.000001, 0.000000, 0.011866, 0.052466
171, 6.319456, 0.053018, 0.357505, 0.053018, 3.664393, 2.191521, 0.004852, 0.000000, 0.000000, 0.004466, 0.052573
145, 6.319189, 0.053056, 0.046541, 0.053056, 3.991750, 2.174786, 0.005365, 0.000000, 0.000000, 0.003534, 0.052541
26, 6.318903, 0.052961, 0.079717, 0.052961, 3.967493, 2.165771, 0.009522, 0.000001, 0.000000, 0.011310, 0.052419
64, 6.319061, 0.053046, 0.046844, 0.053046, 3.962840, 2.203286, 0.004995, 0.000000, 0.000000, 0.014006, 0.052595
175, 6.319581, 0.053051, 0.790759, 0.053051, 3.318576, 2.104143, 0.004967, 0.000001, 0.000000, 0.009571, 0.052580
103, 6.319491, 0.053061, 0.269959, 0.053061, 3.772501, 2.170908, 0.004842, 0.000000, 0.000000, 0.005837, 0.052584
27, 6.319511, 0.052944, 0.190630, 0.052944, 3.910763, 2.112231, 0.005105, 0.000001, 0.000000, 0.011129, 0.052450
134, 6.319492, 0.053072, 0.049042, 0.053072, 3.811346, 2.352960, 0.005099, 0.000000, 0.000000, 0.013356, 0.052608
135, 6.319540, 0.053063, 0.337390, 0.053063, 3.736252, 2.139771, 0.004975, 0.000000, 0.000000, 0.006232, 0.052632
31, 6.319531, 0.053009, 0.150461, 0.053009, 3.935006, 2.128046, 0.004901, 0.000001, 0.000000, 0.012029, 0.052514
85, 6.319065, 0.053064, 0.065253, 0.053064, 3.953194, 2.194489, 0.004837, 0.000001, 0.000000, 0.013597, 0.052625
88, 6.318879, 0.052996, 0.055721, 0.052996, 3.929590, 2.227575, 0.004824, 0.000001, 0.000000, 0.013912, 0.052538
55, 6.319720, 0.053205, 0.863039, 0.053205, 3.247953, 2.102319, 0.006066, 0.000001, 0.000000, 0.015655, 0.052689
199, 6.319614, 0.053066, 0.266421, 0.053066, 3.765572, 2.181490, 0.010210, 0.000001, 0.000000, 0.010529, 0.052585
32, 6.318817, 0.052832, 0.052577, 0.052832, 3.926488, 2.234087, 0.004884, 0.000001, 0.000000, 0.011218, 0.052382
156, 6.318584, 0.053043, 0.089904, 0.053043, 3.983339, 2.139254, 0.004891, 0.000000, 0.000001, 0.005013, 0.052597
34, 6.319430, 0.052908, 0.128763, 0.052908, 3.976602, 2.108248, 0.005230, 0.000001, 0.000000, 0.011153, 0.052383
67, 6.319699, 0.053139, 0.855009, 0.053139, 3.229680, 2.128731, 0.006048, 0.000000, 0.000001, 0.013754, 0.052636
157, 6.319393, 0.053108, 0.623320, 0.053108, 3.473370, 2.116486, 0.004839, 0.000001, 0.000000, 0.007522, 0.052658
75, 6.319563, 0.057141, 0.085755, 0.057141, 3.945014, 2.174511, 0.008925, 0.000002, 0.000000, 0.013455, 0.052643
37, 6.318907, 0.053071, 0.165191, 0.053071, 3.900079, 2.147496, 0.005650, 0.000001, 0.000000, 0.010555, 0.052490
76, 6.318834, 0.053157, 0.063000, 0.053157, 3.949003, 2.200517, 0.004871, 0.000001, 0.000000, 0.013645, 0.052660
142, 6.319580, 0.053174, 0.042799, 0.053174, 3.940291, 2.230142, 0.005376, 0.000001, 0.000000, 0.014560, 0.052629
169, 6.319385, 0.053069, 0.092685, 0.053069, 3.922927, 2.197635, 0.005095, 0.000001, 0.000000, 0.008455, 0.052605
143, 6.319704, 0.053143, 0.136753, 0.053143, 3.918729, 2.157936, 0.005154, 0.000000, 0.000000, 0.013871, 0.052595
152, 6.319117, 0.053133, 0.206698, 0.053133, 3.843379, 2.162773, 0.005075, 0.000001, 0.000000, 0.003543, 0.052694
146, 6.318888, 0.053201, 0.314078, 0.053201, 3.754654, 2.143753, 0.009868, 0.000000, 0.000000, 0.003425, 0.052753
41, 6.318445, 0.052899, 0.138276, 0.052899, 3.865024, 2.209347, 0.004832, 0.000000, 0.000000, 0.009700, 0.052438
77, 6.318835, 0.053120, 0.053716, 0.053120, 3.903660, 2.255219, 0.004863, 0.000001, 0.000000, 0.013689, 0.052665
147, 6.319626, 0.053250, 0.049720, 0.053250, 3.985797, 2.177609, 0.005243, 0.000001, 0.000000, 0.012643, 0.052753
42, 6.319141, 0.052856, 0.111946, 0.052856, 3.867652, 2.233831, 0.010109, 0.000000, 0.000000, 0.009664, 0.052395
89, 6.319090, 0.053247, 0.143045, 0.053247, 3.909551, 2.159999, 0.005111, 0.000000, 0.000000, 0.013907, 0.052761
176, 6.319048, 0.053260, 0.065145, 0.053260, 3.955431, 2.191951, 0.009071, 0.000001, 0.000000, 0.004352, 0.052776
43, 6.319149, 0.052870, 0.319924, 0.052870, 3.765774, 2.127712, 0.004847, 0.000001, 0.000000, 0.009597, 0.052407
186, 6.319223, 0.053237, 0.409685, 0.053237, 3.620375, 2.182689, 0.004825, 0.000001, 0.000000, 0.003815, 0.052796
110, 6.319736, 0.053284, 0.053142, 0.053284, 3.918037, 2.241989, 0.004888, 0.000001, 0.000000, 0.012796, 0.052829
187, 6.319675, 0.053272, 0.804855, 0.053272, 3.243726, 2.164550, 0.004862, 0.000000, 0.000000, 0.008309, 0.052783
111, 6.319955, 0.053366, 0.176058, 0.053366, 3.864293, 2.172871, 0.004855, 0.000000, 0.000000, 0.005785, 0.052924
116, 6.319455, 0.053443, 0.546081, 0.053443, 3.470327, 2.196161, 0.005128, 0.000001, 0.000000, 0.004603, 0.052929
92, 6.319008, 0.053198, 0.056190, 0.053198, 3.928247, 2.228174, 0.007958, 0.000002, 0.000000, 0.013758, 0.052739
177, 6.319388, 0.053193, 0.204332, 0.053193, 3.807268, 2.201403, 0.004934, 0.000001, 0.000000, 0.003699, 0.052765
117, 6.319471, 0.053457, 0.060757, 0.053457, 3.956644, 2.195156, 0.005434, 0.000001, 0.000000, 0.013365, 0.053013
0, 6.318600, 0.052640, 0.056600, 0.052640, 3.966070, 2.190651, 0.004887, 0.000001, 0.000000, 0.015184, 0.052172
93, 6.319125, 0.053384, 0.107595, 0.053384, 3.989866, 2.114896, 0.005226, 0.000000, 0.000000, 0.013535, 0.052869
165, 6.319825, 0.053382, 0.215976, 0.053382, 3.810431, 2.186654, 0.005115, 0.000001, 0.000000, 0.003806, 0.052930
122, 6.319744, 0.053473, 0.098975, 0.053473, 3.928993, 2.184829, 0.008046, 0.000002, 0.000000, 0.013645, 0.052984
2, 6.319393, 0.052952, 0.060726, 0.052952, 3.968026, 2.184736, 0.004905, 0.000001, 0.000000, 0.011918, 0.052492
164, 6.319119, 0.053407, 0.126725, 0.053407, 3.911146, 2.174434, 0.011125, 0.000000, 0.000000, 0.004079, 0.052936
3, 6.319440, 0.055905, 0.064443, 0.055905, 4.035815, 2.107371, 0.007819, 0.000001, 0.000000, 0.012860, 0.052543
87, 6.319799, 0.053377, 0.765975, 0.053377, 3.366965, 2.080103, 0.006237, 0.000000, 0.000001, 0.014271, 0.052885
184, 6.319619, 0.053628, 0.499987, 0.053628, 3.543525, 2.168849, 0.006350, 0.000000, 0.000001, 0.004892, 0.053164
65, 6.319447, 0.053443, 0.412635, 0.053443, 3.637384, 2.162541, 0.005110, 0.000000, 0.000000, 0.013989, 0.052994
51, 6.320102, 0.053564, 0.856545, 0.053564, 3.282015, 2.074414, 0.005555, 0.000001, 0.000000, 0.014733, 0.053049
14, 6.319631, 0.053051, 0.112278, 0.053051, 3.917845, 2.183406, 0.004964, 0.000001, 0.000000, 0.013965, 0.052569
185, 6.320103, 0.053660, 0.702867, 0.053660, 3.320010, 2.189907, 0.004862, 0.000001, 0.000000, 0.005017, 0.053169
126, 6.320040, 0.053319, 0.202211, 0.053319, 3.779100, 2.232091, 0.005036, 0.000001, 0.000000, 0.014379, 0.052878
15, 6.319642, 0.053132, 0.261354, 0.053132, 3.840128, 2.111896, 0.004917, 0.000001, 0.000000, 0.013774, 0.052607
127, 6.320041, 0.053622, 0.108169, 0.053622, 3.915976, 2.188653, 0.005099, 0.000000, 0.000000, 0.014371, 0.052998
121, 6.319523, 0.053580, 0.187945, 0.053580, 3.892574, 2.131844, 0.005020, 0.000000, 0.000000, 0.005249, 0.053073
19, 6.319060, 0.052948, 0.321135, 0.052948, 3.674347, 2.217682, 0.009586, 0.000000, 0.000000, 0.012384, 0.052498
38, 6.319125, 0.052984, 0.109004, 0.052984, 3.903890, 2.200264, 0.008865, 0.000001, 0.000000, 0.010897, 0.052529
193, 6.321311, 0.054746, 0.663298, 0.054746, 3.349207, 2.199314, 0.004875, 0.000001, 0.000000, 0.003603, 0.054279
123, 6.319537, 0.053596, 0.425856, 0.053596, 3.614149, 2.172341, 0.004883, 0.000001, 0.000000, 0.004152, 0.053062
39, 6.319149, 0.053056, 0.216070, 0.053056, 3.809770, 2.187197, 0.004871, 0.000001, 0.000000, 0.010994, 0.052572
53, 6.320714, 0.054719, 0.445362, 0.054719, 3.691227, 2.074687, 0.005026, 0.000001, 0.000000, 0.015211, 0.054278
120, 6.319596, 0.053744, 0.410882, 0.053744, 3.598823, 2.202403, 0.005096, 0.000000, 0.000000, 0.004271, 0.053037
139, 6.319869, 0.053550, 0.069255, 0.053550, 3.907293, 2.236222, 0.004881, 0.000000, 0.000000, 0.012357, 0.053057
128, 6.319547, 0.053708, 0.144905, 0.053708, 3.874768, 2.192458, 0.005078, 0.000000, 0.000000, 0.003671, 0.053219
44, 6.318878, 0.053060, 0.072288, 0.053060, 3.938706, 2.201765, 0.004856, 0.000001, 0.000000, 0.009997, 0.052567
131, 6.320113, 0.054169, 0.064958, 0.054169, 3.979677, 2.167139, 0.005507, 0.000001, 0.000000, 0.012829, 0.053334
45, 6.318885, 0.053126, 0.163215, 0.053126, 3.890361, 2.159058, 0.004867, 0.000000, 0.000000, 0.009800, 0.052598
48, 6.318672, 0.053149, 0.057727, 0.053149, 3.927008, 2.227639, 0.004884, 0.000001, 0.000000, 0.010591, 0.052624
129, 6.319691, 0.053868, 0.620026, 0.053868, 3.431838, 2.160092, 0.004871, 0.000001, 0.000000, 0.004705, 0.053370
130, 6.320151, 0.053880, 0.064866, 0.053880, 3.954431, 2.193094, 0.005343, 0.000001, 0.000000, 0.003001, 0.053376
125, 6.319716, 0.053902, 0.676988, 0.053902, 3.395099, 2.139824, 0.004853, 0.000001, 0.000000, 0.007587, 0.053444
12, 6.318400, 0.055979, 0.156104, 0.055979, 3.877481, 2.172857, 0.007898, 0.000000, 0.000000, 0.014531, 0.052742
35, 6.319745, 0.053172, 0.276071, 0.053172, 3.806371, 2.130958, 0.017866, 0.000001, 0.000000, 0.010748, 0.052697
151, 6.321485, 0.054943, 0.640420, 0.054943, 3.451364, 2.119816, 0.004872, 0.000000, 0.000000, 0.007107, 0.054447
46, 6.319735, 0.053141, 0.148392, 0.053141, 3.850674, 2.214387, 0.004848, 0.000001, 0.000000, 0.010377, 0.052702
70, 6.321236, 0.054935, 0.659537, 0.054935, 3.382660, 2.169169, 0.005877, 0.000001, 0.000000, 0.014760, 0.054438
124, 6.319952, 0.054098, 0.272452, 0.054098, 3.752979, 2.186324, 0.005195, 0.000000, 0.000001, 0.004762, 0.053675
47, 6.319745, 0.053248, 0.227670, 0.053248, 3.810242, 2.175338, 0.014994, 0.000001, 0.000000, 0.010438, 0.052706
71, 6.321357, 0.054915, 0.809848, 0.054915, 3.258925, 2.142754, 0.005831, 0.000001, 0.000000, 0.014440, 0.054465
73, 6.320772, 0.054976, 0.173368, 0.054976, 3.906253, 2.131199, 0.004878, 0.000001, 0.000000, 0.013788, 0.054473
115, 6.321289, 0.054948, 0.052930, 0.054948, 3.992292, 2.166171, 0.005549, 0.000000, 0.000000, 0.003471, 0.054438
94, 6.321618, 0.052683, 0.763885, 0.052683, 3.313484, 2.138882, 0.006320, 0.000001, 0.000000, 0.013763, 0.052188
178, 6.321049, 0.055266, 0.089086, 0.055266, 3.947642, 2.173790, 0.005138, 0.000001, 0.000000, 0.003865, 0.054753
118, 6.321608, 0.055069, 0.038970, 0.055069, 3.971406, 2.201094, 0.005179, 0.000000, 0.000000, 0.014490, 0.054590
179, 6.321364, 0.055223, 0.049254, 0.055223, 3.969461, 2.192203, 0.005185, 0.000000, 0.000000, 0.010767, 0.054754
180, 6.321187, 0.055323, 0.092910, 0.055323, 3.916141, 2.201491, 0.009934, 0.000001, 0.000000, 0.010153, 0.054887
119, 6.321781, 0.055092, 0.377402, 0.055092, 3.679666, 2.154530, 0.004830, 0.000000, 0.000000, 0.006670, 0.054640
11, 6.321626, 0.055395, 0.460817, 0.055395, 3.639071, 2.110948, 0.005149, 0.000001, 0.000000, 0.012410, 0.054872
78, 6.322035, 0.055436, 0.327487, 0.055436, 3.708662, 2.175014, 0.004880, 0.000000, 0.000000, 0.014842, 0.054965
181, 6.321789, 0.055341, 0.274529, 0.055341, 3.757221, 2.179357, 0.004903, 0.000000, 0.000000, 0.009384, 0.054859
79, 6.322033, 0.055453, 0.877177, 0.055453, 3.252863, 2.081088, 0.006042, 0.000001, 0.000000, 0.014718, 0.054969
72, 6.321427, 0.055576, 0.057501, 0.055576, 3.931397, 2.221376, 0.005221, 0.000001, 0.000000, 0.013810, 0.055076
141, 6.320914, 0.055849, 0.069476, 0.055849, 3.988643, 2.151098, 0.004863, 0.000001, 0.000000, 0.005149, 0.055225
80, 6.321592, 0.055714, 0.163000, 0.055714, 3.847382, 2.199782, 0.004873, 0.000001, 0.000000, 0.013615, 0.055270
81, 6.321898, 0.055968, 0.113430, 0.055968, 3.940518, 2.156014, 0.004896, 0.000001, 0.000000, 0.013503, 0.055458
195, 6.324844, 0.058425, 0.618971, 0.058425, 3.418996, 2.170026, 0.004930, 0.000000, 0.000000, 0.005856, 0.057904
172, 6.324114, 0.058380, 0.050835, 0.058380, 3.973819, 2.182700, 0.004807, 0.000000, 0.000000, 0.009973, 0.057944
173, 6.324825, 0.058535, 0.653976, 0.058535, 3.363914, 2.189866, 0.005014, 0.000001, 0.000000, 0.003062, 0.058093
